TN:
SF:Application\DTOs\LeadDTO.js
FN:3,CreateRequestLeadDTO
FN:22,from
FN:27,ImportLeadFromCSVDTO
FN:41,fromCSVRow
FN:45,fromCSVArray
FNF:5
FNH:0
FNDA:0,CreateRequestLeadDTO
FNDA:0,from
FNDA:0,ImportLeadFromCSVDTO
FNDA:0,fromCSVRow
FNDA:0,fromCSVArray
DA:1,1
DA:2,1
DA:3,1
DA:4,0
DA:5,0
DA:6,0
DA:7,0
DA:8,0
DA:9,0
DA:10,0
DA:11,0
DA:12,0
DA:13,0
DA:14,0
DA:15,0
DA:16,0
DA:17,0
DA:18,0
DA:19,0
DA:20,0
DA:21,0
DA:22,1
DA:23,0
DA:24,0
DA:25,1
DA:26,1
DA:27,1
DA:28,0
DA:29,0
DA:30,0
DA:31,0
DA:32,0
DA:33,0
DA:34,0
DA:35,0
DA:36,0
DA:37,0
DA:38,0
DA:39,0
DA:40,1
DA:41,1
DA:42,0
DA:43,0
DA:44,1
DA:45,1
DA:46,0
DA:47,0
DA:48,1
DA:49,1
LF:49
LH:13
BRF:0
BRH:0
end_of_record
TN:
SF:Application\DTOs\OrderDTO.js
FN:3,OrderDetailRequestDTO
FN:15,OrderRequestDTO
FN:30,fromRequest
FN:37,OrderDetailResponseDTO
FN:53,fromEntity
FN:57,fromEntities
FN:63,OrderResponseDTO
FN:85,fromEntity
FN:89,fromEntities
FNF:9
FNH:0
FNDA:0,OrderDetailRequestDTO
FNDA:0,OrderRequestDTO
FNDA:0,fromRequest
FNDA:0,OrderDetailResponseDTO
FNDA:0,fromEntity
FNDA:0,fromEntities
FNDA:0,OrderResponseDTO
FNDA:0,fromEntity
FNDA:0,fromEntities
DA:1,1
DA:2,1
DA:3,1
DA:4,0
DA:5,0
DA:6,0
DA:7,0
DA:8,0
DA:9,0
DA:10,0
DA:11,0
DA:12,1
DA:13,1
DA:14,1
DA:15,1
DA:16,0
DA:17,0
DA:18,0
DA:19,0
DA:20,0
DA:21,0
DA:22,0
DA:23,0
DA:24,0
DA:25,0
DA:26,0
DA:27,0
DA:28,0
DA:29,1
DA:30,1
DA:31,0
DA:32,0
DA:33,1
DA:34,1
DA:35,1
DA:36,1
DA:37,1
DA:38,0
DA:39,0
DA:40,0
DA:41,0
DA:42,0
DA:43,0
DA:44,0
DA:45,0
DA:46,0
DA:47,0
DA:48,0
DA:49,0
DA:50,0
DA:51,0
DA:52,1
DA:53,1
DA:54,0
DA:55,0
DA:56,1
DA:57,1
DA:58,0
DA:59,0
DA:60,1
DA:61,1
DA:62,1
DA:63,1
DA:64,0
DA:65,0
DA:66,0
DA:67,0
DA:68,0
DA:69,0
DA:70,0
DA:71,0
DA:72,0
DA:73,0
DA:74,0
DA:75,0
DA:76,0
DA:77,0
DA:78,0
DA:79,0
DA:80,0
DA:81,0
DA:82,0
DA:83,0
DA:84,1
DA:85,1
DA:86,0
DA:87,0
DA:88,1
DA:89,1
DA:90,0
DA:91,0
DA:92,1
DA:93,1
DA:94,1
DA:95,1
DA:96,1
DA:97,1
DA:98,1
DA:99,1
LF:99
LH:34
BRF:0
BRH:0
end_of_record
TN:
SF:Application\DTOs\ProductRequest.js
FN:2,CreateProductRequestDTO
FN:40,UpdateProductRequestDTO
FN:81,ImportCSVRequestDTO
FNF:3
FNH:3
FNDA:5,CreateProductRequestDTO
FNDA:2,UpdateProductRequestDTO
FNDA:3,ImportCSVRequestDTO
DA:1,1
DA:2,1
DA:3,5
DA:4,5
DA:5,5
DA:6,5
DA:7,5
DA:8,5
DA:9,5
DA:10,5
DA:11,5
DA:12,5
DA:13,5
DA:14,5
DA:15,5
DA:16,5
DA:17,5
DA:18,5
DA:19,5
DA:20,5
DA:21,5
DA:22,5
DA:23,5
DA:24,5
DA:25,5
DA:26,5
DA:27,5
DA:28,5
DA:29,5
DA:30,5
DA:31,5
DA:32,5
DA:33,5
DA:34,5
DA:35,5
DA:36,5
DA:37,1
DA:38,1
DA:39,1
DA:40,1
DA:41,2
DA:42,2
DA:43,2
DA:44,2
DA:45,2
DA:46,2
DA:47,2
DA:48,2
DA:49,2
DA:50,2
DA:51,2
DA:52,2
DA:53,2
DA:54,2
DA:55,2
DA:56,2
DA:57,2
DA:58,2
DA:59,2
DA:60,2
DA:61,2
DA:62,2
DA:63,2
DA:64,2
DA:65,2
DA:66,2
DA:67,2
DA:68,2
DA:69,2
DA:70,2
DA:71,2
DA:72,2
DA:73,2
DA:74,2
DA:75,2
DA:76,2
DA:77,1
DA:78,1
DA:79,1
DA:80,1
DA:81,1
DA:82,3
DA:83,3
DA:84,3
DA:85,1
DA:86,1
DA:87,1
DA:88,1
DA:89,1
DA:90,1
DA:91,1
LF:91
LH:91
BRDA:2,0,0,5
BRDA:40,1,0,2
BRDA:81,2,0,3
BRF:3
BRH:3
end_of_record
TN:
SF:Application\DTOs\ProductResponse.js
FN:2,ProductResponseDTO
FN:26,ProductListResponseDTO
FN:48,fromEntities
FN:54,ProductImportResponseDTO
FNF:4
FNH:4
FNDA:3,ProductResponseDTO
FNDA:2,ProductListResponseDTO
FNDA:1,fromEntities
FNDA:1,ProductImportResponseDTO
DA:1,1
DA:2,1
DA:3,3
DA:4,3
DA:5,3
DA:6,3
DA:7,3
DA:8,3
DA:9,3
DA:10,3
DA:11,3
DA:12,3
DA:13,3
DA:14,3
DA:15,3
DA:16,3
DA:17,3
DA:18,3
DA:19,3
DA:20,3
DA:21,3
DA:22,3
DA:23,1
DA:24,1
DA:25,1
DA:26,1
DA:27,2
DA:28,2
DA:29,2
DA:30,2
DA:31,2
DA:32,2
DA:33,2
DA:34,2
DA:35,2
DA:36,2
DA:37,2
DA:38,2
DA:39,2
DA:40,2
DA:41,2
DA:42,2
DA:43,2
DA:44,2
DA:45,2
DA:46,2
DA:47,1
DA:48,1
DA:49,1
DA:50,1
DA:51,1
DA:52,1
DA:53,1
DA:54,1
DA:55,1
DA:56,1
DA:57,1
DA:58,1
DA:59,1
DA:60,1
DA:61,1
DA:62,1
DA:63,1
DA:64,1
DA:65,1
DA:66,1
LF:66
LH:66
BRDA:2,0,0,3
BRDA:26,1,0,2
BRDA:48,2,0,1
BRDA:49,3,0,2
BRDA:54,4,0,1
BRF:5
BRH:5
end_of_record
TN:
SF:Application\DTOs\RoleDTO.js
FN:5,RoleDTO
FN:13,fromEntity
FNF:2
FNH:0
FNDA:0,RoleDTO
FNDA:0,fromEntity
DA:1,1
DA:2,1
DA:3,1
DA:4,1
DA:5,1
DA:6,0
DA:7,0
DA:8,0
DA:9,0
DA:10,0
DA:11,0
DA:12,1
DA:13,1
DA:14,0
DA:15,0
DA:16,0
DA:17,0
DA:18,0
DA:19,0
DA:20,0
DA:21,0
DA:22,1
DA:23,1
DA:24,1
LF:24
LH:10
BRF:0
BRH:0
end_of_record
TN:
SF:Application\DTOs\UserDTO.js
FN:2,UserDTO
FN:16,fromEntity
FNF:2
FNH:0
FNDA:0,UserDTO
FNDA:0,fromEntity
DA:1,1
DA:2,1
DA:3,0
DA:4,0
DA:5,0
DA:6,0
DA:7,0
DA:8,0
DA:9,0
DA:10,0
DA:11,0
DA:12,0
DA:13,0
DA:14,0
DA:15,1
DA:16,1
DA:17,0
DA:18,0
DA:19,0
DA:20,0
DA:21,0
DA:22,0
DA:23,0
DA:24,0
DA:25,0
DA:26,0
DA:27,0
DA:28,0
DA:29,0
DA:30,0
DA:31,1
DA:32,1
DA:33,1
LF:33
LH:7
BRF:0
BRH:0
end_of_record
TN:
SF:Application\Services\AutomationActionTypeService.js
FN:4,AutomationActionTypeService
FN:9,create
FN:29,upsert
FN:45,get
FN:51,list
FN:55,update
FN:61,setActive
FN:67,remove
FNF:8
FNH:8
FNDA:17,AutomationActionTypeService
FNDA:4,create
FNDA:3,upsert
FNDA:2,get
FNDA:1,list
FNDA:2,update
FNDA:2,setActive
FNDA:2,remove
DA:1,1
DA:2,1
DA:3,1
DA:4,1
DA:5,17
DA:6,17
DA:7,17
DA:8,1
DA:9,1
DA:10,4
DA:11,4
DA:12,3
DA:13,3
DA:14,4
DA:15,2
DA:16,2
DA:17,2
DA:18,2
DA:19,4
DA:20,4
DA:21,4
DA:22,4
DA:23,4
DA:24,4
DA:25,4
DA:26,4
DA:27,4
DA:28,1
DA:29,1
DA:30,3
DA:31,3
DA:32,2
DA:33,2
DA:34,2
DA:35,2
DA:36,3
DA:37,3
DA:38,3
DA:39,3
DA:40,3
DA:41,3
DA:42,3
DA:43,3
DA:44,1
DA:45,1
DA:46,2
DA:47,2
DA:48,1
DA:49,1
DA:50,1
DA:51,1
DA:52,1
DA:53,1
DA:54,1
DA:55,1
DA:56,2
DA:57,2
DA:58,1
DA:59,1
DA:60,1
DA:61,1
DA:62,2
DA:63,2
DA:64,1
DA:65,1
DA:66,1
DA:67,1
DA:68,2
DA:69,2
DA:70,1
DA:71,1
DA:72,1
DA:73,1
DA:74,1
LF:74
LH:74
BRDA:4,0,0,17
BRDA:9,1,0,4
BRDA:10,2,0,1
BRDA:10,3,0,3
BRDA:11,4,0,1
BRDA:11,5,0,3
BRDA:14,6,0,1
BRDA:14,7,0,2
BRDA:19,8,0,1
BRDA:20,9,0,1
BRDA:21,10,0,1
BRDA:21,11,0,1
BRDA:22,12,0,1
BRDA:23,13,0,1
BRDA:29,14,0,3
BRDA:30,15,0,1
BRDA:30,16,0,2
BRDA:31,17,0,1
BRDA:31,18,0,2
BRDA:36,19,0,1
BRDA:37,20,0,1
BRDA:38,21,0,1
BRDA:38,22,0,1
BRDA:39,23,0,1
BRDA:40,24,0,1
BRDA:45,25,0,2
BRDA:47,26,0,1
BRDA:51,27,0,1
BRDA:55,28,0,2
BRDA:57,29,0,1
BRDA:61,30,0,2
BRDA:63,31,0,1
BRDA:67,32,0,2
BRDA:69,33,0,1
BRF:34
BRH:34
end_of_record
TN:
SF:Application\Services\AutomationEventTypeService.js
FN:4,AutomationEventTypeService
FN:9,create
FN:27,upsert
FN:41,get
FN:47,list
FN:51,update
FN:57,setActive
FN:63,remove
FNF:8
FNH:8
FNDA:17,AutomationEventTypeService
FNDA:4,create
FNDA:3,upsert
FNDA:2,get
FNDA:1,list
FNDA:2,update
FNDA:2,setActive
FNDA:2,remove
DA:1,1
DA:2,1
DA:3,1
DA:4,1
DA:5,17
DA:6,17
DA:7,17
DA:8,1
DA:9,1
DA:10,4
DA:11,4
DA:12,3
DA:13,3
DA:14,4
DA:15,2
DA:16,2
DA:17,2
DA:18,2
DA:19,4
DA:20,4
DA:21,4
DA:22,4
DA:23,4
DA:24,4
DA:25,4
DA:26,1
DA:27,1
DA:28,3
DA:29,3
DA:30,2
DA:31,2
DA:32,2
DA:33,2
DA:34,3
DA:35,3
DA:36,3
DA:37,3
DA:38,3
DA:39,3
DA:40,1
DA:41,1
DA:42,2
DA:43,2
DA:44,1
DA:45,1
DA:46,1
DA:47,1
DA:48,1
DA:49,1
DA:50,1
DA:51,1
DA:52,2
DA:53,2
DA:54,1
DA:55,1
DA:56,1
DA:57,1
DA:58,2
DA:59,2
DA:60,1
DA:61,1
DA:62,1
DA:63,1
DA:64,2
DA:65,2
DA:66,1
DA:67,1
DA:68,1
DA:69,1
DA:70,1
LF:70
LH:70
BRDA:4,0,0,17
BRDA:9,1,0,4
BRDA:10,2,0,1
BRDA:10,3,0,3
BRDA:11,4,0,1
BRDA:11,5,0,3
BRDA:14,6,0,1
BRDA:14,7,0,2
BRDA:19,8,0,1
BRDA:20,9,0,1
BRDA:21,10,0,1
BRDA:27,11,0,3
BRDA:28,12,0,1
BRDA:28,13,0,2
BRDA:29,14,0,1
BRDA:29,15,0,2
BRDA:34,16,0,1
BRDA:35,17,0,1
BRDA:36,18,0,1
BRDA:41,19,0,2
BRDA:43,20,0,1
BRDA:47,21,0,1
BRDA:51,22,0,2
BRDA:53,23,0,1
BRDA:57,24,0,2
BRDA:59,25,0,1
BRDA:63,26,0,2
BRDA:65,27,0,1
BRF:28
BRH:28
end_of_record
TN:
SF:Application\Services\AutomationFlowService.js
FN:11,AutomationFlowService
FN:16,createFlow
FN:90,saveEditor
FN:223,getFlowDetail
FN:240,getAllflow
FN:267,publishFlow
FN:322,_pickFlowPayload
FN:343,_buildTriggerForSchema
FN:490,_buildActionForSchema
FN:642,getFlow
FN:648,listFlows
FN:652,updateFlow
FN:658,deleteFlow
FN:662,setEnabled
FN:667,setStatusActive
FNF:15
FNH:15
FNDA:1,AutomationFlowService
FNDA:3,createFlow
FNDA:4,saveEditor
FNDA:2,getFlowDetail
FNDA:2,getAllflow
FNDA:6,publishFlow
FNDA:2,_pickFlowPayload
FNDA:1,_buildTriggerForSchema
FNDA:1,_buildActionForSchema
FNDA:4,getFlow
FNDA:1,listFlows
FNDA:2,updateFlow
FNDA:1,deleteFlow
FNDA:2,setEnabled
FNDA:7,setStatusActive
DA:1,1
DA:2,1
DA:3,1
DA:4,1
DA:5,1
DA:6,1
DA:7,1
DA:8,1
DA:9,1
DA:10,1
DA:11,1
DA:12,1
DA:13,1
DA:14,1
DA:15,1
DA:16,1
DA:17,3
DA:18,3
DA:19,3
DA:20,3
DA:21,3
DA:22,3
DA:23,3
DA:24,3
DA:25,3
DA:26,3
DA:27,1
DA:28,1
DA:29,2
DA:30,2
DA:31,2
DA:32,2
DA:33,2
DA:34,2
DA:35,2
DA:36,0
DA:37,0
DA:38,2
DA:39,2
DA:40,2
DA:41,2
DA:42,2
DA:43,2
DA:44,2
DA:45,2
DA:46,2
DA:47,2
DA:48,2
DA:49,2
DA:50,2
DA:51,2
DA:52,1
DA:53,1
DA:54,1
DA:55,0
DA:56,0
DA:57,1
DA:58,1
DA:59,1
DA:60,1
DA:61,2
DA:62,2
DA:63,2
DA:64,1
DA:65,1
DA:66,1
DA:67,1
DA:68,1
DA:69,1
DA:70,1
DA:71,1
DA:72,1
DA:73,1
DA:74,1
DA:75,1
DA:76,1
DA:77,0
DA:78,0
DA:79,1
DA:80,1
DA:81,1
DA:82,1
DA:83,2
DA:84,2
DA:85,2
DA:86,3
DA:87,1
DA:88,1
DA:89,3
DA:90,1
DA:91,4
DA:92,4
DA:93,4
DA:94,0
DA:95,0
DA:96,0
DA:97,0
DA:98,0
DA:99,4
DA:100,4
DA:101,4
DA:102,4
DA:103,4
DA:104,1
DA:105,1
DA:106,1
DA:107,1
DA:108,1
DA:109,3
DA:110,3
DA:111,3
DA:112,3
DA:113,3
DA:114,3
DA:115,1
DA:116,1
DA:117,2
DA:118,2
DA:119,2
DA:120,3
DA:121,3
DA:122,3
DA:123,3
DA:124,2
DA:125,2
DA:126,3
DA:127,1
DA:128,1
DA:129,2
DA:130,2
DA:131,3
DA:132,0
DA:133,0
DA:134,3
DA:135,0
DA:136,0
DA:137,2
DA:138,2
DA:139,2
DA:140,2
DA:141,2
DA:142,3
DA:143,1
DA:144,1
DA:145,1
DA:146,1
DA:147,1
DA:148,1
DA:149,1
DA:150,1
DA:151,1
DA:152,1
DA:153,0
DA:154,1
DA:155,1
DA:156,1
DA:157,1
DA:158,1
DA:159,1
DA:160,1
DA:161,1
DA:162,1
DA:163,1
DA:164,1
DA:165,2
DA:166,2
DA:167,2
DA:168,2
DA:169,3
DA:170,1
DA:171,1
DA:172,0
DA:173,1
DA:174,1
DA:175,1
DA:176,1
DA:177,1
DA:178,1
DA:179,1
DA:180,1
DA:181,0
DA:182,0
DA:183,1
DA:184,1
DA:185,1
DA:186,1
DA:187,1
DA:188,1
DA:189,1
DA:190,1
DA:191,1
DA:192,1
DA:193,1
DA:194,1
DA:195,1
DA:196,1
DA:197,1
DA:198,1
DA:199,0
DA:200,1
DA:201,1
DA:202,1
DA:203,1
DA:204,1
DA:205,1
DA:206,1
DA:207,1
DA:208,1
DA:209,2
DA:210,2
DA:211,2
DA:212,2
DA:213,2
DA:214,2
DA:215,3
DA:216,2
DA:217,2
DA:218,4
DA:219,1
DA:220,1
DA:221,1
DA:222,4
DA:223,1
DA:224,2
DA:225,2
DA:226,2
DA:227,2
DA:228,0
DA:229,0
DA:230,1
DA:231,1
DA:232,1
DA:233,1
DA:234,1
DA:235,1
DA:236,1
DA:237,1
DA:238,1
DA:239,2
DA:240,1
DA:241,2
DA:242,2
DA:243,2
DA:244,2
DA:245,1
DA:246,1
DA:247,1
DA:248,1
DA:249,1
DA:250,1
DA:251,1
DA:252,1
DA:253,1
DA:254,1
DA:255,1
DA:256,1
DA:257,1
DA:258,1
DA:259,1
DA:260,1
DA:261,1
DA:262,2
DA:263,0
DA:264,0
DA:265,2
DA:266,1
DA:267,1
DA:268,6
DA:269,6
DA:270,6
DA:271,6
DA:272,1
DA:273,1
DA:274,6
DA:275,3
DA:276,3
DA:277,2
DA:278,2
DA:279,2
DA:280,2
DA:281,2
DA:282,2
DA:283,2
DA:284,6
DA:285,0
DA:286,0
DA:287,6
DA:288,0
DA:289,0
DA:290,2
DA:291,2
DA:292,2
DA:293,6
DA:294,6
DA:295,0
DA:296,0
DA:297,2
DA:298,2
DA:299,6
DA:300,1
DA:301,1
DA:302,1
DA:303,1
DA:304,1
DA:305,1
DA:306,1
DA:307,1
DA:308,1
DA:309,1
DA:310,6
DA:311,0
DA:312,0
DA:313,0
DA:314,0
DA:315,0
DA:316,1
DA:317,1
DA:318,6
DA:319,4
DA:320,4
DA:321,6
DA:322,1
DA:323,2
DA:324,2
DA:325,2
DA:326,2
DA:327,2
DA:328,2
DA:329,2
DA:330,2
DA:331,2
DA:332,2
DA:333,2
DA:334,2
DA:335,16
DA:336,16
DA:337,2
DA:338,2
DA:339,2
DA:340,2
DA:341,2
DA:342,2
DA:343,1
DA:344,1
DA:345,1
DA:346,1
DA:347,1
DA:348,1
DA:349,1
DA:350,1
DA:351,1
DA:352,1
DA:353,1
DA:354,1
DA:355,1
DA:356,1
DA:357,1
DA:358,1
DA:359,0
DA:360,0
DA:361,0
DA:362,0
DA:363,0
DA:364,0
DA:365,0
DA:366,0
DA:367,0
DA:368,0
DA:369,0
DA:370,0
DA:371,0
DA:372,0
DA:373,0
DA:374,0
DA:375,0
DA:376,0
DA:377,0
DA:378,0
DA:379,0
DA:380,0
DA:381,0
DA:382,0
DA:383,0
DA:384,0
DA:385,0
DA:386,0
DA:387,0
DA:388,0
DA:389,0
DA:390,0
DA:391,0
DA:392,0
DA:393,0
DA:394,0
DA:395,0
DA:396,0
DA:397,0
DA:398,0
DA:399,0
DA:400,0
DA:401,0
DA:402,0
DA:403,0
DA:404,0
DA:405,0
DA:406,0
DA:407,0
DA:408,0
DA:409,0
DA:410,0
DA:411,0
DA:412,0
DA:413,0
DA:414,0
DA:415,0
DA:416,0
DA:417,0
DA:418,0
DA:419,0
DA:420,0
DA:421,0
DA:422,0
DA:423,0
DA:424,0
DA:425,0
DA:426,0
DA:427,0
DA:428,0
DA:429,0
DA:430,0
DA:431,0
DA:432,0
DA:433,0
DA:434,0
DA:435,0
DA:436,0
DA:437,0
DA:438,0
DA:439,0
DA:440,0
DA:441,0
DA:442,0
DA:443,0
DA:444,0
DA:445,0
DA:446,0
DA:447,0
DA:448,0
DA:449,0
DA:450,0
DA:451,0
DA:452,0
DA:453,0
DA:454,0
DA:455,0
DA:456,0
DA:457,0
DA:458,0
DA:459,0
DA:460,0
DA:461,0
DA:462,0
DA:463,0
DA:464,0
DA:465,0
DA:466,0
DA:467,0
DA:468,0
DA:469,0
DA:470,0
DA:471,0
DA:472,0
DA:473,0
DA:474,0
DA:475,0
DA:476,0
DA:477,1
DA:478,1
DA:479,1
DA:480,1
DA:481,1
DA:482,1
DA:483,1
DA:484,1
DA:485,1
DA:486,1
DA:487,1
DA:488,1
DA:489,1
DA:490,1
DA:491,1
DA:492,1
DA:493,1
DA:494,1
DA:495,0
DA:496,1
DA:497,1
DA:498,1
DA:499,1
DA:500,1
DA:501,1
DA:502,1
DA:503,1
DA:504,1
DA:505,1
DA:506,1
DA:507,1
DA:508,1
DA:509,1
DA:510,1
DA:511,1
DA:512,1
DA:513,1
DA:514,1
DA:515,1
DA:516,1
DA:517,1
DA:518,1
DA:519,0
DA:520,0
DA:521,0
DA:522,0
DA:523,0
DA:524,0
DA:525,0
DA:526,0
DA:527,0
DA:528,0
DA:529,0
DA:530,0
DA:531,0
DA:532,0
DA:533,0
DA:534,0
DA:535,0
DA:536,0
DA:537,0
DA:538,0
DA:539,0
DA:540,0
DA:541,0
DA:542,0
DA:543,0
DA:544,0
DA:545,0
DA:546,0
DA:547,0
DA:548,0
DA:549,0
DA:550,0
DA:551,0
DA:552,0
DA:553,0
DA:554,0
DA:555,0
DA:556,0
DA:557,0
DA:558,0
DA:559,0
DA:560,0
DA:561,0
DA:562,0
DA:563,0
DA:564,0
DA:565,0
DA:566,0
DA:567,0
DA:568,0
DA:569,0
DA:570,0
DA:571,0
DA:572,0
DA:573,0
DA:574,0
DA:575,0
DA:576,0
DA:577,0
DA:578,0
DA:579,0
DA:580,0
DA:581,0
DA:582,0
DA:583,0
DA:584,0
DA:585,0
DA:586,0
DA:587,0
DA:588,0
DA:589,0
DA:590,0
DA:591,0
DA:592,0
DA:593,0
DA:594,0
DA:595,0
DA:596,0
DA:597,0
DA:598,0
DA:599,0
DA:600,0
DA:601,0
DA:602,0
DA:603,0
DA:604,0
DA:605,0
DA:606,0
DA:607,0
DA:608,0
DA:609,0
DA:610,0
DA:611,0
DA:612,0
DA:613,0
DA:614,0
DA:615,0
DA:616,0
DA:617,0
DA:618,0
DA:619,0
DA:620,0
DA:621,0
DA:622,0
DA:623,0
DA:624,0
DA:625,0
DA:626,0
DA:627,0
DA:628,0
DA:629,0
DA:630,0
DA:631,1
DA:632,1
DA:633,1
DA:634,1
DA:635,1
DA:636,1
DA:637,1
DA:638,1
DA:639,1
DA:640,1
DA:641,1
DA:642,1
DA:643,4
DA:644,4
DA:645,2
DA:646,2
DA:647,1
DA:648,1
DA:649,1
DA:650,1
DA:651,1
DA:652,1
DA:653,2
DA:654,2
DA:655,1
DA:656,1
DA:657,1
DA:658,1
DA:659,1
DA:660,1
DA:661,1
DA:662,1
DA:663,2
DA:664,2
DA:665,1
DA:666,1
DA:667,1
DA:668,7
DA:669,7
DA:670,1
DA:671,1
DA:672,6
DA:673,6
DA:674,7
DA:675,1
DA:676,1
DA:677,5
DA:678,7
DA:679,7
DA:680,7
DA:681,7
DA:682,1
DA:683,1
DA:684,4
DA:685,4
DA:686,7
DA:687,1
DA:688,1
DA:689,1
DA:690,1
DA:691,1
DA:692,3
DA:693,3
DA:694,3
DA:695,3
DA:696,3
DA:697,3
DA:698,7
DA:699,1
DA:700,1
DA:701,7
DA:702,1
DA:703,1
DA:704,1
DA:705,1
DA:706,7
DA:707,0
DA:708,0
DA:709,1
DA:710,1
DA:711,7
DA:712,5
DA:713,5
DA:714,7
DA:715,1
DA:716,1
DA:717,1
DA:718,1
DA:719,1
LF:719
LH:451
BRDA:11,0,0,1
BRDA:16,1,0,3
BRDA:24,2,0,0
BRDA:26,3,0,2
BRDA:26,4,0,1
BRDA:28,5,0,2
BRDA:86,6,0,1
BRDA:32,7,0,2
BRDA:35,8,0,0
BRDA:38,9,0,0
BRDA:51,10,0,1
BRDA:54,11,0,0
BRDA:57,12,0,0
BRDA:63,13,0,1
BRDA:68,14,0,0
BRDA:68,15,0,0
BRDA:70,16,0,0
BRDA:72,17,0,0
BRDA:76,18,0,0
BRDA:79,19,0,0
BRDA:90,20,0,4
BRDA:93,21,0,0
BRDA:103,22,0,1
BRDA:108,23,0,3
BRDA:215,24,0,2
BRDA:218,25,0,1
BRDA:111,26,0,3
BRDA:114,27,0,1
BRDA:116,28,0,2
BRDA:120,29,0,1
BRDA:120,30,0,2
BRDA:121,31,0,0
BRDA:121,32,0,2
BRDA:122,33,0,0
BRDA:122,34,0,2
BRDA:123,35,0,0
BRDA:123,36,0,2
BRDA:126,37,0,1
BRDA:128,38,0,2
BRDA:131,39,0,0
BRDA:131,40,0,0
BRDA:133,41,0,2
BRDA:134,42,0,0
BRDA:134,43,0,0
BRDA:136,44,0,2
BRDA:142,45,0,1
BRDA:142,46,0,1
BRDA:146,47,0,0
BRDA:152,48,0,0
BRDA:159,49,0,0
BRDA:164,50,0,2
BRDA:169,51,0,1
BRDA:169,52,0,1
BRDA:172,53,0,0
BRDA:176,54,0,0
BRDA:180,55,0,0
BRDA:180,56,0,0
BRDA:187,57,0,0
BRDA:190,58,0,0
BRDA:198,59,0,0
BRDA:208,60,0,2
BRDA:223,61,0,2
BRDA:226,62,0,1
BRDA:227,63,0,0
BRDA:229,64,0,1
BRDA:240,65,0,2
BRDA:243,66,0,0
BRDA:244,67,0,1
BRDA:262,68,0,0
BRDA:247,69,0,1
BRDA:248,70,0,0
BRDA:253,71,0,0
BRDA:257,72,0,0
BRDA:258,73,0,0
BRDA:267,74,0,6
BRDA:271,75,0,1
BRDA:273,76,0,5
BRDA:274,77,0,2
BRDA:274,78,0,3
BRDA:276,79,0,2
BRDA:284,80,0,0
BRDA:286,81,0,2
BRDA:287,82,0,0
BRDA:289,83,0,2
BRDA:294,84,0,0
BRDA:296,85,0,2
BRDA:299,86,0,1
BRDA:310,87,0,0
BRDA:315,88,0,1
BRDA:318,89,0,4
BRDA:322,90,0,2
BRDA:334,91,0,16
BRDA:335,92,0,2
BRDA:339,93,0,0
BRDA:339,94,0,0
BRDA:343,95,0,1
BRDA:346,96,0,0
BRDA:351,97,0,0
BRDA:355,98,0,0
BRDA:358,99,0,0
BRDA:480,100,0,0
BRDA:480,101,0,0
BRDA:482,102,0,0
BRDA:482,103,0,0
BRDA:485,104,0,0
BRDA:485,105,0,0
BRDA:490,106,0,1
BRDA:492,107,0,0
BRDA:495,108,0,0
BRDA:507,109,0,0
BRDA:507,110,0,0
BRDA:518,111,0,0
BRDA:633,112,0,0
BRDA:634,113,0,0
BRDA:642,114,0,4
BRDA:644,115,0,2
BRDA:648,116,0,1
BRDA:652,117,0,2
BRDA:654,118,0,1
BRDA:658,119,0,1
BRDA:662,120,0,2
BRDA:664,121,0,1
BRDA:667,122,0,7
BRDA:669,123,0,1
BRDA:671,124,0,6
BRDA:674,125,0,1
BRDA:676,126,0,5
BRDA:678,127,0,0
BRDA:681,128,0,1
BRDA:683,129,0,4
BRDA:686,130,0,1
BRDA:691,131,0,3
BRDA:698,132,0,1
BRDA:700,133,0,2
BRDA:701,134,0,1
BRDA:706,135,0,0
BRDA:708,136,0,1
BRDA:711,137,0,5
BRF:138
BRH:77
end_of_record
TN:
SF:Application\Services\AutomationService.js
FN:21,render
FN:31,renderConditions
FN:50,setByPath
FN:62,getByPath
FN:73,evalCondition
FN:89,runFlow
FN:98,execAction
FN:125,trigger
FN:158,buildDefaultCtx
FN:195,runEventFlows
FN:217,handleTagEvent
FN:258,handleCampaignEvent
FN:309,resolveScheduledLeadsByType
FN:335,collectLeadsForFlow
FN:342,runDailyAutomation
FN:401,triggerNow
FN:444,send_email
FN:517,send_zalo
FN:534,post_facebook
FN:556,add_interaction
FN:567,update_status_if
FN:584,tag_update
FN:598,create_task
FN:622,schedule
FN:631,log
FN:641,campaign.run
FN:647,campaign.stop
FN:653,send_internal_report
FN:668,http.request
FN:690,set_ctx
FN:706,branch
FN:717,query.leads
FN:735,query.orders
FN:757,query.customers
FN:782,for_each
FNF:35
FNH:12
FNDA:5,render
FNDA:0,renderConditions
FNDA:1,setByPath
FNDA:1,getByPath
FNDA:3,evalCondition
FNDA:1,runFlow
FNDA:2,execAction
FNDA:1,trigger
FNDA:1,buildDefaultCtx
FNDA:1,runEventFlows
FNDA:3,handleTagEvent
FNDA:1,handleCampaignEvent
FNDA:0,resolveScheduledLeadsByType
FNDA:0,collectLeadsForFlow
FNDA:1,runDailyAutomation
FNDA:0,triggerNow
FNDA:0,send_email
FNDA:0,send_zalo
FNDA:0,post_facebook
FNDA:0,add_interaction
FNDA:0,update_status_if
FNDA:0,tag_update
FNDA:0,create_task
FNDA:0,schedule
FNDA:0,log
FNDA:0,campaign.run
FNDA:0,campaign.stop
FNDA:0,send_internal_report
FNDA:0,http.request
FNDA:0,set_ctx
FNDA:0,branch
FNDA:0,query.leads
FNDA:0,query.orders
FNDA:0,query.customers
FNDA:0,for_each
DA:1,1
DA:2,1
DA:3,1
DA:4,1
DA:5,1
DA:6,1
DA:7,1
DA:8,1
DA:9,1
DA:10,1
DA:11,1
DA:12,1
DA:13,1
DA:14,1
DA:15,1
DA:16,1
DA:17,1
DA:18,1
DA:19,1
DA:20,1
DA:21,1
DA:22,5
DA:23,5
DA:24,5
DA:25,5
DA:26,4
DA:27,4
DA:28,4
DA:29,5
DA:30,1
DA:31,1
DA:32,0
DA:33,0
DA:34,0
DA:35,0
DA:36,0
DA:37,0
DA:38,0
DA:39,0
DA:40,0
DA:41,0
DA:42,0
DA:43,0
DA:44,0
DA:45,0
DA:46,0
DA:47,0
DA:48,0
DA:49,1
DA:50,1
DA:51,1
DA:52,1
DA:53,1
DA:54,1
DA:55,2
DA:56,2
DA:57,2
DA:58,2
DA:59,1
DA:60,1
DA:61,1
DA:62,1
DA:63,1
DA:64,1
DA:65,1
DA:66,1
DA:67,3
DA:68,3
DA:69,3
DA:70,1
DA:71,1
DA:72,1
DA:73,1
DA:74,3
DA:75,3
DA:76,3
DA:77,3
DA:78,3
DA:79,3
DA:80,3
DA:81,1
DA:82,1
DA:83,1
DA:84,3
DA:85,1
DA:86,1
DA:87,1
DA:88,1
DA:89,1
DA:90,1
DA:91,1
DA:92,2
DA:93,2
DA:94,2
DA:95,2
DA:96,1
DA:97,1
DA:98,1
DA:99,2
DA:100,2
DA:101,1
DA:102,1
DA:103,1
DA:104,1
DA:105,1
DA:106,2
DA:107,1
DA:108,1
DA:109,1
DA:110,1
DA:111,1
DA:112,1
DA:113,0
DA:114,0
DA:115,0
DA:116,0
DA:117,0
DA:118,0
DA:119,0
DA:120,2
DA:121,1
DA:122,1
DA:123,1
DA:124,1
DA:125,1
DA:126,1
DA:127,1
DA:128,1
DA:129,1
DA:130,1
DA:131,1
DA:132,1
DA:133,0
DA:134,0
DA:135,0
DA:136,0
DA:137,0
DA:138,0
DA:139,0
DA:140,0
DA:141,0
DA:142,0
DA:143,0
DA:144,0
DA:145,0
DA:146,0
DA:147,0
DA:148,0
DA:149,0
DA:150,0
DA:151,0
DA:152,0
DA:153,0
DA:154,0
DA:155,0
DA:156,0
DA:157,1
DA:158,1
DA:159,1
DA:160,1
DA:161,1
DA:162,1
DA:163,0
DA:164,0
DA:165,1
DA:166,1
DA:167,1
DA:168,1
DA:169,1
DA:170,1
DA:171,1
DA:172,1
DA:173,1
DA:174,1
DA:175,1
DA:176,1
DA:177,1
DA:178,0
DA:179,0
DA:180,1
DA:181,1
DA:182,1
DA:183,1
DA:184,1
DA:185,1
DA:186,1
DA:187,1
DA:188,1
DA:189,1
DA:190,1
DA:191,1
DA:192,1
DA:193,1
DA:194,1
DA:195,1
DA:196,1
DA:197,1
DA:198,1
DA:199,1
DA:200,1
DA:201,0
DA:202,0
DA:203,0
DA:204,0
DA:205,0
DA:206,0
DA:207,0
DA:208,0
DA:209,0
DA:210,0
DA:211,0
DA:212,0
DA:213,1
DA:214,1
DA:215,1
DA:216,1
DA:217,1
DA:218,3
DA:219,3
DA:220,1
DA:221,1
DA:222,1
DA:223,2
DA:224,2
DA:225,2
DA:226,2
DA:227,2
DA:228,3
DA:229,1
DA:230,1
DA:231,1
DA:232,1
DA:233,1
DA:234,3
DA:235,3
DA:236,3
DA:237,3
DA:238,3
DA:239,3
DA:240,3
DA:241,3
DA:242,0
DA:243,0
DA:244,0
DA:245,0
DA:246,0
DA:247,0
DA:248,0
DA:249,0
DA:250,0
DA:251,0
DA:252,0
DA:253,0
DA:254,1
DA:255,1
DA:256,1
DA:257,1
DA:258,1
DA:259,1
DA:260,1
DA:261,1
DA:262,1
DA:263,1
DA:264,0
DA:265,0
DA:266,0
DA:267,0
DA:268,0
DA:269,0
DA:270,1
DA:271,0
DA:272,0
DA:273,0
DA:274,0
DA:275,1
DA:276,1
DA:277,0
DA:278,0
DA:279,0
DA:280,0
DA:281,0
DA:282,0
DA:283,0
DA:284,0
DA:285,1
DA:286,1
DA:287,0
DA:288,0
DA:289,0
DA:290,0
DA:291,0
DA:292,0
DA:293,0
DA:294,0
DA:295,1
DA:296,1
DA:297,0
DA:298,0
DA:299,1
DA:300,1
DA:301,0
DA:302,0
DA:303,0
DA:304,1
DA:305,1
DA:306,1
DA:307,1
DA:308,1
DA:309,1
DA:310,0
DA:311,0
DA:312,0
DA:313,0
DA:314,0
DA:315,0
DA:316,0
DA:317,0
DA:318,0
DA:319,0
DA:320,0
DA:321,0
DA:322,0
DA:323,0
DA:324,0
DA:325,0
DA:326,0
DA:327,0
DA:328,0
DA:329,0
DA:330,0
DA:331,0
DA:332,0
DA:333,0
DA:334,1
DA:335,1
DA:336,0
DA:337,0
DA:338,0
DA:339,0
DA:340,0
DA:341,1
DA:342,1
DA:343,1
DA:344,1
DA:345,1
DA:346,1
DA:347,1
DA:348,1
DA:349,1
DA:350,1
DA:351,1
DA:352,0
DA:353,0
DA:354,0
DA:355,0
DA:356,0
DA:357,0
DA:358,0
DA:359,0
DA:360,0
DA:361,0
DA:362,0
DA:363,0
DA:364,0
DA:365,0
DA:366,0
DA:367,0
DA:368,0
DA:369,0
DA:370,0
DA:371,0
DA:372,0
DA:373,0
DA:374,0
DA:375,0
DA:376,0
DA:377,0
DA:378,0
DA:379,0
DA:380,0
DA:381,0
DA:382,0
DA:383,0
DA:384,0
DA:385,0
DA:386,0
DA:387,0
DA:388,1
DA:389,1
DA:390,0
DA:391,0
DA:392,0
DA:393,1
DA:394,0
DA:395,0
DA:396,1
DA:397,1
DA:398,1
DA:399,1
DA:400,1
DA:401,1
DA:402,0
DA:403,0
DA:404,1
DA:405,1
DA:406,1
DA:407,1
DA:408,1
DA:409,1
DA:410,1
DA:411,1
DA:412,1
DA:413,1
DA:414,1
DA:415,1
DA:416,1
DA:417,1
DA:418,1
DA:419,1
DA:420,1
DA:421,1
DA:422,1
DA:423,1
DA:424,1
DA:425,1
DA:426,1
DA:427,1
DA:428,1
DA:429,1
DA:430,1
DA:431,1
DA:432,1
DA:433,1
DA:434,1
DA:435,1
DA:436,1
DA:437,1
DA:438,1
DA:439,1
DA:440,1
DA:441,1
DA:442,1
DA:443,1
DA:444,1
DA:445,0
DA:446,0
DA:447,0
DA:448,0
DA:449,0
DA:450,0
DA:451,0
DA:452,0
DA:453,0
DA:454,0
DA:455,0
DA:456,0
DA:457,0
DA:458,0
DA:459,0
DA:460,0
DA:461,0
DA:462,0
DA:463,0
DA:464,0
DA:465,0
DA:466,0
DA:467,0
DA:468,0
DA:469,0
DA:470,0
DA:471,0
DA:472,0
DA:473,0
DA:474,0
DA:475,0
DA:476,0
DA:477,0
DA:478,0
DA:479,0
DA:480,0
DA:481,0
DA:482,0
DA:483,0
DA:484,0
DA:485,0
DA:486,0
DA:487,0
DA:488,0
DA:489,0
DA:490,0
DA:491,0
DA:492,0
DA:493,0
DA:494,0
DA:495,0
DA:496,0
DA:497,0
DA:498,0
DA:499,0
DA:500,0
DA:501,0
DA:502,0
DA:503,0
DA:504,0
DA:505,0
DA:506,0
DA:507,0
DA:508,0
DA:509,0
DA:510,0
DA:511,1
DA:512,1
DA:513,1
DA:514,1
DA:515,1
DA:516,1
DA:517,1
DA:518,0
DA:519,0
DA:520,0
DA:521,0
DA:522,0
DA:523,0
DA:524,0
DA:525,0
DA:526,0
DA:527,0
DA:528,1
DA:529,1
DA:530,1
DA:531,1
DA:532,1
DA:533,1
DA:534,1
DA:535,0
DA:536,0
DA:537,0
DA:538,0
DA:539,0
DA:540,0
DA:541,0
DA:542,0
DA:543,0
DA:544,0
DA:545,0
DA:546,0
DA:547,0
DA:548,0
DA:549,0
DA:550,0
DA:551,1
DA:552,1
DA:553,1
DA:554,1
DA:555,1
DA:556,1
DA:557,0
DA:558,0
DA:559,0
DA:560,0
DA:561,1
DA:562,1
DA:563,1
DA:564,1
DA:565,1
DA:566,1
DA:567,1
DA:568,0
DA:569,0
DA:570,0
DA:571,0
DA:572,0
DA:573,0
DA:574,0
DA:575,0
DA:576,0
DA:577,0
DA:578,0
DA:579,1
DA:580,1
DA:581,1
DA:582,1
DA:583,1
DA:584,1
DA:585,0
DA:586,0
DA:587,0
DA:588,0
DA:589,0
DA:590,0
DA:591,0
DA:592,0
DA:593,1
DA:594,1
DA:595,1
DA:596,1
DA:597,1
DA:598,1
DA:599,0
DA:600,0
DA:601,0
DA:602,0
DA:603,0
DA:604,0
DA:605,0
DA:606,0
DA:607,0
DA:608,0
DA:609,0
DA:610,0
DA:611,0
DA:612,0
DA:613,0
DA:614,0
DA:615,0
DA:616,0
DA:617,1
DA:618,1
DA:619,1
DA:620,1
DA:621,1
DA:622,1
DA:623,0
DA:624,0
DA:625,0
DA:626,1
DA:627,1
DA:628,1
DA:629,1
DA:630,1
DA:631,1
DA:632,0
DA:633,0
DA:634,0
DA:635,0
DA:636,1
DA:637,1
DA:638,1
DA:639,1
DA:640,1
DA:641,1
DA:642,0
DA:643,0
DA:644,0
DA:645,1
DA:646,1
DA:647,1
DA:648,0
DA:649,0
DA:650,0
DA:651,1
DA:652,1
DA:653,1
DA:654,0
DA:655,0
DA:656,0
DA:657,0
DA:658,0
DA:659,0
DA:660,0
DA:661,1
DA:662,1
DA:663,1
DA:664,1
DA:665,1
DA:666,1
DA:667,1
DA:668,1
DA:669,0
DA:670,0
DA:671,0
DA:672,0
DA:673,0
DA:674,0
DA:675,0
DA:676,0
DA:677,0
DA:678,0
DA:679,0
DA:680,0
DA:681,0
DA:682,0
DA:683,0
DA:684,1
DA:685,1
DA:686,1
DA:687,1
DA:688,1
DA:689,1
DA:690,1
DA:691,0
DA:692,0
DA:693,0
DA:694,0
DA:695,0
DA:696,0
DA:697,0
DA:698,0
DA:699,0
DA:700,1
DA:701,1
DA:702,1
DA:703,1
DA:704,1
DA:705,1
DA:706,1
DA:707,0
DA:708,0
DA:709,0
DA:710,0
DA:711,1
DA:712,1
DA:713,1
DA:714,1
DA:715,1
DA:716,1
DA:717,1
DA:718,0
DA:719,0
DA:720,0
DA:721,0
DA:722,0
DA:723,0
DA:724,0
DA:725,0
DA:726,0
DA:727,0
DA:728,0
DA:729,0
DA:730,1
DA:731,1
DA:732,1
DA:733,1
DA:734,1
DA:735,1
DA:736,0
DA:737,0
DA:738,0
DA:739,0
DA:740,0
DA:741,0
DA:742,0
DA:743,0
DA:744,0
DA:745,0
DA:746,0
DA:747,0
DA:748,0
DA:749,0
DA:750,0
DA:751,0
DA:752,0
DA:753,0
DA:754,0
DA:755,0
DA:756,1
DA:757,1
DA:758,0
DA:759,0
DA:760,0
DA:761,0
DA:762,0
DA:763,0
DA:764,0
DA:765,0
DA:766,0
DA:767,0
DA:768,0
DA:769,0
DA:770,0
DA:771,0
DA:772,0
DA:773,0
DA:774,0
DA:775,0
DA:776,0
DA:777,0
DA:778,0
DA:779,0
DA:780,0
DA:781,1
DA:782,1
DA:783,0
DA:784,0
DA:785,0
DA:786,0
DA:787,0
DA:788,0
DA:789,0
DA:790,0
DA:791,0
DA:792,0
DA:793,0
DA:794,0
DA:795,0
DA:796,0
DA:797,0
DA:798,1
DA:799,1
DA:800,1
LF:800
LH:370
BRDA:21,0,0,5
BRDA:22,1,0,0
BRDA:25,2,0,4
BRDA:50,3,0,1
BRDA:51,4,0,0
BRDA:54,5,0,2
BRDA:56,6,0,0
BRDA:62,7,0,1
BRDA:63,8,0,0
BRDA:66,9,0,3
BRDA:67,10,0,0
BRDA:73,11,0,3
BRDA:74,12,0,0
BRDA:80,13,0,1
BRDA:89,14,0,1
BRDA:90,15,0,0
BRDA:91,16,0,2
BRDA:90,17,0,1
BRDA:90,18,0,0
BRDA:90,19,0,0
BRDA:98,20,0,2
BRDA:100,21,0,1
BRDA:106,22,0,0
BRDA:106,23,0,0
BRDA:106,24,0,1
BRDA:112,25,0,0
BRDA:125,26,0,1
BRDA:132,27,0,0
BRDA:158,28,0,1
BRDA:162,29,0,0
BRDA:177,30,0,0
BRDA:182,31,0,0
BRDA:183,32,0,0
BRDA:184,33,0,0
BRDA:195,34,0,1
BRDA:200,35,0,0
BRDA:217,36,0,3
BRDA:219,37,0,2
BRDA:219,38,0,1
BRDA:222,39,0,2
BRDA:228,40,0,1
BRDA:234,41,0,0
BRDA:240,42,0,1
BRDA:241,43,0,1
BRDA:241,44,0,0
BRDA:258,45,0,1
BRDA:263,46,0,0
BRDA:270,47,0,0
BRDA:276,48,0,0
BRDA:286,49,0,0
BRDA:296,50,0,0
BRDA:300,51,0,0
BRDA:342,52,0,1
BRDA:349,53,0,0
BRDA:351,54,0,0
BRDA:351,55,0,0
BRDA:389,56,0,0
BRDA:393,57,0,0
BRF:58
BRH:26
end_of_record
TN:
SF:Application\Services\AutomationTriggerService.js
FN:3,AutomationTriggerService
FN:8,createTrigger
FN:14,getTrigger
FN:19,listTriggers
FN:22,updateTrigger
FN:27,deleteTrigger
FN:30,setActive
FNF:7
FNH:7
FNDA:10,AutomationTriggerService
FNDA:2,createTrigger
FNDA:2,getTrigger
FNDA:1,listTriggers
FNDA:2,updateTrigger
FNDA:1,deleteTrigger
FNDA:2,setActive
DA:1,1
DA:2,1
DA:3,1
DA:4,10
DA:5,10
DA:6,10
DA:7,10
DA:8,1
DA:9,2
DA:10,2
DA:11,2
DA:12,1
DA:13,1
DA:14,1
DA:15,2
DA:16,2
DA:17,1
DA:18,1
DA:19,1
DA:20,1
DA:21,1
DA:22,1
DA:23,2
DA:24,2
DA:25,1
DA:26,1
DA:27,1
DA:28,1
DA:29,1
DA:30,1
DA:31,2
DA:32,2
DA:33,1
DA:34,1
DA:35,1
DA:36,1
DA:37,1
LF:37
LH:37
BRDA:3,0,0,10
BRDA:8,1,0,2
BRDA:11,2,0,1
BRDA:14,3,0,2
BRDA:16,4,0,1
BRDA:19,5,0,1
BRDA:22,6,0,2
BRDA:24,7,0,1
BRDA:27,8,0,1
BRDA:30,9,0,2
BRDA:32,10,0,1
BRF:11
BRH:11
end_of_record
TN:
SF:Application\Services\CampaignService.js
FN:7,updateStatus
FN:32,createCampaign
FN:64,runCampaign
FN:160,getAll
FN:213,getRunningWithProducts
FNF:5
FNH:4
FNDA:3,updateStatus
FNDA:2,createCampaign
FNDA:0,runCampaign
FNDA:2,getAll
FNDA:2,getRunningWithProducts
DA:1,1
DA:2,1
DA:3,1
DA:4,1
DA:5,1
DA:6,1
DA:7,1
DA:8,3
DA:9,3
DA:10,3
DA:11,1
DA:12,1
DA:13,2
DA:14,3
DA:15,1
DA:16,1
DA:17,1
DA:18,1
DA:19,1
DA:20,1
DA:21,1
DA:22,1
DA:23,1
DA:24,1
DA:25,1
DA:26,1
DA:27,1
DA:28,3
DA:29,0
DA:30,0
DA:31,3
DA:32,1
DA:33,2
DA:34,2
DA:35,1
DA:36,1
DA:37,1
DA:38,1
DA:39,1
DA:40,2
DA:41,2
DA:42,2
DA:43,2
DA:44,2
DA:45,2
DA:46,2
DA:47,2
DA:48,2
DA:49,2
DA:50,2
DA:51,0
DA:52,1
DA:53,0
DA:54,1
DA:55,2
DA:56,2
DA:57,2
DA:58,1
DA:59,1
DA:60,1
DA:61,1
DA:62,1
DA:63,2
DA:64,1
DA:65,0
DA:66,0
DA:67,0
DA:68,0
DA:69,0
DA:70,0
DA:71,0
DA:72,0
DA:73,0
DA:74,0
DA:75,0
DA:76,0
DA:77,0
DA:78,0
DA:79,0
DA:80,0
DA:81,0
DA:82,0
DA:83,0
DA:84,0
DA:85,0
DA:86,0
DA:87,0
DA:88,0
DA:89,0
DA:90,0
DA:91,0
DA:92,0
DA:93,0
DA:94,0
DA:95,0
DA:96,0
DA:97,0
DA:98,0
DA:99,0
DA:100,0
DA:101,0
DA:102,0
DA:103,0
DA:104,0
DA:105,0
DA:106,0
DA:107,0
DA:108,0
DA:109,0
DA:110,0
DA:111,0
DA:112,0
DA:113,0
DA:114,0
DA:115,0
DA:116,0
DA:117,0
DA:118,0
DA:119,0
DA:120,0
DA:121,0
DA:122,0
DA:123,0
DA:124,0
DA:125,0
DA:126,0
DA:127,0
DA:128,0
DA:129,0
DA:130,0
DA:131,0
DA:132,0
DA:133,0
DA:134,0
DA:135,0
DA:136,0
DA:137,0
DA:138,0
DA:139,0
DA:140,0
DA:141,0
DA:142,0
DA:143,0
DA:144,0
DA:145,0
DA:146,0
DA:147,0
DA:148,0
DA:149,0
DA:150,0
DA:151,0
DA:152,0
DA:153,0
DA:154,0
DA:155,0
DA:156,0
DA:157,0
DA:158,0
DA:159,1
DA:160,1
DA:161,2
DA:162,2
DA:163,2
DA:164,2
DA:165,2
DA:166,2
DA:167,2
DA:168,2
DA:169,2
DA:170,2
DA:171,2
DA:172,2
DA:173,2
DA:174,2
DA:175,2
DA:176,2
DA:177,2
DA:178,2
DA:179,2
DA:180,2
DA:181,2
DA:182,2
DA:183,2
DA:184,2
DA:185,2
DA:186,2
DA:187,2
DA:188,2
DA:189,2
DA:190,2
DA:191,2
DA:192,2
DA:193,2
DA:194,2
DA:195,2
DA:196,2
DA:197,2
DA:198,2
DA:199,2
DA:200,2
DA:201,1
DA:202,1
DA:203,1
DA:204,1
DA:205,1
DA:206,1
DA:207,2
DA:208,2
DA:209,2
DA:210,1
DA:211,1
DA:212,2
DA:213,1
DA:214,2
DA:215,2
DA:216,2
DA:217,2
DA:218,2
DA:219,2
DA:220,2
DA:221,2
DA:222,2
DA:223,1
DA:224,1
DA:225,1
DA:226,1
DA:227,2
DA:228,2
DA:229,0
DA:230,1
DA:231,1
DA:232,1
DA:233,1
DA:234,1
DA:235,1
DA:236,2
DA:237,2
DA:238,2
DA:239,2
DA:240,2
DA:241,2
DA:242,2
DA:243,2
DA:244,2
DA:245,2
DA:246,2
DA:247,2
DA:248,2
DA:249,2
DA:250,2
DA:251,2
DA:252,2
DA:253,1
DA:254,1
DA:255,1
DA:256,2
DA:257,1
DA:258,1
DA:259,1
LF:259
LH:160
BRDA:7,0,0,3
BRDA:10,1,0,1
BRDA:12,2,0,2
BRDA:14,3,0,1
BRDA:28,4,0,0
BRDA:32,5,0,2
BRDA:34,6,0,1
BRDA:41,7,0,1
BRDA:42,8,0,1
BRDA:43,9,0,1
BRDA:44,10,0,1
BRDA:45,11,0,1
BRDA:46,12,0,1
BRDA:47,13,0,1
BRDA:48,14,0,1
BRDA:49,15,0,1
BRDA:51,16,0,0
BRDA:52,17,0,1
BRDA:53,18,0,0
BRDA:57,19,0,1
BRDA:160,20,0,2
BRDA:180,21,0,0
BRDA:181,22,0,0
BRDA:186,23,0,0
BRDA:187,24,0,0
BRDA:188,25,0,0
BRDA:189,26,0,0
BRDA:190,27,0,0
BRDA:191,28,0,0
BRDA:200,29,0,1
BRDA:207,30,0,0
BRDA:209,31,0,1
BRDA:213,32,0,2
BRDA:218,33,0,0
BRDA:219,34,0,0
BRDA:222,35,0,1
BRDA:235,36,0,0
BRDA:252,37,0,1
BRDA:226,38,0,2
BRDA:229,39,0,0
BRDA:228,40,0,2
BRDA:238,41,0,2
BRDA:238,42,0,0
BRDA:240,43,0,2
BRDA:241,44,0,0
BRDA:242,45,0,0
BRDA:242,46,0,2
BRDA:243,47,0,0
BRDA:244,48,0,0
BRF:49
BRH:28
end_of_record
TN:
SF:Application\Services\CategoryService.js
FN:6,getAll
FN:16,getById
FN:29,create
FN:46,update
FN:82,delete
FN:97,getActiveCategories
FN:107,findByName
FNF:7
FNH:7
FNDA:2,getAll
FNDA:3,getById
FNDA:3,create
FNDA:4,update
FNDA:3,delete
FNDA:2,getActiveCategories
FNDA:2,findByName
DA:1,1
DA:2,1
DA:3,1
DA:4,1
DA:5,1
DA:6,1
DA:7,2
DA:8,2
DA:9,1
DA:10,1
DA:11,1
DA:12,1
DA:13,2
DA:14,1
DA:15,1
DA:16,1
DA:17,3
DA:18,3
DA:19,3
DA:20,1
DA:21,1
DA:22,1
DA:23,1
DA:24,1
DA:25,1
DA:26,3
DA:27,1
DA:28,1
DA:29,1
DA:30,3
DA:31,3
DA:32,3
DA:33,3
DA:34,3
DA:35,1
DA:36,1
DA:37,3
DA:38,1
DA:39,1
DA:40,1
DA:41,1
DA:42,1
DA:43,3
DA:44,1
DA:45,1
DA:46,1
DA:47,4
DA:48,4
DA:49,4
DA:50,2
DA:51,2
DA:52,4
DA:53,2
DA:54,2
DA:55,2
DA:56,2
DA:57,1
DA:58,1
DA:59,2
DA:60,1
DA:61,1
DA:62,1
DA:63,1
DA:64,1
DA:65,1
DA:66,0
DA:67,0
DA:68,0
DA:69,0
DA:70,0
DA:71,0
DA:72,0
DA:73,0
DA:74,0
DA:75,0
DA:76,4
DA:77,1
DA:78,1
DA:79,4
DA:80,1
DA:81,1
DA:82,1
DA:83,3
DA:84,3
DA:85,2
DA:86,3
DA:87,3
DA:88,1
DA:89,1
DA:90,1
DA:91,1
DA:92,1
DA:93,1
DA:94,3
DA:95,1
DA:96,1
DA:97,1
DA:98,2
DA:99,2
DA:100,1
DA:101,1
DA:102,1
DA:103,1
DA:104,2
DA:105,1
DA:106,1
DA:107,1
DA:108,2
DA:109,2
DA:110,1
DA:111,1
DA:112,1
DA:113,1
DA:114,2
DA:115,1
DA:116,1
DA:117,1
LF:117
LH:107
BRDA:6,0,0,2
BRDA:8,1,0,1
BRDA:16,2,0,3
BRDA:18,3,0,2
BRDA:19,4,0,1
BRDA:29,5,0,3
BRDA:33,6,0,2
BRDA:34,7,0,1
BRDA:37,8,0,1
BRDA:46,9,0,4
BRDA:48,10,0,3
BRDA:49,11,0,1
BRDA:49,12,0,2
BRDA:52,13,0,2
BRDA:54,14,0,1
BRDA:54,15,0,1
BRDA:56,16,0,1
BRDA:56,17,0,1
BRDA:59,18,0,1
BRDA:65,19,0,0
BRDA:76,20,0,1
BRDA:82,21,0,3
BRDA:84,22,0,2
BRDA:86,23,0,1
BRDA:86,24,0,0
BRDA:86,25,0,1
BRDA:86,26,0,0
BRDA:87,27,0,1
BRDA:97,28,0,2
BRDA:99,29,0,1
BRDA:107,30,0,2
BRDA:109,31,0,1
BRF:32
BRH:29
end_of_record
TN:
SF:Application\Services\CustomerService.js
FN:9,CustomerService
FN:18,_getCustomerOr404
FN:26,_getLatestSnapshot
FN:33,_updateSnapshot
FN:40,_num
FN:48,createCustomer
FN:57,getCustomerById
FN:69,listCustomers
FN:78,updateCustomer
FN:90,deleteCustomer
FN:105,addTagToCustomer
FN:118,removeTagFromCustomer
FN:131,findCustomersByTag
FN:140,findCustomersBySource
FN:152,_buildChurnPayload
FN:165,_buildCLVPayload
FN:196,_buildSegmentPayload
FN:216,predictChurn
FN:246,predictCLV
FN:274,segmentCustomer
FN:305,predictAlldaily
FN:322,getCustomersByDateRange
FNF:22
FNH:9
FNDA:1,CustomerService
FNDA:0,_getCustomerOr404
FNDA:0,_getLatestSnapshot
FNDA:0,_updateSnapshot
FNDA:0,_num
FNDA:2,createCustomer
FNDA:2,getCustomerById
FNDA:0,listCustomers
FNDA:2,updateCustomer
FNDA:2,deleteCustomer
FNDA:3,addTagToCustomer
FNDA:3,removeTagFromCustomer
FNDA:2,findCustomersByTag
FNDA:2,findCustomersBySource
FNDA:0,_buildChurnPayload
FNDA:0,_buildCLVPayload
FNDA:0,_buildSegmentPayload
FNDA:0,predictChurn
FNDA:0,predictCLV
FNDA:0,segmentCustomer
FNDA:0,predictAlldaily
FNDA:0,getCustomersByDateRange
DA:1,1
DA:2,1
DA:3,1
DA:4,1
DA:5,1
DA:6,1
DA:7,1
DA:8,1
DA:9,1
DA:10,1
DA:11,1
DA:12,1
DA:13,1
DA:14,1
DA:15,1
DA:16,1
DA:17,1
DA:18,1
DA:19,0
DA:20,0
DA:21,0
DA:22,0
DA:23,0
DA:24,0
DA:25,1
DA:26,1
DA:27,0
DA:28,0
DA:29,0
DA:30,0
DA:31,0
DA:32,1
DA:33,1
DA:34,0
DA:35,0
DA:36,0
DA:37,0
DA:38,0
DA:39,1
DA:40,1
DA:41,0
DA:42,0
DA:43,0
DA:44,1
DA:45,1
DA:46,1
DA:47,1
DA:48,1
DA:49,2
DA:50,2
DA:51,1
DA:52,1
DA:53,1
DA:54,1
DA:55,2
DA:56,1
DA:57,1
DA:58,2
DA:59,2
DA:60,2
DA:61,1
DA:62,1
DA:63,1
DA:64,1
DA:65,1
DA:66,1
DA:67,2
DA:68,1
DA:69,1
DA:70,0
DA:71,0
DA:72,0
DA:73,0
DA:74,0
DA:75,0
DA:76,0
DA:77,1
DA:78,1
DA:79,2
DA:80,2
DA:81,2
DA:82,0
DA:83,0
DA:84,1
DA:85,1
DA:86,1
DA:87,1
DA:88,2
DA:89,1
DA:90,1
DA:91,2
DA:92,2
DA:93,2
DA:94,0
DA:95,0
DA:96,1
DA:97,1
DA:98,1
DA:99,1
DA:100,2
DA:101,1
DA:102,1
DA:103,1
DA:104,1
DA:105,1
DA:106,3
DA:107,3
DA:108,2
DA:109,2
DA:110,3
DA:111,1
DA:112,1
DA:113,3
DA:114,2
DA:115,2
DA:116,3
DA:117,1
DA:118,1
DA:119,3
DA:120,3
DA:121,2
DA:122,2
DA:123,3
DA:124,1
DA:125,1
DA:126,3
DA:127,2
DA:128,2
DA:129,3
DA:130,1
DA:131,1
DA:132,2
DA:133,2
DA:134,1
DA:135,1
DA:136,1
DA:137,1
DA:138,2
DA:139,1
DA:140,1
DA:141,2
DA:142,2
DA:143,1
DA:144,1
DA:145,1
DA:146,1
DA:147,2
DA:148,1
DA:149,1
DA:150,1
DA:151,1
DA:152,1
DA:153,0
DA:154,0
DA:155,0
DA:156,0
DA:157,0
DA:158,0
DA:159,0
DA:160,0
DA:161,0
DA:162,0
DA:163,0
DA:164,1
DA:165,1
DA:166,0
DA:167,0
DA:168,0
DA:169,0
DA:170,0
DA:171,0
DA:172,0
DA:173,0
DA:174,0
DA:175,0
DA:176,0
DA:177,0
DA:178,0
DA:179,0
DA:180,0
DA:181,0
DA:182,0
DA:183,0
DA:184,0
DA:185,0
DA:186,0
DA:187,0
DA:188,0
DA:189,0
DA:190,0
DA:191,0
DA:192,0
DA:193,0
DA:194,0
DA:195,1
DA:196,1
DA:197,0
DA:198,0
DA:199,0
DA:200,0
DA:201,0
DA:202,0
DA:203,0
DA:204,0
DA:205,0
DA:206,0
DA:207,0
DA:208,0
DA:209,0
DA:210,1
DA:211,1
DA:212,1
DA:213,1
DA:214,1
DA:215,1
DA:216,1
DA:217,0
DA:218,0
DA:219,0
DA:220,0
DA:221,0
DA:222,0
DA:223,0
DA:224,0
DA:225,0
DA:226,0
DA:227,0
DA:228,0
DA:229,0
DA:230,0
DA:231,0
DA:232,0
DA:233,0
DA:234,0
DA:235,0
DA:236,0
DA:237,0
DA:238,0
DA:239,0
DA:240,0
DA:241,0
DA:242,0
DA:243,0
DA:244,1
DA:245,1
DA:246,1
DA:247,0
DA:248,0
DA:249,0
DA:250,0
DA:251,0
DA:252,0
DA:253,0
DA:254,0
DA:255,0
DA:256,0
DA:257,0
DA:258,0
DA:259,0
DA:260,0
DA:261,0
DA:262,0
DA:263,0
DA:264,0
DA:265,0
DA:266,0
DA:267,0
DA:268,0
DA:269,0
DA:270,0
DA:271,0
DA:272,1
DA:273,1
DA:274,1
DA:275,0
DA:276,0
DA:277,0
DA:278,0
DA:279,0
DA:280,0
DA:281,0
DA:282,0
DA:283,0
DA:284,0
DA:285,0
DA:286,0
DA:287,0
DA:288,0
DA:289,0
DA:290,0
DA:291,0
DA:292,0
DA:293,0
DA:294,0
DA:295,0
DA:296,0
DA:297,0
DA:298,0
DA:299,0
DA:300,0
DA:301,0
DA:302,0
DA:303,0
DA:304,1
DA:305,1
DA:306,0
DA:307,0
DA:308,0
DA:309,0
DA:310,0
DA:311,0
DA:312,0
DA:313,0
DA:314,0
DA:315,0
DA:316,0
DA:317,0
DA:318,0
DA:319,1
DA:320,1
DA:321,1
DA:322,1
DA:323,0
DA:324,0
DA:325,0
DA:326,0
DA:327,0
DA:328,0
DA:329,0
DA:330,0
DA:331,0
DA:332,0
DA:333,0
DA:334,0
DA:335,0
DA:336,0
DA:337,1
DA:338,1
DA:339,1
LF:339
LH:148
BRDA:9,0,0,1
BRDA:48,1,0,2
BRDA:50,2,0,1
BRDA:57,3,0,2
BRDA:60,4,0,1
BRDA:78,5,0,2
BRDA:80,6,0,1
BRDA:81,7,0,0
BRDA:83,8,0,1
BRDA:90,9,0,2
BRDA:92,10,0,1
BRDA:93,11,0,0
BRDA:95,12,0,1
BRDA:105,13,0,3
BRDA:107,14,0,1
BRDA:107,15,0,2
BRDA:110,16,0,1
BRDA:113,17,0,2
BRDA:118,18,0,3
BRDA:120,19,0,1
BRDA:120,20,0,2
BRDA:123,21,0,1
BRDA:126,22,0,2
BRDA:131,23,0,2
BRDA:133,24,0,1
BRDA:140,25,0,2
BRDA:142,26,0,1
BRF:27
BRH:25
end_of_record
TN:
SF:Application\Services\LeadService.js
FN:20,LeadService
FN:27,createLead
FN:192,addInteraction
FN:219,updateLeadStatus
FN:248,getQualifiedLeads
FN:268,getPipelineColumns
FN:328,getPipelineSummary
FN:337,getLeadById
FN:356,getAll
FN:364,updateLead
FN:384,convertLeadToCustomer
FN:439,autoConvertLead
FN:513,getPipelineMetrics
FN:546,getLeadDetails
FN:572,deleteLead
FN:583,predictConversion
FN:641,predictBatch
FN:679,changeStatus
FN:697,listStatusHistory
FN:707,appendStatusHistory
FN:740,listInteractions
FN:749,deleteInteraction
FN:758,recentActivity
FN:768,adjustScore
FN:784,recomputeLeadScore
FN:797,addTag
FN:813,removeTag
FN:828,findLeadsByTag
FN:842,assignLead
FN:853,unassignLead
FN:863,updateFlow
FN:876,importLeadsFromCSV
FNF:32
FNH:10
FNDA:3,LeadService
FNDA:2,createLead
FNDA:0,addInteraction
FNDA:0,updateLeadStatus
FNDA:0,getQualifiedLeads
FNDA:0,getPipelineColumns
FNDA:0,getPipelineSummary
FNDA:2,getLeadById
FNDA:2,getAll
FNDA:4,updateLead
FNDA:2,convertLeadToCustomer
FNDA:0,autoConvertLead
FNDA:0,getPipelineMetrics
FNDA:0,getLeadDetails
FNDA:2,deleteLead
FNDA:0,predictConversion
FNDA:0,predictBatch
FNDA:2,changeStatus
FNDA:0,listStatusHistory
FNDA:0,appendStatusHistory
FNDA:0,listInteractions
FNDA:0,deleteInteraction
FNDA:0,recentActivity
FNDA:0,adjustScore
FNDA:0,recomputeLeadScore
FNDA:3,addTag
FNDA:3,removeTag
FNDA:0,findLeadsByTag
FNDA:0,assignLead
FNDA:0,unassignLead
FNDA:0,updateFlow
FNDA:0,importLeadsFromCSV
DA:1,1
DA:2,1
DA:3,1
DA:4,1
DA:5,1
DA:6,1
DA:7,1
DA:8,1
DA:9,1
DA:10,1
DA:11,1
DA:12,1
DA:13,1
DA:14,1
DA:15,1
DA:16,1
DA:17,1
DA:18,1
DA:19,1
DA:20,1
DA:21,3
DA:22,3
DA:23,1
DA:24,1
DA:25,1
DA:26,1
DA:27,1
DA:28,2
DA:29,2
DA:30,1
DA:31,1
DA:32,1
DA:33,1
DA:34,1
DA:35,1
DA:36,1
DA:37,1
DA:38,1
DA:39,1
DA:40,1
DA:41,1
DA:42,1
DA:43,1
DA:44,1
DA:45,1
DA:46,1
DA:47,1
DA:48,1
DA:49,1
DA:50,1
DA:51,1
DA:52,1
DA:53,1
DA:54,1
DA:55,1
DA:56,2
DA:57,0
DA:58,0
DA:59,0
DA:60,1
DA:61,2
DA:62,0
DA:63,0
DA:64,2
DA:65,0
DA:66,0
DA:67,1
DA:68,1
DA:69,1
DA:70,1
DA:71,2
DA:72,2
DA:73,2
DA:74,2
DA:75,2
DA:76,2
DA:77,2
DA:78,2
DA:79,2
DA:80,2
DA:81,2
DA:82,2
DA:83,2
DA:84,2
DA:85,2
DA:86,2
DA:87,2
DA:88,2
DA:89,2
DA:90,2
DA:91,2
DA:92,2
DA:93,2
DA:94,2
DA:95,2
DA:96,2
DA:97,2
DA:98,2
DA:99,2
DA:100,2
DA:101,2
DA:102,2
DA:103,2
DA:104,2
DA:105,2
DA:106,2
DA:107,2
DA:108,2
DA:109,2
DA:110,2
DA:111,2
DA:112,2
DA:113,2
DA:114,2
DA:115,2
DA:116,1
DA:117,1
DA:118,1
DA:119,1
DA:120,1
DA:121,1
DA:122,1
DA:123,1
DA:124,1
DA:125,1
DA:126,1
DA:127,1
DA:128,1
DA:129,1
DA:130,1
DA:131,1
DA:132,1
DA:133,1
DA:134,1
DA:135,1
DA:136,1
DA:137,1
DA:138,2
DA:139,0
DA:140,0
DA:141,1
DA:142,1
DA:143,1
DA:144,1
DA:145,1
DA:146,1
DA:147,1
DA:148,1
DA:149,1
DA:150,1
DA:151,1
DA:152,1
DA:153,1
DA:154,1
DA:155,1
DA:156,1
DA:157,1
DA:158,1
DA:159,1
DA:160,1
DA:161,1
DA:162,1
DA:163,1
DA:164,1
DA:165,1
DA:166,1
DA:167,1
DA:168,1
DA:169,1
DA:170,1
DA:171,1
DA:172,1
DA:173,1
DA:174,1
DA:175,1
DA:176,1
DA:177,1
DA:178,1
DA:179,1
DA:180,1
DA:181,1
DA:182,2
DA:183,0
DA:184,0
DA:185,1
DA:186,1
DA:187,1
DA:188,1
DA:189,1
DA:190,2
DA:191,1
DA:192,1
DA:193,0
DA:194,0
DA:195,0
DA:196,0
DA:197,0
DA:198,0
DA:199,0
DA:200,0
DA:201,0
DA:202,0
DA:203,0
DA:204,0
DA:205,0
DA:206,0
DA:207,0
DA:208,0
DA:209,0
DA:210,0
DA:211,0
DA:212,0
DA:213,0
DA:214,0
DA:215,0
DA:216,0
DA:217,0
DA:218,1
DA:219,1
DA:220,0
DA:221,0
DA:222,0
DA:223,0
DA:224,0
DA:225,0
DA:226,0
DA:227,0
DA:228,0
DA:229,0
DA:230,0
DA:231,0
DA:232,0
DA:233,0
DA:234,0
DA:235,0
DA:236,0
DA:237,0
DA:238,0
DA:239,0
DA:240,0
DA:241,0
DA:242,0
DA:243,0
DA:244,0
DA:245,0
DA:246,0
DA:247,0
DA:248,1
DA:249,0
DA:250,0
DA:251,0
DA:252,0
DA:253,0
DA:254,0
DA:255,0
DA:256,0
DA:257,0
DA:258,0
DA:259,0
DA:260,0
DA:261,0
DA:262,0
DA:263,0
DA:264,0
DA:265,0
DA:266,0
DA:267,1
DA:268,1
DA:269,0
DA:270,0
DA:271,0
DA:272,0
DA:273,0
DA:274,0
DA:275,0
DA:276,0
DA:277,0
DA:278,0
DA:279,0
DA:280,0
DA:281,0
DA:282,0
DA:283,0
DA:284,0
DA:285,0
DA:286,0
DA:287,0
DA:288,0
DA:289,0
DA:290,0
DA:291,0
DA:292,0
DA:293,0
DA:294,0
DA:295,0
DA:296,0
DA:297,0
DA:298,0
DA:299,0
DA:300,0
DA:301,1
DA:302,1
DA:303,1
DA:304,1
DA:305,1
DA:306,1
DA:307,1
DA:308,1
DA:309,1
DA:310,1
DA:311,1
DA:312,1
DA:313,1
DA:314,1
DA:315,1
DA:316,1
DA:317,1
DA:318,1
DA:319,1
DA:320,1
DA:321,1
DA:322,1
DA:323,1
DA:324,1
DA:325,1
DA:326,1
DA:327,1
DA:328,1
DA:329,0
DA:330,0
DA:331,0
DA:332,0
DA:333,0
DA:334,0
DA:335,0
DA:336,1
DA:337,1
DA:338,2
DA:339,2
DA:340,2
DA:341,1
DA:342,1
DA:343,1
DA:344,1
DA:345,2
DA:346,1
DA:347,1
DA:348,1
DA:349,1
DA:350,1
DA:351,1
DA:352,1
DA:353,1
DA:354,1
DA:355,1
DA:356,1
DA:357,2
DA:358,2
DA:359,1
DA:360,1
DA:361,1
DA:362,1
DA:363,1
DA:364,1
DA:365,4
DA:366,4
DA:367,4
DA:368,3
DA:369,4
DA:370,2
DA:371,2
DA:372,2
DA:373,4
DA:374,2
DA:375,2
DA:376,2
DA:377,4
DA:378,1
DA:379,4
DA:380,3
DA:381,3
DA:382,4
DA:383,1
DA:384,1
DA:385,2
DA:386,2
DA:387,2
DA:388,2
DA:389,2
DA:390,1
DA:391,1
DA:392,2
DA:393,0
DA:394,0
DA:395,0
DA:396,1
DA:397,1
DA:398,1
DA:399,2
DA:400,2
DA:401,2
DA:402,2
DA:403,2
DA:404,2
DA:405,2
DA:406,2
DA:407,2
DA:408,2
DA:409,2
DA:410,1
DA:411,1
DA:412,1
DA:413,1
DA:414,1
DA:415,1
DA:416,1
DA:417,1
DA:418,1
DA:419,1
DA:420,1
DA:421,1
DA:422,1
DA:423,1
DA:424,1
DA:425,2
DA:426,1
DA:427,1
DA:428,1
DA:429,1
DA:430,2
DA:431,1
DA:432,1
DA:433,1
DA:434,1
DA:435,1
DA:436,2
DA:437,1
DA:438,1
DA:439,1
DA:440,0
DA:441,0
DA:442,0
DA:443,0
DA:444,0
DA:445,0
DA:446,0
DA:447,0
DA:448,0
DA:449,0
DA:450,0
DA:451,0
DA:452,0
DA:453,0
DA:454,0
DA:455,0
DA:456,0
DA:457,0
DA:458,0
DA:459,0
DA:460,0
DA:461,0
DA:462,0
DA:463,0
DA:464,0
DA:465,0
DA:466,0
DA:467,0
DA:468,0
DA:469,0
DA:470,0
DA:471,0
DA:472,0
DA:473,0
DA:474,0
DA:475,0
DA:476,0
DA:477,0
DA:478,0
DA:479,0
DA:480,0
DA:481,0
DA:482,0
DA:483,0
DA:484,0
DA:485,0
DA:486,0
DA:487,0
DA:488,0
DA:489,0
DA:490,0
DA:491,0
DA:492,0
DA:493,0
DA:494,0
DA:495,0
DA:496,0
DA:497,0
DA:498,0
DA:499,0
DA:500,0
DA:501,0
DA:502,0
DA:503,0
DA:504,0
DA:505,0
DA:506,0
DA:507,0
DA:508,0
DA:509,0
DA:510,0
DA:511,0
DA:512,1
DA:513,1
DA:514,0
DA:515,0
DA:516,0
DA:517,0
DA:518,0
DA:519,0
DA:520,0
DA:521,0
DA:522,0
DA:523,0
DA:524,0
DA:525,0
DA:526,0
DA:527,0
DA:528,0
DA:529,0
DA:530,0
DA:531,0
DA:532,0
DA:533,0
DA:534,0
DA:535,0
DA:536,0
DA:537,0
DA:538,0
DA:539,0
DA:540,0
DA:541,0
DA:542,0
DA:543,0
DA:544,0
DA:545,0
DA:546,1
DA:547,0
DA:548,0
DA:549,0
DA:550,0
DA:551,0
DA:552,0
DA:553,0
DA:554,0
DA:555,0
DA:556,0
DA:557,0
DA:558,0
DA:559,0
DA:560,0
DA:561,0
DA:562,0
DA:563,0
DA:564,0
DA:565,0
DA:566,0
DA:567,0
DA:568,0
DA:569,0
DA:570,0
DA:571,0
DA:572,1
DA:573,2
DA:574,2
DA:575,2
DA:576,1
DA:577,1
DA:578,1
DA:579,1
DA:580,1
DA:581,2
DA:582,1
DA:583,1
DA:584,0
DA:585,0
DA:586,0
DA:587,0
DA:588,0
DA:589,0
DA:590,0
DA:591,0
DA:592,0
DA:593,0
DA:594,0
DA:595,0
DA:596,0
DA:597,0
DA:598,0
DA:599,0
DA:600,0
DA:601,0
DA:602,0
DA:603,0
DA:604,0
DA:605,0
DA:606,0
DA:607,0
DA:608,0
DA:609,0
DA:610,0
DA:611,0
DA:612,0
DA:613,0
DA:614,0
DA:615,0
DA:616,0
DA:617,0
DA:618,0
DA:619,0
DA:620,0
DA:621,0
DA:622,0
DA:623,0
DA:624,0
DA:625,0
DA:626,0
DA:627,0
DA:628,0
DA:629,0
DA:630,0
DA:631,0
DA:632,0
DA:633,0
DA:634,0
DA:635,0
DA:636,0
DA:637,0
DA:638,0
DA:639,1
DA:640,1
DA:641,1
DA:642,0
DA:643,0
DA:644,0
DA:645,0
DA:646,0
DA:647,0
DA:648,0
DA:649,0
DA:650,0
DA:651,0
DA:652,0
DA:653,0
DA:654,0
DA:655,0
DA:656,0
DA:657,0
DA:658,0
DA:659,0
DA:660,0
DA:661,0
DA:662,0
DA:663,0
DA:664,0
DA:665,0
DA:666,0
DA:667,0
DA:668,0
DA:669,0
DA:670,0
DA:671,0
DA:672,0
DA:673,0
DA:674,0
DA:675,0
DA:676,1
DA:677,1
DA:678,1
DA:679,1
DA:680,2
DA:681,2
DA:682,2
DA:683,2
DA:684,2
DA:685,2
DA:686,2
DA:687,2
DA:688,2
DA:689,2
DA:690,1
DA:691,1
DA:692,1
DA:693,1
DA:694,1
DA:695,2
DA:696,1
DA:697,1
DA:698,0
DA:699,0
DA:700,0
DA:701,0
DA:702,0
DA:703,0
DA:704,0
DA:705,1
DA:706,1
DA:707,1
DA:708,0
DA:709,0
DA:710,0
DA:711,0
DA:712,0
DA:713,0
DA:714,0
DA:715,0
DA:716,0
DA:717,0
DA:718,0
DA:719,0
DA:720,0
DA:721,1
DA:722,1
DA:723,1
DA:724,1
DA:725,1
DA:726,1
DA:727,1
DA:728,1
DA:729,1
DA:730,1
DA:731,1
DA:732,1
DA:733,1
DA:734,1
DA:735,1
DA:736,1
DA:737,1
DA:738,1
DA:739,1
DA:740,1
DA:741,0
DA:742,0
DA:743,0
DA:744,0
DA:745,0
DA:746,0
DA:747,0
DA:748,1
DA:749,1
DA:750,0
DA:751,0
DA:752,0
DA:753,0
DA:754,0
DA:755,0
DA:756,0
DA:757,1
DA:758,1
DA:759,0
DA:760,0
DA:761,0
DA:762,0
DA:763,0
DA:764,0
DA:765,0
DA:766,1
DA:767,1
DA:768,1
DA:769,0
DA:770,0
DA:771,0
DA:772,0
DA:773,0
DA:774,0
DA:775,0
DA:776,0
DA:777,0
DA:778,0
DA:779,0
DA:780,0
DA:781,0
DA:782,0
DA:783,1
DA:784,1
DA:785,0
DA:786,0
DA:787,0
DA:788,0
DA:789,0
DA:790,0
DA:791,0
DA:792,0
DA:793,1
DA:794,1
DA:795,1
DA:796,1
DA:797,1
DA:798,3
DA:799,3
DA:800,2
DA:801,3
DA:802,1
DA:803,3
DA:804,3
DA:805,1
DA:806,1
DA:807,1
DA:808,3
DA:809,2
DA:810,2
DA:811,3
DA:812,1
DA:813,1
DA:814,3
DA:815,3
DA:816,2
DA:817,3
DA:818,1
DA:819,3
DA:820,3
DA:821,1
DA:822,1
DA:823,3
DA:824,2
DA:825,2
DA:826,3
DA:827,1
DA:828,1
DA:829,0
DA:830,0
DA:831,0
DA:832,0
DA:833,0
DA:834,0
DA:835,0
DA:836,0
DA:837,0
DA:838,1
DA:839,1
DA:840,1
DA:841,1
DA:842,1
DA:843,0
DA:844,0
DA:845,0
DA:846,0
DA:847,0
DA:848,0
DA:849,0
DA:850,0
DA:851,0
DA:852,1
DA:853,1
DA:854,0
DA:855,0
DA:856,0
DA:857,0
DA:858,0
DA:859,0
DA:860,0
DA:861,0
DA:862,1
DA:863,1
DA:864,0
DA:865,0
DA:866,0
DA:867,0
DA:868,0
DA:869,0
DA:870,0
DA:871,0
DA:872,1
DA:873,1
DA:874,1
DA:875,1
DA:876,1
DA:877,0
DA:878,0
DA:879,0
DA:880,0
DA:881,0
DA:882,0
DA:883,0
DA:884,0
DA:885,0
DA:886,0
DA:887,0
DA:888,0
DA:889,0
DA:890,0
DA:891,0
DA:892,0
DA:893,0
DA:894,0
DA:895,0
DA:896,0
DA:897,0
DA:898,0
DA:899,0
DA:900,0
DA:901,1
DA:902,1
DA:903,1
LF:903
LH:440
BRDA:20,0,0,3
BRDA:27,1,0,2
BRDA:29,2,0,1
BRDA:37,3,0,0
BRDA:56,4,0,0
BRDA:59,5,0,1
BRDA:61,6,0,0
BRDA:61,7,0,0
BRDA:63,8,0,1
BRDA:64,9,0,0
BRDA:64,10,0,0
BRDA:66,11,0,1
BRDA:71,12,0,0
BRDA:72,13,0,1
BRDA:73,14,0,0
BRDA:74,15,0,1
BRDA:75,16,0,1
BRDA:76,17,0,0
BRDA:77,18,0,0
BRDA:77,19,0,1
BRDA:78,20,0,1
BRDA:79,21,0,1
BRDA:80,22,0,1
BRDA:84,23,0,1
BRDA:85,24,0,1
BRDA:87,25,0,1
BRDA:87,26,0,0
BRDA:109,27,0,1
BRDA:109,28,0,0
BRDA:110,29,0,1
BRDA:110,30,0,0
BRDA:115,31,0,1
BRDA:132,32,0,0
BRDA:133,33,0,0
BRDA:138,34,0,0
BRDA:140,35,0,1
BRDA:182,36,0,0
BRDA:184,37,0,1
BRDA:188,38,0,0
BRDA:145,39,0,1
BRDA:150,40,0,0
BRDA:150,41,0,0
BRDA:154,42,0,0
BRDA:337,43,0,2
BRDA:340,44,0,1
BRDA:356,45,0,2
BRDA:358,46,0,1
BRDA:364,47,0,4
BRDA:367,48,0,1
BRDA:367,49,0,3
BRDA:369,50,0,2
BRDA:369,51,0,2
BRDA:371,52,0,1
BRDA:373,53,0,2
BRDA:375,54,0,1
BRDA:376,55,0,1
BRDA:377,56,0,0
BRDA:377,57,0,1
BRDA:379,58,0,3
BRDA:384,59,0,2
BRDA:430,60,0,1
BRDA:386,61,0,2
BRDA:389,62,0,1
BRDA:392,63,0,0
BRDA:395,64,0,1
BRDA:399,65,0,1
BRDA:400,66,0,1
BRDA:401,67,0,1
BRDA:402,68,0,1
BRDA:403,69,0,0
BRDA:403,70,0,1
BRDA:404,71,0,1
BRDA:409,72,0,1
BRDA:425,73,0,1
BRDA:572,74,0,2
BRDA:575,75,0,1
BRDA:679,76,0,2
BRDA:681,77,0,0
BRDA:689,78,0,1
BRDA:797,79,0,3
BRDA:799,80,0,1
BRDA:799,81,0,2
BRDA:801,82,0,1
BRDA:803,83,0,0
BRDA:804,84,0,1
BRDA:808,85,0,2
BRDA:813,86,0,3
BRDA:815,87,0,1
BRDA:815,88,0,2
BRDA:817,89,0,1
BRDA:819,90,0,0
BRDA:820,91,0,1
BRDA:823,92,0,2
BRDA:819,93,0,2
BRF:94
BRH:67
end_of_record
TN:
SF:Application\Services\OrderDetailService.js
FN:9,_normalizeDetail
FN:22,createDetail
FN:37,createMany
FN:45,getByOrderId
FN:52,deleteByOrderId
FN:58,getById
FNF:6
FNH:0
FNDA:0,_normalizeDetail
FNDA:0,createDetail
FNDA:0,createMany
FNDA:0,getByOrderId
FNDA:0,deleteByOrderId
FNDA:0,getById
DA:1,1
DA:2,1
DA:3,1
DA:4,1
DA:5,1
DA:6,1
DA:7,1
DA:8,1
DA:9,1
DA:10,0
DA:11,0
DA:12,0
DA:13,0
DA:14,0
DA:15,0
DA:16,0
DA:17,0
DA:18,0
DA:19,0
DA:20,0
DA:21,1
DA:22,1
DA:23,0
DA:24,0
DA:25,0
DA:26,0
DA:27,0
DA:28,0
DA:29,0
DA:30,0
DA:31,0
DA:32,0
DA:33,0
DA:34,0
DA:35,1
DA:36,1
DA:37,1
DA:38,0
DA:39,0
DA:40,0
DA:41,0
DA:42,0
DA:43,1
DA:44,1
DA:45,1
DA:46,0
DA:47,0
DA:48,0
DA:49,0
DA:50,1
DA:51,1
DA:52,1
DA:53,0
DA:54,0
DA:55,0
DA:56,1
DA:57,1
DA:58,1
DA:59,0
DA:60,0
DA:61,0
DA:62,0
DA:63,1
DA:64,1
DA:65,1
LF:65
LH:26
BRF:0
BRH:0
end_of_record
TN:
SF:Application\Services\OrderService.js
FN:11,createQuickOrder
FN:85,createOrder
FN:198,getOrderById
FN:230,getAllOrders
FN:257,updateOrder
FN:307,getByLeadId
FN:313,updateStatus
FN:350,deleteOrder
FN:367,listByCustomer
FN:386,addItem
FN:410,getOrdersByDateRange
FNF:11
FNH:9
FNDA:0,createQuickOrder
FNDA:4,createOrder
FNDA:2,getOrderById
FNDA:2,getAllOrders
FNDA:4,updateOrder
FNDA:0,getByLeadId
FNDA:2,updateStatus
FNDA:2,deleteOrder
FNDA:2,listByCustomer
FNDA:4,addItem
FNDA:2,getOrdersByDateRange
DA:1,1
DA:2,1
DA:3,1
DA:4,1
DA:5,1
DA:6,1
DA:7,1
DA:8,1
DA:9,1
DA:10,1
DA:11,1
DA:12,0
DA:13,0
DA:14,0
DA:15,0
DA:16,0
DA:17,0
DA:18,0
DA:19,0
DA:20,0
DA:21,0
DA:22,0
DA:23,0
DA:24,0
DA:25,0
DA:26,0
DA:27,0
DA:28,0
DA:29,0
DA:30,0
DA:31,0
DA:32,0
DA:33,0
DA:34,0
DA:35,0
DA:36,0
DA:37,0
DA:38,0
DA:39,0
DA:40,0
DA:41,0
DA:42,0
DA:43,0
DA:44,0
DA:45,0
DA:46,0
DA:47,0
DA:48,0
DA:49,0
DA:50,0
DA:51,0
DA:52,0
DA:53,0
DA:54,0
DA:55,0
DA:56,0
DA:57,0
DA:58,0
DA:59,0
DA:60,0
DA:61,0
DA:62,0
DA:63,0
DA:64,0
DA:65,0
DA:66,0
DA:67,0
DA:68,0
DA:69,0
DA:70,0
DA:71,0
DA:72,0
DA:73,0
DA:74,0
DA:75,0
DA:76,0
DA:77,0
DA:78,0
DA:79,0
DA:80,0
DA:81,0
DA:82,0
DA:83,0
DA:84,1
DA:85,1
DA:86,4
DA:87,4
DA:88,4
DA:89,4
DA:90,4
DA:91,4
DA:92,4
DA:93,4
DA:94,4
DA:95,4
DA:96,1
DA:97,1
DA:98,1
DA:99,0
DA:100,0
DA:101,0
DA:102,0
DA:103,0
DA:104,0
DA:105,0
DA:106,0
DA:107,0
DA:108,0
DA:109,1
DA:110,1
DA:111,1
DA:112,1
DA:113,1
DA:114,1
DA:115,1
DA:116,1
DA:117,0
DA:118,0
DA:119,0
DA:120,1
DA:121,1
DA:122,1
DA:123,1
DA:124,1
DA:125,1
DA:126,1
DA:127,1
DA:128,1
DA:129,1
DA:130,1
DA:131,1
DA:132,4
DA:133,4
DA:134,4
DA:135,4
DA:136,3
DA:137,3
DA:138,3
DA:139,4
DA:140,4
DA:141,4
DA:142,1
DA:143,1
DA:144,2
DA:145,2
DA:146,2
DA:147,2
DA:148,2
DA:149,2
DA:150,2
DA:151,2
DA:152,4
DA:153,4
DA:154,4
DA:155,4
DA:156,4
DA:157,4
DA:158,4
DA:159,4
DA:160,2
DA:161,2
DA:162,2
DA:163,1
DA:164,1
DA:165,1
DA:166,1
DA:167,1
DA:168,1
DA:169,1
DA:170,1
DA:171,1
DA:172,1
DA:173,1
DA:174,1
DA:175,1
DA:176,1
DA:177,1
DA:178,4
DA:179,4
DA:180,4
DA:181,4
DA:182,4
DA:183,4
DA:184,4
DA:185,4
DA:186,4
DA:187,0
DA:188,0
DA:189,1
DA:190,1
DA:191,1
DA:192,1
DA:193,1
DA:194,1
DA:195,4
DA:196,1
DA:197,1
DA:198,1
DA:199,2
DA:200,2
DA:201,2
DA:202,1
DA:203,1
DA:204,1
DA:205,1
DA:206,1
DA:207,1
DA:208,1
DA:209,1
DA:210,1
DA:211,1
DA:212,1
DA:213,0
DA:214,0
DA:215,0
DA:216,0
DA:217,0
DA:218,0
DA:219,0
DA:220,0
DA:221,1
DA:222,1
DA:223,1
DA:224,1
DA:225,1
DA:226,1
DA:227,1
DA:228,1
DA:229,1
DA:230,1
DA:231,2
DA:232,2
DA:233,2
DA:234,2
DA:235,1
DA:236,1
DA:237,1
DA:238,1
DA:239,2
DA:240,2
DA:241,2
DA:242,2
DA:243,2
DA:244,2
DA:245,2
DA:246,2
DA:247,1
DA:248,1
DA:249,1
DA:250,1
DA:251,2
DA:252,0
DA:253,0
DA:254,2
DA:255,1
DA:256,1
DA:257,1
DA:258,4
DA:259,3
DA:260,4
DA:261,4
DA:262,4
DA:263,4
DA:264,4
DA:265,2
DA:266,2
DA:267,1
DA:268,1
DA:269,2
DA:270,1
DA:271,1
DA:272,1
DA:273,1
DA:274,1
DA:275,1
DA:276,1
DA:277,1
DA:278,1
DA:279,1
DA:280,1
DA:281,1
DA:282,1
DA:283,1
DA:284,1
DA:285,1
DA:286,1
DA:287,1
DA:288,1
DA:289,1
DA:290,1
DA:291,1
DA:292,1
DA:293,1
DA:294,1
DA:295,1
DA:296,1
DA:297,1
DA:298,1
DA:299,1
DA:300,1
DA:301,4
DA:302,0
DA:303,0
DA:304,0
DA:305,0
DA:306,4
DA:307,1
DA:308,0
DA:309,0
DA:310,0
DA:311,0
DA:312,1
DA:313,1
DA:314,2
DA:315,1
DA:316,1
DA:317,1
DA:318,1
DA:319,1
DA:320,1
DA:321,1
DA:322,1
DA:323,2
DA:324,2
DA:325,1
DA:326,1
DA:327,1
DA:328,1
DA:329,1
DA:330,1
DA:331,1
DA:332,1
DA:333,1
DA:334,1
DA:335,1
DA:336,1
DA:337,1
DA:338,1
DA:339,2
DA:340,0
DA:341,0
DA:342,1
DA:343,2
DA:344,0
DA:345,0
DA:346,0
DA:347,2
DA:348,1
DA:349,1
DA:350,1
DA:351,2
DA:352,1
DA:353,1
DA:354,1
DA:355,1
DA:356,1
DA:357,1
DA:358,1
DA:359,2
DA:360,0
DA:361,0
DA:362,0
DA:363,2
DA:364,1
DA:365,1
DA:366,1
DA:367,1
DA:368,2
DA:369,2
DA:370,2
DA:371,2
DA:372,1
DA:373,1
DA:374,1
DA:375,1
DA:376,2
DA:377,2
DA:378,1
DA:379,1
DA:380,1
DA:381,1
DA:382,2
DA:383,0
DA:384,0
DA:385,2
DA:386,1
DA:387,4
DA:388,3
DA:389,4
DA:390,4
DA:391,1
DA:392,1
DA:393,1
DA:394,1
DA:395,1
DA:396,1
DA:397,1
DA:398,1
DA:399,1
DA:400,1
DA:401,1
DA:402,1
DA:403,1
DA:404,4
DA:405,0
DA:406,0
DA:407,0
DA:408,4
DA:409,1
DA:410,1
DA:411,2
DA:412,2
DA:413,2
DA:414,1
DA:415,1
DA:416,2
DA:417,2
DA:418,1
DA:419,1
DA:420,1
DA:421,2
DA:422,0
DA:423,0
DA:424,2
DA:425,1
DA:426,1
DA:427,1
LF:427
LH:307
BRDA:85,0,0,4
BRDA:93,1,0,0
BRDA:95,2,0,1
BRDA:98,3,0,0
BRDA:113,4,0,0
BRDA:114,5,0,0
BRDA:116,6,0,0
BRDA:128,7,0,0
BRDA:135,8,0,1
BRDA:135,9,0,3
BRDA:139,10,0,0
BRDA:141,11,0,2
BRDA:141,12,0,1
BRDA:143,13,0,2
BRDA:159,14,0,2
BRDA:162,15,0,1
BRDA:180,16,0,1
BRDA:184,17,0,0
BRDA:184,18,0,1
BRDA:185,19,0,1
BRDA:186,20,0,0
BRDA:188,21,0,1
BRDA:138,22,0,2
BRDA:165,23,0,1
BRDA:198,24,0,2
BRDA:199,25,0,0
BRDA:201,26,0,1
BRDA:230,27,0,2
BRDA:234,28,0,1
BRDA:251,29,0,0
BRDA:238,30,0,2
BRDA:257,31,0,4
BRDA:258,32,0,1
BRDA:258,33,0,3
BRDA:260,34,0,1
BRDA:260,35,0,2
BRDA:261,36,0,0
BRDA:262,37,0,1
BRDA:264,38,0,2
BRDA:264,39,0,2
BRDA:266,40,0,1
BRDA:269,41,0,1
BRDA:301,42,0,0
BRDA:265,43,0,2
BRDA:282,44,0,1
BRDA:313,45,0,2
BRDA:314,46,0,1
BRDA:323,47,0,0
BRDA:324,48,0,0
BRDA:324,49,0,0
BRDA:324,50,0,1
BRDA:339,51,0,0
BRDA:341,52,0,1
BRDA:343,53,0,0
BRDA:350,54,0,2
BRDA:351,55,0,1
BRDA:359,56,0,0
BRDA:367,57,0,2
BRDA:371,58,0,1
BRDA:382,59,0,0
BRDA:375,60,0,2
BRDA:386,61,0,4
BRDA:387,62,0,1
BRDA:387,63,0,3
BRDA:389,64,0,1
BRDA:389,65,0,2
BRDA:390,66,0,1
BRDA:404,67,0,0
BRDA:398,68,0,1
BRDA:398,69,0,0
BRDA:398,70,0,0
BRDA:410,71,0,2
BRDA:413,72,0,1
BRDA:421,73,0,0
BRDA:415,74,0,2
BRF:75
BRH:51
end_of_record
TN:
SF:Application\Services\ProductService.js
FN:16,getAll
FN:20,getAllproduct
FN:25,getById
FN:32,create
FN:57,update
FN:67,delete
FN:73,importFromCSV
FN:83,exportToCSV
FNF:8
FNH:8
FNDA:2,getAll
FNDA:1,getAllproduct
FNDA:3,getById
FNDA:5,create
FNDA:2,update
FNDA:3,delete
FNDA:3,importFromCSV
FNDA:2,exportToCSV
DA:1,1
DA:2,1
DA:3,1
DA:4,1
DA:5,1
DA:6,1
DA:7,1
DA:8,1
DA:9,1
DA:10,1
DA:11,1
DA:12,1
DA:13,1
DA:14,1
DA:15,1
DA:16,1
DA:17,2
DA:18,1
DA:19,1
DA:20,1
DA:21,1
DA:22,1
DA:23,1
DA:24,1
DA:25,1
DA:26,3
DA:27,3
DA:28,1
DA:29,1
DA:30,1
DA:31,1
DA:32,1
DA:33,5
DA:34,5
DA:35,5
DA:36,2
DA:37,2
DA:38,3
DA:39,3
DA:40,5
DA:41,1
DA:42,1
DA:43,1
DA:44,1
DA:45,1
DA:46,1
DA:47,1
DA:48,1
DA:49,1
DA:50,1
DA:51,1
DA:52,1
DA:53,1
DA:54,1
DA:55,1
DA:56,1
DA:57,1
DA:58,2
DA:59,2
DA:60,2
DA:61,2
DA:62,2
DA:63,1
DA:64,1
DA:65,1
DA:66,1
DA:67,1
DA:68,3
DA:69,2
DA:70,2
DA:71,1
DA:72,1
DA:73,1
DA:74,3
DA:75,3
DA:76,1
DA:77,1
DA:78,2
DA:79,1
DA:80,1
DA:81,1
DA:82,1
DA:83,1
DA:84,2
DA:85,2
DA:86,2
DA:87,1
DA:88,1
DA:89,1
LF:89
LH:89
BRDA:16,0,0,2
BRDA:17,1,0,1
BRDA:20,2,0,1
BRDA:25,3,0,3
BRDA:26,4,0,2
BRDA:27,5,0,1
BRDA:32,6,0,5
BRDA:35,7,0,3
BRDA:35,8,0,2
BRDA:37,9,0,3
BRDA:39,10,0,2
BRDA:40,11,0,1
BRDA:41,12,0,0
BRDA:42,13,0,0
BRDA:43,14,0,1
BRDA:44,15,0,0
BRDA:44,16,0,0
BRDA:57,17,0,2
BRDA:62,18,0,1
BRDA:67,19,0,3
BRDA:68,20,0,2
BRDA:73,21,0,3
BRDA:75,22,0,1
BRDA:77,23,0,2
BRDA:78,24,0,1
BRDA:83,25,0,2
BRF:26
BRH:22
end_of_record
TN:
SF:Application\Services\RoleService.js
FN:5,RoleService
FN:9,_validateRoleData
FN:62,getAllRoles
FN:67,getRoleByName
FN:76,getPermissionsByRoleName
FN:85,createRole
FN:98,updateRole
FN:116,deleteRole
FNF:8
FNH:8
FNDA:1,RoleService
FNDA:8,_validateRoleData
FNDA:3,getAllRoles
FNDA:5,getRoleByName
FNDA:4,getPermissionsByRoleName
FNDA:5,createRole
FNDA:4,updateRole
FNDA:3,deleteRole
DA:1,1
DA:2,1
DA:3,1
DA:4,1
DA:5,1
DA:6,1
DA:7,1
DA:8,1
DA:9,1
DA:10,8
DA:11,0
DA:12,0
DA:13,8
DA:14,8
DA:15,8
DA:16,5
DA:17,2
DA:18,2
DA:19,3
DA:20,8
DA:21,3
DA:22,1
DA:23,0
DA:24,0
DA:25,1
DA:26,1
DA:27,3
DA:28,6
DA:29,6
DA:30,8
DA:31,5
DA:32,0
DA:33,0
DA:34,5
DA:35,5
DA:36,5
DA:37,5
DA:38,5
DA:39,5
DA:40,5
DA:41,5
DA:42,2
DA:43,0
DA:44,0
DA:45,2
DA:46,0
DA:47,0
DA:48,2
DA:49,2
DA:50,8
DA:51,0
DA:52,0
DA:53,2
DA:54,5
DA:55,5
DA:56,5
DA:57,5
DA:58,6
DA:59,6
DA:60,6
DA:61,1
DA:62,1
DA:63,3
DA:64,2
DA:65,2
DA:66,1
DA:67,1
DA:68,5
DA:69,2
DA:70,2
DA:71,3
DA:72,5
DA:73,1
DA:74,1
DA:75,1
DA:76,1
DA:77,4
DA:78,1
DA:79,1
DA:80,3
DA:81,4
DA:82,4
DA:83,4
DA:84,1
DA:85,1
DA:86,5
DA:87,5
DA:88,5
DA:89,5
DA:90,5
DA:91,1
DA:92,1
DA:93,1
DA:94,1
DA:95,1
DA:96,1
DA:97,1
DA:98,1
DA:99,4
DA:100,1
DA:101,1
DA:102,3
DA:103,3
DA:104,3
DA:105,4
DA:106,1
DA:107,1
DA:108,1
DA:109,1
DA:110,1
DA:111,2
DA:112,2
DA:113,1
DA:114,1
DA:115,1
DA:116,1
DA:117,3
DA:118,1
DA:119,1
DA:120,2
DA:121,2
DA:122,1
DA:123,1
DA:124,1
LF:124
LH:112
BRDA:5,0,0,1
BRDA:9,1,0,8
BRDA:10,2,0,0
BRDA:15,3,0,5
BRDA:16,4,0,3
BRDA:16,5,0,3
BRDA:16,6,0,2
BRDA:18,7,0,3
BRDA:20,8,0,3
BRDA:21,9,0,1
BRDA:22,10,0,0
BRDA:27,11,0,6
BRDA:30,12,0,5
BRDA:31,13,0,0
BRDA:57,14,0,6
BRDA:41,15,0,2
BRDA:42,16,0,0
BRDA:45,17,0,0
BRDA:49,18,0,8
BRDA:50,19,0,2
BRDA:50,20,0,0
BRDA:62,21,0,3
BRDA:63,22,0,2
BRDA:67,23,0,5
BRDA:68,24,0,3
BRDA:68,25,0,3
BRDA:68,26,0,2
BRDA:70,27,0,3
BRDA:71,28,0,2
BRDA:72,29,0,1
BRDA:76,30,0,4
BRDA:77,31,0,3
BRDA:77,32,0,3
BRDA:77,33,0,1
BRDA:79,34,0,3
BRDA:80,35,0,2
BRDA:81,36,0,1
BRDA:82,37,0,0
BRDA:85,38,0,5
BRDA:89,39,0,2
BRDA:90,40,0,1
BRDA:98,41,0,4
BRDA:99,42,0,3
BRDA:99,43,0,3
BRDA:99,44,0,1
BRDA:101,45,0,3
BRDA:105,46,0,1
BRDA:105,47,0,1
BRDA:110,48,0,2
BRDA:112,49,0,1
BRDA:116,50,0,3
BRDA:117,51,0,2
BRDA:117,52,0,2
BRDA:117,53,0,1
BRDA:119,54,0,2
BRF:55
BRH:48
end_of_record
TN:
SF:Application\Services\UserService.js
FN:9,UserService
FN:13,getAllUsers
FN:18,getUserById
FN:24,createUser
FN:55,updateUser
FN:86,deleteUser
FN:96,changePassword
FN:108,updateAvatar
FNF:8
FNH:8
FNDA:1,UserService
FNDA:1,getAllUsers
FNDA:2,getUserById
FNDA:10,createUser
FNDA:10,updateUser
FNDA:2,deleteUser
FNDA:3,changePassword
FNDA:5,updateAvatar
DA:1,1
DA:2,1
DA:3,1
DA:4,1
DA:5,1
DA:6,1
DA:7,1
DA:8,1
DA:9,1
DA:10,1
DA:11,1
DA:12,1
DA:13,1
DA:14,1
DA:15,1
DA:16,1
DA:17,1
DA:18,1
DA:19,2
DA:20,2
DA:21,1
DA:22,1
DA:23,1
DA:24,1
DA:25,10
DA:26,10
DA:27,1
DA:28,10
DA:29,9
DA:30,9
DA:31,3
DA:32,3
DA:33,3
DA:34,1
DA:35,3
DA:36,6
DA:37,6
DA:38,9
DA:39,5
DA:40,5
DA:41,5
DA:42,5
DA:43,5
DA:44,5
DA:45,5
DA:46,1
DA:47,1
DA:48,1
DA:49,1
DA:50,1
DA:51,1
DA:52,1
DA:53,10
DA:54,1
DA:55,1
DA:56,10
DA:57,10
DA:58,1
DA:59,10
DA:60,9
DA:61,3
DA:62,3
DA:63,3
DA:64,1
DA:65,3
DA:66,6
DA:67,6
DA:68,9
DA:69,5
DA:70,5
DA:71,5
DA:72,5
DA:73,5
DA:74,5
DA:75,5
DA:76,1
DA:77,1
DA:78,1
DA:79,1
DA:80,1
DA:81,1
DA:82,1
DA:83,1
DA:84,10
DA:85,1
DA:86,1
DA:87,2
DA:88,2
DA:89,2
DA:90,1
DA:91,1
DA:92,1
DA:93,2
DA:94,1
DA:95,1
DA:96,1
DA:97,3
DA:98,3
DA:99,2
DA:100,2
DA:101,3
DA:102,1
DA:103,1
DA:104,1
DA:105,1
DA:106,1
DA:107,1
DA:108,1
DA:109,5
DA:110,4
DA:111,4
DA:112,5
DA:113,3
DA:114,3
DA:115,5
DA:116,2
DA:117,2
DA:118,1
DA:119,1
DA:120,1
DA:121,2
DA:122,3
DA:123,3
DA:124,3
DA:125,3
DA:126,3
DA:127,3
DA:128,3
DA:129,3
DA:130,3
DA:131,3
DA:132,3
DA:133,3
DA:134,3
DA:135,3
DA:136,3
DA:137,3
DA:138,3
DA:139,3
DA:140,3
DA:141,1
DA:142,1
DA:143,1
LF:143
LH:143
BRDA:9,0,0,1
BRDA:13,1,0,1
BRDA:18,2,0,2
BRDA:20,3,0,1
BRDA:24,4,0,10
BRDA:26,5,0,1
BRDA:28,6,0,9
BRDA:30,7,0,3
BRDA:32,8,0,1
BRDA:32,9,0,2
BRDA:33,10,0,1
BRDA:35,11,0,6
BRDA:38,12,0,5
BRDA:42,13,0,1
BRDA:42,14,0,4
BRDA:43,15,0,3
BRDA:43,16,0,1
BRDA:43,17,0,3
BRDA:44,18,0,2
BRDA:44,19,0,1
BRDA:44,20,0,2
BRDA:45,21,0,1
BRDA:45,22,0,1
BRDA:49,23,0,1
BRDA:55,24,0,10
BRDA:57,25,0,1
BRDA:59,26,0,9
BRDA:60,27,0,3
BRDA:62,28,0,1
BRDA:62,29,0,2
BRDA:63,30,0,1
BRDA:65,31,0,6
BRDA:68,32,0,5
BRDA:72,33,0,1
BRDA:72,34,0,4
BRDA:73,35,0,3
BRDA:73,36,0,1
BRDA:73,37,0,3
BRDA:74,38,0,2
BRDA:74,39,0,1
BRDA:74,40,0,2
BRDA:75,41,0,1
BRDA:75,42,0,1
BRDA:79,43,0,1
BRDA:86,44,0,2
BRDA:89,45,0,1
BRDA:96,46,0,3
BRDA:98,47,0,1
BRDA:98,48,0,2
BRDA:101,49,0,1
BRDA:108,50,0,5
BRDA:109,51,0,1
BRDA:109,52,0,4
BRDA:112,53,0,1
BRDA:112,54,0,3
BRDA:115,55,0,2
BRDA:117,56,0,1
BRDA:121,57,0,3
BRF:58
BRH:58
end_of_record
TN:
SF:Application\Services\campaign_runners\FacebookRunner.js
FN:4,start
FNF:1
FNH:0
FNDA:0,start
DA:1,1
DA:2,1
DA:3,1
DA:4,1
DA:5,0
DA:6,0
DA:7,0
DA:8,0
DA:9,0
DA:10,0
DA:11,0
DA:12,0
DA:13,0
DA:14,0
DA:15,0
DA:16,0
DA:17,0
DA:18,0
DA:19,0
DA:20,0
DA:21,0
DA:22,0
DA:23,0
DA:24,0
DA:25,0
DA:26,0
DA:27,0
DA:28,0
DA:29,0
DA:30,0
DA:31,0
DA:32,0
DA:33,0
DA:34,0
DA:35,0
DA:36,0
DA:37,0
DA:38,0
DA:39,1
DA:40,1
DA:41,1
LF:41
LH:7
BRF:0
BRH:0
end_of_record
TN:
SF:Application\Services\campaign_runners\ZaloRunner.js
FN:4,start
FNF:1
FNH:0
FNDA:0,start
DA:1,1
DA:2,1
DA:3,1
DA:4,1
DA:5,0
DA:6,0
DA:7,0
DA:8,0
DA:9,0
DA:10,0
DA:11,0
DA:12,0
DA:13,0
DA:14,0
DA:15,0
DA:16,0
DA:17,0
DA:18,0
DA:19,0
DA:20,0
DA:21,0
DA:22,1
DA:23,1
DA:24,1
LF:24
LH:7
BRF:0
BRH:0
end_of_record
TN:
SF:Application\helpers\errors.js
FN:3,AppError
FN:13,asAppError
FN:22,ok
FN:23,fail
FNF:4
FNH:4
FNDA:52,AppError
FNDA:44,asAppError
FNDA:39,ok
FNDA:51,fail
DA:1,1
DA:2,1
DA:3,1
DA:4,52
DA:5,52
DA:6,52
DA:7,52
DA:8,52
DA:9,52
DA:10,52
DA:11,1
DA:12,1
DA:13,1
DA:14,44
DA:15,44
DA:16,44
DA:17,44
DA:18,44
DA:19,44
DA:20,1
DA:21,1
DA:22,1
DA:23,1
DA:24,51
DA:25,51
DA:26,51
DA:27,51
DA:28,51
DA:29,51
DA:30,51
DA:31,51
DA:32,1
DA:33,1
DA:34,1
LF:34
LH:34
BRDA:3,0,0,52
BRDA:8,1,0,0
BRDA:13,2,0,44
BRDA:14,3,0,39
BRDA:14,4,0,29
BRDA:14,5,0,15
BRDA:15,6,0,2
BRDA:16,7,0,2
BRDA:17,8,0,15
BRDA:17,9,0,15
BRDA:17,10,0,15
BRDA:18,11,0,15
BRDA:18,12,0,0
BRDA:22,13,0,39
BRDA:23,14,0,51
BRDA:27,15,0,0
BRDA:28,16,0,0
BRDA:29,17,0,0
BRDA:30,18,0,0
BRF:19
BRH:13
end_of_record
TN:
SF:Application\helpers\validators.js
FN:1,asString
FN:4,asStringArray
FN:16,asNumber
FN:21,asFloat
FN:26,asDate
FN:32,stripNullish
FNF:6
FNH:0
FNDA:0,asString
FNDA:0,asStringArray
FNDA:0,asNumber
FNDA:0,asFloat
FNDA:0,asDate
FNDA:0,stripNullish
DA:1,0
DA:2,0
DA:3,0
DA:4,0
DA:5,0
DA:6,0
DA:7,0
DA:8,0
DA:9,0
DA:10,0
DA:11,0
DA:12,0
DA:13,0
DA:14,0
DA:15,1
DA:16,0
DA:17,0
DA:18,0
DA:19,0
DA:20,1
DA:21,0
DA:22,0
DA:23,0
DA:24,0
DA:25,1
DA:26,0
DA:27,0
DA:28,0
DA:29,0
DA:30,0
DA:31,1
DA:32,0
DA:33,0
DA:34,0
DA:35,0
DA:36,0
DA:37,1
DA:38,1
DA:39,1
LF:39
LH:7
BRF:0
BRH:0
end_of_record
TN:
SF:Domain\Entities\AutomationAction.js
FN:7,markSent
FN:12,markFailed
FN:21,toJSON
FNF:3
FNH:0
FNDA:0,markSent
FNDA:0,markFailed
FNDA:0,toJSON
DA:1,1
DA:2,1
DA:3,1
DA:4,1
DA:5,1
DA:6,1
DA:7,1
DA:8,0
DA:9,0
DA:10,0
DA:11,1
DA:12,1
DA:13,0
DA:14,0
DA:15,0
DA:16,0
DA:17,0
DA:18,0
DA:19,0
DA:20,1
DA:21,1
DA:22,0
DA:23,0
DA:24,0
DA:25,0
DA:26,0
DA:27,0
DA:28,0
DA:29,0
DA:30,0
DA:31,0
DA:32,0
DA:33,0
DA:34,0
DA:35,0
DA:36,0
DA:37,0
DA:38,1
DA:39,1
DA:40,1
DA:41,1
DA:42,1
DA:43,1
DA:44,1
DA:45,1
DA:46,1
DA:47,1
DA:48,1
DA:49,1
DA:50,1
DA:51,1
DA:52,1
DA:53,1
DA:54,1
DA:55,1
DA:56,1
DA:57,1
DA:58,1
DA:59,1
DA:60,1
DA:61,1
DA:62,1
DA:63,1
DA:64,1
DA:65,1
DA:66,1
DA:67,1
DA:68,1
DA:69,1
DA:70,1
DA:71,1
DA:72,1
DA:73,1
DA:74,1
DA:75,1
DA:76,1
DA:77,1
DA:78,1
DA:79,1
DA:80,1
DA:81,1
DA:82,1
DA:83,1
DA:84,1
DA:85,1
DA:86,1
DA:87,1
LF:87
LH:61
BRF:0
BRH:0
end_of_record
TN:
SF:Domain\Entities\AutomationActionType.js
FN:6,toJSON
FNF:1
FNH:0
FNDA:0,toJSON
DA:1,1
DA:2,1
DA:3,1
DA:4,1
DA:5,1
DA:6,1
DA:7,0
DA:8,0
DA:9,0
DA:10,0
DA:11,0
DA:12,0
DA:13,0
DA:14,0
DA:15,0
DA:16,0
DA:17,0
DA:18,0
DA:19,1
DA:20,1
DA:21,1
DA:22,1
DA:23,1
DA:24,1
DA:25,1
DA:26,1
DA:27,1
DA:28,1
DA:29,1
DA:30,1
DA:31,1
DA:32,1
DA:33,1
DA:34,1
DA:35,1
DA:36,1
DA:37,1
DA:38,1
DA:39,1
DA:40,1
DA:41,1
DA:42,1
DA:43,1
LF:43
LH:31
BRF:0
BRH:0
end_of_record
TN:
SF:Domain\Entities\AutomationEventType.js
FN:6,toJSON
FNF:1
FNH:0
FNDA:0,toJSON
DA:1,1
DA:2,1
DA:3,1
DA:4,1
DA:5,1
DA:6,1
DA:7,0
DA:8,0
DA:9,0
DA:10,0
DA:11,0
DA:12,0
DA:13,0
DA:14,0
DA:15,0
DA:16,0
DA:17,1
DA:18,1
DA:19,1
DA:20,1
DA:21,1
DA:22,1
DA:23,1
DA:24,1
DA:25,1
DA:26,1
DA:27,1
DA:28,1
DA:29,1
DA:30,1
DA:31,1
DA:32,1
DA:33,1
DA:34,1
DA:35,1
DA:36,1
DA:37,1
DA:38,1
DA:39,1
DA:40,1
DA:41,1
DA:42,1
DA:43,1
DA:44,1
LF:44
LH:34
BRF:0
BRH:0
end_of_record
TN:
SF:Domain\Entities\AutomationFlow.js
FN:8,enable
FN:13,disable
FN:18,addTrigger
FN:25,addAction
FN:32,touch
FN:36,toJSON
FNF:6
FNH:0
FNDA:0,enable
FNDA:0,disable
FNDA:0,addTrigger
FNDA:0,addAction
FNDA:0,touch
FNDA:0,toJSON
DA:1,1
DA:2,1
DA:3,1
DA:4,1
DA:5,1
DA:6,1
DA:7,1
DA:8,1
DA:9,0
DA:10,0
DA:11,0
DA:12,1
DA:13,1
DA:14,0
DA:15,0
DA:16,0
DA:17,1
DA:18,1
DA:19,0
DA:20,0
DA:21,0
DA:22,0
DA:23,0
DA:24,1
DA:25,1
DA:26,0
DA:27,0
DA:28,0
DA:29,0
DA:30,0
DA:31,1
DA:32,1
DA:33,0
DA:34,0
DA:35,1
DA:36,1
DA:37,0
DA:38,0
DA:39,0
DA:40,0
DA:41,0
DA:42,0
DA:43,0
DA:44,0
DA:45,0
DA:46,0
DA:47,0
DA:48,0
DA:49,0
DA:50,0
DA:51,1
DA:52,1
DA:53,1
DA:54,1
DA:55,1
DA:56,1
DA:57,1
DA:58,1
DA:59,1
DA:60,1
DA:61,1
DA:62,1
DA:63,1
DA:64,1
DA:65,1
DA:66,1
DA:67,1
DA:68,1
DA:69,1
DA:70,1
DA:71,1
DA:72,1
DA:73,1
DA:74,1
DA:75,1
DA:76,1
DA:77,1
DA:78,1
DA:79,1
DA:80,1
DA:81,1
DA:82,1
DA:83,1
DA:84,1
DA:85,1
DA:86,1
DA:87,1
DA:88,1
DA:89,1
DA:90,1
DA:91,1
DA:92,1
DA:93,1
DA:94,1
DA:95,1
DA:96,1
DA:97,1
DA:98,1
DA:99,1
DA:100,1
DA:101,1
DA:102,1
DA:103,1
DA:104,1
DA:105,1
DA:106,1
DA:107,1
DA:108,1
DA:109,1
DA:110,1
DA:111,1
DA:112,1
DA:113,1
DA:114,1
DA:115,1
DA:116,1
LF:116
LH:84
BRF:0
BRH:0
end_of_record
TN:
SF:Domain\Entities\AutomationTrigger.js
FN:7,activate
FN:11,deactivate
FN:15,updateConditions
FN:19,matchesEvent
FN:27,toJSON
FNF:5
FNH:0
FNDA:0,activate
FNDA:0,deactivate
FNDA:0,updateConditions
FNDA:0,matchesEvent
FNDA:0,toJSON
DA:1,1
DA:2,1
DA:3,1
DA:4,1
DA:5,1
DA:6,1
DA:7,1
DA:8,0
DA:9,0
DA:10,1
DA:11,1
DA:12,0
DA:13,0
DA:14,1
DA:15,1
DA:16,0
DA:17,0
DA:18,1
DA:19,1
DA:20,0
DA:21,0
DA:22,0
DA:23,0
DA:24,0
DA:25,0
DA:26,1
DA:27,1
DA:28,0
DA:29,0
DA:30,0
DA:31,0
DA:32,0
DA:33,0
DA:34,0
DA:35,0
DA:36,0
DA:37,1
DA:38,1
DA:39,1
DA:40,1
DA:41,1
DA:42,1
DA:43,1
DA:44,1
DA:45,1
DA:46,1
DA:47,1
DA:48,1
DA:49,1
DA:50,1
DA:51,1
DA:52,1
DA:53,1
DA:54,1
DA:55,1
DA:56,1
DA:57,1
DA:58,1
DA:59,1
DA:60,1
DA:61,1
DA:62,1
DA:63,1
DA:64,1
DA:65,1
DA:66,1
DA:67,1
DA:68,1
DA:69,1
DA:70,1
DA:71,1
DA:72,1
DA:73,1
DA:74,1
DA:75,1
DA:76,1
DA:77,1
DA:78,1
DA:79,1
DA:80,1
LF:80
LH:59
BRF:0
BRH:0
end_of_record
TN:
SF:Domain\Entities\Campaign.js
FNF:0
FNH:0
DA:1,1
DA:2,1
DA:3,1
DA:4,1
DA:5,1
DA:6,1
DA:7,1
DA:8,1
DA:9,1
DA:10,1
DA:11,1
DA:12,1
DA:13,1
DA:14,1
DA:15,1
DA:16,1
DA:17,1
DA:18,1
DA:19,1
DA:20,1
DA:21,1
DA:22,1
DA:23,1
DA:24,1
DA:25,1
DA:26,1
DA:27,1
DA:28,1
DA:29,1
DA:30,1
DA:31,1
DA:32,1
DA:33,1
DA:34,1
DA:35,1
DA:36,1
DA:37,1
DA:38,1
DA:39,1
DA:40,1
DA:41,1
DA:42,1
DA:43,1
DA:44,1
DA:45,1
DA:46,1
DA:47,1
DA:48,1
DA:49,1
DA:50,1
DA:51,1
DA:52,1
DA:53,1
DA:54,1
DA:55,1
DA:56,1
DA:57,1
DA:58,1
DA:59,1
DA:60,1
DA:61,1
DA:62,1
DA:63,1
DA:64,1
DA:65,1
DA:66,1
DA:67,1
DA:68,1
DA:69,1
DA:70,1
DA:71,1
DA:72,1
DA:73,1
DA:74,1
DA:75,1
DA:76,1
LF:76
LH:76
BRF:0
BRH:0
end_of_record
TN:
SF:Domain\Entities\Category.js
FNF:0
FNH:0
DA:1,1
DA:2,1
DA:3,1
DA:4,1
DA:5,1
DA:6,1
DA:7,1
DA:8,1
DA:9,1
DA:10,1
DA:11,1
DA:12,1
DA:13,1
DA:14,1
DA:15,1
DA:16,1
DA:17,1
DA:18,1
DA:19,1
DA:20,1
DA:21,1
DA:22,1
DA:23,1
DA:24,1
DA:25,1
DA:26,1
DA:27,1
DA:28,1
LF:28
LH:28
BRF:0
BRH:0
end_of_record
TN:
SF:Domain\Entities\Customer.js
FN:8,updateInfo
FN:12,addTag
FN:20,removeTag
FN:25,addSocialChannel
FN:31,removeSocialChannel
FN:39,toJSON
FNF:6
FNH:0
FNDA:0,updateInfo
FNDA:0,addTag
FNDA:0,removeTag
FNDA:0,addSocialChannel
FNDA:0,removeSocialChannel
FNDA:0,toJSON
DA:1,1
DA:2,1
DA:3,1
DA:4,1
DA:5,1
DA:6,1
DA:7,1
DA:8,1
DA:9,0
DA:10,0
DA:11,1
DA:12,1
DA:13,0
DA:14,0
DA:15,0
DA:16,0
DA:17,0
DA:18,0
DA:19,1
DA:20,1
DA:21,0
DA:22,0
DA:23,0
DA:24,1
DA:25,1
DA:26,0
DA:27,0
DA:28,0
DA:29,0
DA:30,1
DA:31,1
DA:32,0
DA:33,0
DA:34,0
DA:35,0
DA:36,0
DA:37,0
DA:38,1
DA:39,1
DA:40,0
DA:41,0
DA:42,0
DA:43,0
DA:44,0
DA:45,0
DA:46,0
DA:47,0
DA:48,0
DA:49,0
DA:50,0
DA:51,0
DA:52,0
DA:53,0
DA:54,0
DA:55,0
DA:56,0
DA:57,1
DA:58,1
DA:59,1
DA:60,1
DA:61,1
DA:62,1
DA:63,1
DA:64,1
DA:65,1
DA:66,1
DA:67,1
DA:68,1
DA:69,1
DA:70,1
DA:71,1
DA:72,1
DA:73,1
DA:74,1
DA:75,1
DA:76,1
DA:77,1
DA:78,1
DA:79,1
DA:80,1
DA:81,1
DA:82,1
DA:83,1
DA:84,1
DA:85,1
DA:86,1
DA:87,1
DA:88,1
DA:89,1
DA:90,1
DA:91,1
DA:92,1
DA:93,1
DA:94,1
DA:95,1
DA:96,1
DA:97,1
DA:98,1
DA:99,1
DA:100,1
DA:101,1
DA:102,1
DA:103,1
DA:104,1
DA:105,1
DA:106,1
DA:107,1
DA:108,1
DA:109,1
DA:110,1
DA:111,1
DA:112,1
DA:113,1
DA:114,1
DA:115,1
DA:116,1
DA:117,1
DA:118,1
DA:119,1
DA:120,1
DA:121,1
DA:122,1
DA:123,1
DA:124,1
DA:125,1
DA:126,1
DA:127,1
DA:128,1
DA:129,1
DA:130,1
DA:131,1
DA:132,1
LF:132
LH:94
BRF:0
BRH:0
end_of_record
TN:
SF:Domain\Entities\CustomerAnalyticsSnapshot.js
FNF:0
FNH:0
DA:1,1
DA:2,1
DA:3,1
DA:4,1
DA:5,1
DA:6,1
DA:7,1
DA:8,1
DA:9,1
DA:10,1
DA:11,1
DA:12,1
DA:13,1
DA:14,1
DA:15,1
DA:16,1
DA:17,1
DA:18,1
DA:19,1
DA:20,1
DA:21,1
DA:22,1
DA:23,1
DA:24,1
DA:25,1
DA:26,1
DA:27,1
DA:28,1
DA:29,1
DA:30,1
DA:31,1
DA:32,1
DA:33,1
DA:34,1
DA:35,1
DA:36,1
DA:37,1
DA:38,1
DA:39,1
DA:40,1
DA:41,1
DA:42,1
DA:43,1
DA:44,1
DA:45,1
DA:46,1
DA:47,1
DA:48,1
DA:49,1
DA:50,1
DA:51,1
DA:52,1
DA:53,1
DA:54,1
DA:55,1
DA:56,1
DA:57,1
DA:58,1
DA:59,1
DA:60,1
DA:61,1
DA:62,1
DA:63,1
DA:64,1
DA:65,1
DA:66,1
DA:67,1
DA:68,1
DA:69,1
DA:70,1
DA:71,1
DA:72,1
DA:73,1
DA:74,1
DA:75,1
DA:76,1
DA:77,1
DA:78,1
DA:79,1
DA:80,1
DA:81,1
DA:82,1
DA:83,1
DA:84,1
DA:85,1
DA:86,1
DA:87,1
DA:88,1
DA:89,1
DA:90,1
DA:91,1
DA:92,1
DA:93,1
DA:94,1
DA:95,1
DA:96,1
DA:97,1
DA:98,1
DA:99,1
DA:100,1
DA:101,1
DA:102,1
DA:103,1
DA:104,1
DA:105,1
DA:106,1
DA:107,1
DA:108,1
DA:109,1
LF:109
LH:109
BRF:0
BRH:0
end_of_record
TN:
SF:Domain\Entities\Lead.js
FN:7,updateStatus
FNF:1
FNH:0
FNDA:0,updateStatus
DA:1,1
DA:2,1
DA:3,1
DA:4,1
DA:5,1
DA:6,1
DA:7,1
DA:8,0
DA:9,0
DA:10,1
DA:11,1
DA:12,1
DA:13,1
DA:14,1
DA:15,1
DA:16,1
DA:17,1
DA:18,1
DA:19,1
DA:20,1
DA:21,1
DA:22,1
DA:23,1
DA:24,1
DA:25,1
DA:26,1
DA:27,1
DA:28,1
DA:29,1
DA:30,1
DA:31,1
DA:32,1
DA:33,1
DA:34,1
DA:35,1
DA:36,1
DA:37,1
DA:38,1
DA:39,1
DA:40,1
DA:41,1
DA:42,1
DA:43,1
DA:44,1
DA:45,1
DA:46,1
DA:47,1
DA:48,1
DA:49,1
DA:50,1
DA:51,1
DA:52,1
DA:53,1
DA:54,1
DA:55,1
DA:56,1
DA:57,1
DA:58,1
DA:59,1
DA:60,1
DA:61,1
DA:62,1
DA:63,1
DA:64,1
DA:65,1
DA:66,1
DA:67,1
DA:68,1
DA:69,1
DA:70,1
DA:71,1
DA:72,1
DA:73,1
DA:74,1
DA:75,1
DA:76,1
DA:77,1
DA:78,1
DA:79,1
DA:80,1
DA:81,1
DA:82,1
DA:83,1
DA:84,1
DA:85,1
DA:86,1
DA:87,1
DA:88,1
DA:89,1
DA:90,1
DA:91,1
DA:92,1
DA:93,1
DA:94,1
DA:95,1
DA:96,1
DA:97,1
DA:98,1
DA:99,1
DA:100,1
DA:101,1
DA:102,1
DA:103,1
DA:104,1
DA:105,1
DA:106,1
DA:107,1
DA:108,1
DA:109,1
DA:110,1
DA:111,1
DA:112,1
DA:113,1
DA:114,1
DA:115,1
DA:116,1
DA:117,1
DA:118,1
DA:119,1
DA:120,1
DA:121,1
DA:122,1
DA:123,1
DA:124,1
DA:125,1
DA:126,1
DA:127,1
DA:128,1
DA:129,1
DA:130,1
DA:131,1
DA:132,1
DA:133,1
DA:134,1
LF:134
LH:132
BRF:0
BRH:0
end_of_record
TN:
SF:Domain\Entities\LeadInteraction.js
FNF:0
FNH:0
DA:1,1
DA:2,1
DA:3,1
DA:4,1
DA:5,1
DA:6,1
DA:7,1
DA:8,1
DA:9,1
DA:10,1
DA:11,1
DA:12,1
DA:13,1
DA:14,1
DA:15,1
DA:16,1
DA:17,1
DA:18,1
DA:19,1
DA:20,1
DA:21,1
DA:22,1
DA:23,1
DA:24,1
DA:25,1
DA:26,1
DA:27,1
DA:28,1
DA:29,1
DA:30,1
DA:31,1
DA:32,1
DA:33,1
DA:34,1
DA:35,1
DA:36,1
DA:37,1
DA:38,1
DA:39,1
DA:40,1
DA:41,1
DA:42,1
DA:43,1
DA:44,1
DA:45,1
DA:46,1
DA:47,1
DA:48,1
DA:49,1
DA:50,1
DA:51,1
DA:52,1
DA:53,1
DA:54,1
DA:55,1
DA:56,1
DA:57,1
DA:58,1
DA:59,1
DA:60,1
DA:61,1
DA:62,1
DA:63,1
DA:64,1
DA:65,1
DA:66,1
DA:67,1
DA:68,1
DA:69,1
LF:69
LH:69
BRF:0
BRH:0
end_of_record
TN:
SF:Domain\Entities\LeadStatusHistory.js
FNF:0
FNH:0
DA:1,1
DA:2,1
DA:3,1
DA:4,1
DA:5,1
DA:6,1
DA:7,1
DA:8,1
DA:9,1
DA:10,1
DA:11,1
DA:12,1
DA:13,1
DA:14,1
DA:15,1
DA:16,1
DA:17,1
DA:18,1
DA:19,1
DA:20,1
DA:21,1
DA:22,1
DA:23,1
DA:24,1
DA:25,1
DA:26,1
DA:27,1
DA:28,1
DA:29,1
DA:30,1
DA:31,1
DA:32,1
DA:33,1
DA:34,1
DA:35,1
DA:36,1
DA:37,1
DA:38,1
DA:39,1
DA:40,1
DA:41,1
DA:42,1
DA:43,1
DA:44,1
DA:45,1
DA:46,1
DA:47,1
DA:48,1
DA:49,1
DA:50,1
DA:51,1
DA:52,1
DA:53,1
DA:54,1
DA:55,1
DA:56,1
DA:57,1
DA:58,1
DA:59,1
DA:60,1
DA:61,1
DA:62,1
DA:63,1
LF:63
LH:63
BRF:0
BRH:0
end_of_record
TN:
SF:Domain\Entities\Order.js
FN:6,updateStatus
FN:11,addItem
FN:16,toJSON
FNF:3
FNH:0
FNDA:0,updateStatus
FNDA:0,addItem
FNDA:0,toJSON
DA:1,1
DA:2,1
DA:3,1
DA:4,1
DA:5,1
DA:6,1
DA:7,0
DA:8,0
DA:9,0
DA:10,1
DA:11,1
DA:12,0
DA:13,0
DA:14,0
DA:15,1
DA:16,1
DA:17,0
DA:18,0
DA:19,0
DA:20,0
DA:21,0
DA:22,0
DA:23,0
DA:24,0
DA:25,0
DA:26,0
DA:27,0
DA:28,0
DA:29,0
DA:30,0
DA:31,0
DA:32,0
DA:33,1
DA:34,1
DA:35,1
DA:36,1
DA:37,1
DA:38,1
DA:39,1
DA:40,1
DA:41,1
DA:42,1
DA:43,1
DA:44,1
DA:45,1
DA:46,1
DA:47,1
DA:48,1
DA:49,1
DA:50,1
DA:51,1
DA:52,1
DA:53,1
DA:54,1
DA:55,1
DA:56,1
DA:57,1
DA:58,1
DA:59,1
DA:60,1
DA:61,1
DA:62,1
DA:63,1
DA:64,1
DA:65,1
DA:66,1
DA:67,1
DA:68,1
DA:69,1
DA:70,1
DA:71,1
DA:72,1
DA:73,1
DA:74,1
DA:75,1
DA:76,1
DA:77,1
DA:78,1
DA:79,1
DA:80,1
DA:81,1
DA:82,1
DA:83,1
DA:84,1
DA:85,1
DA:86,1
DA:87,1
DA:88,1
DA:89,1
DA:90,1
DA:91,1
DA:92,1
DA:93,1
DA:94,1
DA:95,1
DA:96,1
DA:97,1
LF:97
LH:75
BRF:0
BRH:0
end_of_record
TN:
SF:Domain\Entities\OrderDetail.js
FN:7,getLineTotal
FN:17,toJSON
FNF:2
FNH:0
FNDA:0,getLineTotal
FNDA:0,toJSON
DA:1,1
DA:2,1
DA:3,1
DA:4,1
DA:5,1
DA:6,1
DA:7,1
DA:8,0
DA:9,0
DA:10,0
DA:11,0
DA:12,0
DA:13,0
DA:14,0
DA:15,0
DA:16,1
DA:17,1
DA:18,0
DA:19,0
DA:20,0
DA:21,0
DA:22,0
DA:23,0
DA:24,0
DA:25,0
DA:26,0
DA:27,0
DA:28,0
DA:29,1
DA:30,1
DA:31,1
DA:32,1
DA:33,1
DA:34,1
DA:35,1
DA:36,1
DA:37,1
DA:38,1
DA:39,1
DA:40,1
DA:41,1
DA:42,1
DA:43,1
DA:44,1
DA:45,1
DA:46,1
DA:47,1
DA:48,1
DA:49,1
DA:50,1
DA:51,1
DA:52,1
DA:53,1
DA:54,1
DA:55,1
DA:56,1
DA:57,1
DA:58,1
DA:59,1
DA:60,1
LF:60
LH:41
BRF:0
BRH:0
end_of_record
TN:
SF:Domain\Entities\Product.js
FN:6,adjustInventory
FNF:1
FNH:0
FNDA:0,adjustInventory
DA:1,1
DA:2,1
DA:3,1
DA:4,1
DA:5,1
DA:6,1
DA:7,0
DA:8,0
DA:9,1
DA:10,1
DA:11,1
DA:12,1
DA:13,1
DA:14,1
DA:15,1
DA:16,1
DA:17,1
DA:18,1
DA:19,1
DA:20,1
DA:21,1
DA:22,1
DA:23,1
DA:24,1
DA:25,1
DA:26,1
DA:27,1
DA:28,1
DA:29,1
DA:30,1
DA:31,1
DA:32,1
DA:33,1
DA:34,1
DA:35,1
DA:36,1
DA:37,1
DA:38,1
DA:39,1
DA:40,1
DA:41,1
DA:42,1
DA:43,1
DA:44,1
DA:45,1
DA:46,1
LF:46
LH:44
BRF:0
BRH:0
end_of_record
TN:
SF:Domain\Entities\Role.js
FN:7,hasPermission
FNF:1
FNH:0
FNDA:0,hasPermission
DA:1,1
DA:2,1
DA:3,1
DA:4,1
DA:5,1
DA:6,1
DA:7,1
DA:8,0
DA:9,0
DA:10,1
DA:11,1
DA:12,1
DA:13,1
DA:14,1
DA:15,1
DA:16,1
DA:17,1
DA:18,1
DA:19,1
DA:20,1
DA:21,1
DA:22,1
DA:23,1
DA:24,1
DA:25,1
DA:26,1
DA:27,1
DA:28,1
DA:29,1
DA:30,1
DA:31,1
DA:32,1
DA:33,1
DA:34,1
DA:35,1
DA:36,1
DA:37,1
DA:38,1
DA:39,1
DA:40,1
DA:41,1
DA:42,1
DA:43,1
DA:44,1
DA:45,1
DA:46,1
DA:47,1
DA:48,1
LF:48
LH:46
BRF:0
BRH:0
end_of_record
TN:
SF:Domain\Entities\User.js
FN:7,activate
FN:10,deactivate
FNF:2
FNH:0
FNDA:0,activate
FNDA:0,deactivate
DA:1,1
DA:2,1
DA:3,1
DA:4,1
DA:5,1
DA:6,1
DA:7,1
DA:8,0
DA:9,0
DA:10,1
DA:11,0
DA:12,0
DA:13,1
DA:14,1
DA:15,1
DA:16,1
DA:17,1
DA:18,1
DA:19,1
DA:20,1
DA:21,1
DA:22,1
DA:23,1
DA:24,1
DA:25,1
DA:26,1
DA:27,1
DA:28,1
DA:29,1
DA:30,1
DA:31,1
DA:32,1
DA:33,1
DA:34,1
DA:35,1
DA:36,1
DA:37,1
DA:38,1
DA:39,1
DA:40,1
DA:41,1
DA:42,1
DA:43,1
DA:44,1
DA:45,1
DA:46,1
DA:47,1
DA:48,1
DA:49,1
DA:50,1
DA:51,1
DA:52,1
DA:53,1
DA:54,1
DA:55,1
DA:56,1
DA:57,1
DA:58,1
DA:59,1
DA:60,1
DA:61,1
DA:62,1
DA:63,1
DA:64,1
DA:65,1
DA:66,1
DA:67,1
DA:68,1
DA:69,1
DA:70,1
DA:71,1
DA:72,1
DA:73,1
DA:74,1
DA:75,1
DA:76,1
DA:77,1
LF:77
LH:73
BRF:0
BRH:0
end_of_record
TN:
SF:Domain\Entities\leadStateMachine.js
FN:7,toContacted
FN:10,toClosedLost
FN:31,canTransition
FN:39,allowedStatuses
FNF:4
FNH:0
FNDA:0,toContacted
FNDA:0,toClosedLost
FNDA:0,canTransition
FNDA:0,allowedStatuses
DA:1,1
DA:2,1
DA:3,1
DA:4,1
DA:5,1
DA:6,1
DA:7,1
DA:8,0
DA:9,1
DA:10,1
DA:11,0
DA:12,0
DA:13,1
DA:14,1
DA:15,1
DA:16,1
DA:17,1
DA:18,1
DA:19,1
DA:20,1
DA:21,1
DA:22,1
DA:23,1
DA:24,1
DA:25,1
DA:26,1
DA:27,1
DA:28,1
DA:29,1
DA:30,1
DA:31,1
DA:32,0
DA:33,0
DA:34,0
DA:35,0
DA:36,0
DA:37,0
DA:38,1
DA:39,1
DA:40,0
DA:41,0
DA:42,0
DA:43,0
DA:44,1
LF:44
LH:31
BRF:0
BRH:0
end_of_record
TN:
SF:Domain\Events\LeadEvents.js
FNF:0
FNH:0
DA:1,1
DA:2,1
DA:3,1
DA:4,1
DA:5,1
DA:6,1
DA:7,1
DA:8,1
DA:9,1
DA:10,1
DA:11,1
LF:11
LH:11
BRF:0
BRH:0
end_of_record
TN:
SF:Domain\Events\eventscampaing.js
FNF:0
FNH:0
DA:1,1
DA:2,1
DA:3,1
DA:4,1
DA:5,1
DA:6,1
LF:6
LH:6
BRF:0
BRH:0
end_of_record
TN:
SF:Domain\valueObjects\TriggerRegistry.js
FN:6,TriggerRegistry
FN:21,register
FN:25,getAll
FN:29,exists
FNF:4
FNH:2
FNDA:3,TriggerRegistry
FNDA:9,register
FNDA:0,getAll
FNDA:0,exists
DA:1,1
DA:2,1
DA:3,1
DA:4,1
DA:5,1
DA:6,1
DA:7,3
DA:8,3
DA:9,1
DA:10,1
DA:11,1
DA:12,1
DA:13,1
DA:14,1
DA:15,1
DA:16,1
DA:17,1
DA:18,1
DA:19,1
DA:20,1
DA:21,1
DA:22,9
DA:23,9
DA:24,1
DA:25,1
DA:26,0
DA:27,0
DA:28,1
DA:29,1
DA:30,0
DA:31,0
DA:32,1
DA:33,1
DA:34,1
DA:35,1
LF:35
LH:31
BRDA:6,0,0,3
BRDA:21,1,0,9
BRF:2
BRH:2
end_of_record
TN:
SF:Infrastructure\Bus\RabbitMQPublisher.js
FN:5,RabbitMQPublisher
FN:14,init
FN:44,publish
FN:69,close
FNF:4
FNH:1
FNDA:4,RabbitMQPublisher
FNDA:0,init
FNDA:0,publish
FNDA:0,close
DA:1,1
DA:2,1
DA:3,1
DA:4,1
DA:5,1
DA:6,4
DA:7,4
DA:8,4
DA:9,4
DA:10,4
DA:11,4
DA:12,4
DA:13,1
DA:14,1
DA:15,0
DA:16,0
DA:17,0
DA:18,0
DA:19,0
DA:20,0
DA:21,0
DA:22,0
DA:23,0
DA:24,0
DA:25,0
DA:26,0
DA:27,0
DA:28,0
DA:29,0
DA:30,0
DA:31,0
DA:32,0
DA:33,0
DA:34,0
DA:35,0
DA:36,0
DA:37,0
DA:38,0
DA:39,0
DA:40,0
DA:41,0
DA:42,0
DA:43,1
DA:44,1
DA:45,0
DA:46,0
DA:47,0
DA:48,0
DA:49,0
DA:50,0
DA:51,0
DA:52,0
DA:53,0
DA:54,0
DA:55,0
DA:56,0
DA:57,0
DA:58,0
DA:59,0
DA:60,0
DA:61,0
DA:62,0
DA:63,0
DA:64,0
DA:65,0
DA:66,0
DA:67,0
DA:68,1
DA:69,1
DA:70,0
DA:71,0
DA:72,0
DA:73,0
DA:74,0
DA:75,0
DA:76,0
DA:77,0
DA:78,0
DA:79,0
DA:80,0
DA:81,0
DA:82,0
DA:83,0
DA:84,1
DA:85,1
DA:86,1
LF:86
LH:21
BRDA:5,0,0,4
BRDA:10,1,0,1
BRF:2
BRH:2
end_of_record
TN:
SF:Infrastructure\Repositories\AutomationActionRepository.js
FN:6,create
FN:10,findById
FN:14,findByTrigger
FN:18,findByFlow
FN:22,list
FN:28,update
FN:35,delete
FN:40,findDue
FN:50,markSent
FN:57,markFailed
FN:64,bulkDeleteByIds
FNF:11
FNH:11
FNDA:1,create
FNDA:1,findById
FNDA:1,findByTrigger
FNDA:1,findByFlow
FNDA:2,list
FNDA:2,update
FNDA:1,delete
FNDA:1,findDue
FNDA:2,markSent
FNDA:2,markFailed
FNDA:2,bulkDeleteByIds
DA:1,1
DA:2,1
DA:3,1
DA:4,1
DA:5,1
DA:6,1
DA:7,1
DA:8,1
DA:9,1
DA:10,1
DA:11,1
DA:12,1
DA:13,1
DA:14,1
DA:15,1
DA:16,1
DA:17,1
DA:18,1
DA:19,1
DA:20,1
DA:21,1
DA:22,1
DA:23,2
DA:24,2
DA:25,2
DA:26,2
DA:27,1
DA:28,1
DA:29,2
DA:30,2
DA:31,1
DA:32,1
DA:33,1
DA:34,1
DA:35,1
DA:36,1
DA:37,1
DA:38,1
DA:39,1
DA:40,1
DA:41,1
DA:42,1
DA:43,1
DA:44,1
DA:45,1
DA:46,1
DA:47,1
DA:48,1
DA:49,1
DA:50,1
DA:51,2
DA:52,2
DA:53,1
DA:54,1
DA:55,1
DA:56,1
DA:57,1
DA:58,2
DA:59,2
DA:60,2
DA:61,2
DA:62,1
DA:63,1
DA:64,1
DA:65,2
DA:66,2
DA:67,2
DA:68,2
DA:69,2
DA:70,2
DA:71,2
DA:72,1
DA:73,1
DA:74,1
LF:74
LH:74
BRDA:6,0,0,1
BRDA:10,1,0,1
BRDA:14,2,0,1
BRDA:18,3,0,1
BRDA:22,4,0,2
BRDA:24,5,0,1
BRDA:28,6,0,2
BRDA:30,7,0,1
BRDA:35,8,0,1
BRDA:40,9,0,1
BRDA:50,10,0,2
BRDA:52,11,0,1
BRDA:57,12,0,2
BRDA:59,13,0,1
BRDA:60,14,0,0
BRDA:60,15,0,0
BRDA:61,16,0,1
BRDA:64,17,0,2
BRDA:65,18,0,1
BRDA:66,19,0,0
BRF:20
BRH:17
end_of_record
TN:
SF:Infrastructure\Repositories\AutomationActionTypeRepository.js
FN:4,findById
FN:8,list
FN:20,upsert
FN:28,create
FN:32,update
FN:40,delete
FN:47,setActive
FNF:7
FNH:7
FNDA:10,findById
FNDA:5,list
FNDA:2,upsert
FNDA:1,create
FNDA:6,update
FNDA:2,delete
FNDA:3,setActive
DA:1,1
DA:2,1
DA:3,1
DA:4,1
DA:5,10
DA:6,10
DA:7,1
DA:8,1
DA:9,5
DA:10,5
DA:11,5
DA:12,1
DA:13,1
DA:14,1
DA:15,1
DA:16,1
DA:17,5
DA:18,5
DA:19,1
DA:20,1
DA:21,2
DA:22,2
DA:23,2
DA:24,2
DA:25,2
DA:26,2
DA:27,1
DA:28,1
DA:29,1
DA:30,1
DA:31,1
DA:32,1
DA:33,6
DA:34,6
DA:35,4
DA:36,4
DA:37,4
DA:38,4
DA:39,1
DA:40,1
DA:41,2
DA:42,2
DA:43,1
DA:44,1
DA:45,1
DA:46,1
DA:47,1
DA:48,3
DA:49,3
DA:50,1
DA:51,1
DA:52,1
LF:52
LH:52
BRDA:4,0,0,10
BRDA:8,1,0,5
BRDA:10,2,0,1
BRDA:11,3,0,1
BRDA:20,4,0,2
BRDA:28,5,0,1
BRDA:32,6,0,6
BRDA:34,7,0,2
BRDA:34,8,0,4
BRDA:40,9,0,2
BRDA:42,10,0,1
BRDA:47,11,0,3
BRF:12
BRH:12
end_of_record
TN:
SF:Infrastructure\Repositories\AutomationEventTypeRepository.js
FN:4,findById
FN:8,list
FN:22,upsert
FN:31,create
FN:35,update
FN:43,delete
FN:50,setActive
FNF:7
FNH:7
FNDA:8,findById
FNDA:4,list
FNDA:1,upsert
FNDA:1,create
FNDA:4,update
FNDA:2,delete
FNDA:2,setActive
DA:1,1
DA:2,1
DA:3,1
DA:4,1
DA:5,8
DA:6,8
DA:7,1
DA:8,1
DA:9,4
DA:10,4
[...]
FNDA:1,listStatusHistory
FNDA:2,deleteInteraction
FNDA:2,getRecentActivity
FNDA:3,recomputeLeadScore
FNDA:2,aggregateByStatus
FNDA:2,findHot
DA:1,1
DA:2,1
DA:3,1
DA:4,1
DA:5,1
DA:6,1
DA:7,1
DA:8,1
DA:9,1
DA:10,1
DA:11,1
DA:12,4
DA:13,4
DA:14,4
DA:15,4
DA:16,4
DA:17,4
DA:18,1
DA:19,1
DA:20,1
DA:21,1
DA:22,1
DA:23,2
DA:24,2
DA:25,2
DA:26,1
DA:27,1
DA:28,1
DA:29,2
DA:30,2
DA:31,2
DA:32,1
DA:33,1
DA:34,1
DA:35,1
DA:36,1
DA:37,1
DA:38,1
DA:39,1
DA:40,1
DA:41,1
DA:42,1
DA:43,1
DA:44,4
DA:45,4
DA:46,4
DA:47,3
DA:48,4
DA:49,4
DA:50,3
DA:51,3
DA:52,4
DA:53,1
DA:54,1
DA:55,4
DA:56,1
DA:57,1
DA:58,4
DA:59,1
DA:60,1
DA:61,4
DA:62,0
DA:63,4
DA:64,3
DA:65,3
DA:66,3
DA:67,3
DA:68,1
DA:69,1
DA:70,3
DA:71,3
DA:72,3
DA:73,1
DA:74,1
DA:75,2
DA:76,2
DA:77,2
DA:78,1
DA:79,1
DA:80,1
DA:81,1
DA:82,1
DA:83,1
DA:84,1
DA:85,2
DA:86,2
DA:87,2
DA:88,1
DA:89,1
DA:90,1
DA:91,1
DA:92,1
DA:93,1
DA:94,1
DA:95,1
DA:96,1
DA:97,1
DA:98,1
DA:99,1
DA:100,1
DA:101,1
DA:102,1
DA:103,1
DA:104,1
DA:105,2
DA:106,2
DA:107,2
DA:108,1
DA:109,1
DA:110,1
DA:111,1
DA:112,1
DA:113,1
DA:114,0
DA:115,0
DA:116,1
DA:117,1
DA:118,1
DA:119,1
DA:120,1
DA:121,1
DA:122,1
DA:123,1
DA:124,1
DA:125,1
DA:126,1
DA:127,1
DA:128,1
DA:129,1
DA:130,1
DA:131,1
DA:132,2
DA:133,2
DA:134,2
DA:135,2
DA:136,2
DA:137,2
DA:138,2
DA:139,2
DA:140,2
DA:141,1
DA:142,1
DA:143,2
DA:144,2
DA:145,1
DA:146,1
DA:147,1
DA:148,1
DA:149,1
DA:150,1
DA:151,1
DA:152,1
DA:153,1
DA:154,1
DA:155,1
DA:156,1
DA:157,1
DA:158,1
DA:159,1
DA:160,1
DA:161,1
DA:162,1
DA:163,1
DA:164,1
DA:165,1
DA:166,1
DA:167,1
DA:168,3
DA:169,0
DA:170,0
DA:171,0
DA:172,3
DA:173,3
DA:174,3
DA:175,3
DA:176,2
DA:177,3
DA:178,3
DA:179,3
DA:180,3
DA:181,3
DA:182,3
DA:183,3
DA:184,3
DA:185,3
DA:186,3
DA:187,3
DA:188,3
DA:189,3
DA:190,2
DA:191,2
DA:192,2
DA:193,3
DA:194,3
DA:195,3
DA:196,3
DA:197,3
DA:198,1
DA:199,1
DA:200,1
DA:201,1
DA:202,1
DA:203,1
DA:204,1
DA:205,2
DA:206,1
DA:207,1
DA:208,1
DA:209,1
DA:210,1
DA:211,1
DA:212,1
DA:213,1
DA:214,1
DA:215,1
DA:216,1
DA:217,1
DA:218,1
DA:219,1
DA:220,1
DA:221,1
DA:222,1
DA:223,3
DA:224,3
DA:225,3
DA:226,3
DA:227,3
DA:228,3
DA:229,2
DA:230,2
DA:231,2
DA:232,2
DA:233,2
DA:234,2
DA:235,2
DA:236,2
DA:237,3
DA:238,3
DA:239,3
DA:240,3
DA:241,3
DA:242,3
DA:243,3
DA:244,3
DA:245,3
DA:246,3
DA:247,3
DA:248,3
DA:249,3
DA:250,3
DA:251,2
DA:252,2
DA:253,2
DA:254,2
DA:255,2
DA:256,2
DA:257,2
DA:258,3
DA:259,3
DA:260,3
DA:261,3
DA:262,3
DA:263,1
DA:264,1
DA:265,3
DA:266,3
DA:267,3
DA:268,3
DA:269,3
DA:270,0
DA:271,0
DA:272,0
DA:273,0
DA:274,3
DA:275,3
DA:276,3
DA:277,3
DA:278,3
DA:279,3
DA:280,3
DA:281,3
DA:282,3
DA:283,1
DA:284,1
DA:285,2
DA:286,1
DA:287,1
DA:288,1
DA:289,1
DA:290,1
DA:291,1
DA:292,1
DA:293,1
DA:294,1
DA:295,1
DA:296,1
DA:297,1
DA:298,1
DA:299,1
DA:300,1
DA:301,1
DA:302,1
DA:303,2
DA:304,1
DA:305,1
DA:306,1
DA:307,1
DA:308,2
DA:309,2
DA:310,2
DA:311,2
DA:312,2
DA:313,2
DA:314,2
DA:315,2
DA:316,2
DA:317,2
DA:318,2
DA:319,1
DA:320,1
DA:321,3
DA:322,2
DA:323,2
DA:324,2
DA:325,2
DA:326,2
DA:327,2
DA:328,2
DA:329,2
DA:330,2
DA:331,3
DA:332,1
DA:333,3
DA:334,1
DA:335,1
DA:336,1
DA:337,1
DA:338,2
DA:339,2
DA:340,2
DA:341,2
DA:342,2
DA:343,2
DA:344,2
DA:345,2
DA:346,1
DA:347,1
DA:348,1
DA:349,1
DA:350,1
DA:351,2
DA:352,2
DA:353,2
DA:354,2
DA:355,2
DA:356,2
DA:357,2
DA:358,1
DA:359,1
DA:360,1
LF:360
LH:350
BRDA:11,0,0,4
BRDA:14,1,0,0
BRDA:15,2,0,0
BRDA:22,3,0,2
BRDA:28,4,0,2
BRDA:31,5,0,1
BRDA:37,6,0,1
BRDA:43,7,0,4
BRDA:46,8,0,1
BRDA:46,9,0,3
BRDA:48,10,0,0
BRDA:49,11,0,0
BRDA:49,12,0,3
BRDA:52,13,0,1
BRDA:55,14,0,1
BRDA:58,15,0,1
BRDA:61,16,0,0
BRDA:63,17,0,3
BRDA:56,18,0,2
BRDA:69,19,0,3
BRDA:74,20,0,2
BRDA:79,21,0,1
BRDA:84,22,0,2
BRDA:89,23,0,1
BRDA:104,24,0,2
BRDA:106,25,0,1
BRDA:106,26,0,1
BRDA:107,27,0,1
BRDA:113,28,0,0
BRDA:117,29,0,1
BRDA:122,30,0,1
BRDA:131,31,0,2
BRDA:134,32,0,1
BRDA:142,33,0,2
BRDA:144,34,0,1
BRDA:167,35,0,3
BRDA:168,36,0,0
BRDA:195,37,0,0
BRDA:173,38,0,3
BRDA:175,39,0,1
BRDA:175,40,0,2
BRDA:177,41,0,0
BRDA:186,42,0,0
BRDA:189,43,0,2
BRDA:200,44,0,1
BRDA:204,45,0,2
BRDA:205,46,0,1
BRDA:222,47,0,3
BRDA:223,48,0,0
BRDA:260,49,0,0
BRDA:226,50,0,3
BRDA:228,51,0,1
BRDA:228,52,0,2
BRDA:237,53,0,0
BRDA:250,54,0,2
BRDA:253,55,0,0
BRDA:264,56,0,3
BRDA:265,57,0,0
BRDA:267,58,0,1
BRDA:268,59,0,1
BRDA:269,60,0,0
BRDA:284,61,0,2
BRDA:285,62,0,1
BRDA:293,63,0,1
BRDA:294,64,0,0
BRDA:302,65,0,2
BRDA:303,66,0,1
BRDA:307,67,0,2
BRDA:308,68,0,0
BRDA:310,69,0,1
BRDA:320,70,0,3
BRDA:321,71,0,1
BRDA:321,72,0,2
BRDA:331,73,0,1
BRDA:333,74,0,0
BRDA:333,75,0,1
BRDA:337,76,0,2
BRDA:350,77,0,2
BRF:78
BRH:59
end_of_record
TN:
SF:Infrastructure\Repositories\OrderDetailRepository.js
FN:5,OrderDetailRepository
FN:10,create
FN:14,createMany
FN:19,findByOrderId
FN:23,deleteByOrderId
FN:27,findById
FNF:6
FNH:1
FNDA:1,OrderDetailRepository
FNDA:0,create
FNDA:0,createMany
FNDA:0,findByOrderId
FNDA:0,deleteByOrderId
FNDA:0,findById
DA:1,1
DA:2,1
DA:3,1
DA:4,1
DA:5,1
DA:6,1
DA:7,1
DA:8,1
DA:9,1
DA:10,1
DA:11,0
DA:12,0
DA:13,1
DA:14,1
DA:15,0
DA:16,0
DA:17,0
DA:18,1
DA:19,1
DA:20,0
DA:21,0
DA:22,1
DA:23,1
DA:24,0
DA:25,0
DA:26,1
DA:27,1
DA:28,0
DA:29,0
DA:30,1
DA:31,1
DA:32,1
LF:32
LH:21
BRDA:5,0,0,1
BRF:1
BRH:1
end_of_record
TN:
SF:Infrastructure\Repositories\OrderRepository.js
FN:6,OrderRepository
FN:13,create
FN:18,findById
FN:21,findbyleadId
FN:26,findAll
FN:31,update
FN:40,updateStatus
FN:49,delete
FN:54,listByCustomer
FN:70,getOrdersByDateRange
FNF:10
FNH:10
FNDA:3,OrderRepository
FNDA:2,create
FNDA:6,findById
FNDA:2,findbyleadId
FNDA:1,findAll
FNDA:2,update
FNDA:2,updateStatus
FNDA:3,delete
FNDA:4,listByCustomer
FNDA:2,getOrdersByDateRange
DA:1,1
DA:2,1
DA:3,1
DA:4,1
DA:5,1
DA:6,1
DA:7,3
DA:8,3
DA:9,3
DA:10,3
DA:11,1
DA:12,1
DA:13,1
DA:14,2
DA:15,2
DA:16,1
DA:17,1
DA:18,1
DA:19,6
DA:20,6
DA:21,1
DA:22,2
DA:23,2
DA:24,1
DA:25,1
DA:26,1
DA:27,1
DA:28,1
DA:29,1
DA:30,1
DA:31,1
DA:32,2
DA:33,2
DA:34,2
DA:35,2
DA:36,2
DA:37,2
DA:38,1
DA:39,1
DA:40,1
DA:41,2
DA:42,2
DA:43,2
DA:44,2
DA:45,2
DA:46,2
DA:47,1
DA:48,1
DA:49,1
DA:50,3
DA:51,3
DA:52,1
DA:53,1
DA:54,1
DA:55,4
DA:56,4
DA:57,4
DA:58,4
DA:59,4
DA:60,4
DA:61,4
DA:62,4
DA:63,4
DA:64,4
DA:65,4
DA:66,4
DA:67,4
DA:68,1
DA:69,1
DA:70,1
DA:71,2
DA:72,2
DA:73,2
DA:74,2
DA:75,2
DA:76,2
DA:77,2
DA:78,2
DA:79,1
DA:80,1
DA:81,1
LF:81
LH:81
BRDA:6,0,0,3
BRDA:13,1,0,2
BRDA:18,2,0,6
BRDA:21,3,0,2
BRDA:26,4,0,1
BRDA:31,5,0,2
BRDA:40,6,0,2
BRDA:49,7,0,3
BRDA:54,8,0,4
BRDA:56,9,0,1
BRDA:70,10,0,2
BRF:11
BRH:11
end_of_record
TN:
SF:Infrastructure\Repositories\ProductRepository.js
FN:8,findById
FN:12,findByIds
FN:23,findAll
FN:27,findNameAndImageById
FN:35,save
FN:54,delete
FN:60,findByName
FN:67,findByCategory
FN:74,updateInventory
FN:84,importFromCSV
FN:89,parseLine
FN:188,normalizeName
FN:318,exportToCSV
FNF:13
FNH:13
FNDA:2,findById
FNDA:2,findByIds
FNDA:1,findAll
FNDA:2,findNameAndImageById
FNDA:2,save
FNDA:1,delete
FNDA:1,findByName
FNDA:1,findByCategory
FNDA:2,updateInventory
FNDA:7,importFromCSV
FNDA:12,parseLine
FNDA:6,normalizeName
FNDA:2,exportToCSV
DA:1,1
DA:2,1
DA:3,1
DA:4,1
DA:5,1
DA:6,1
DA:7,1
DA:8,1
DA:9,2
DA:10,2
DA:11,2
DA:12,1
DA:13,2
DA:14,1
DA:15,1
DA:16,1
DA:17,1
DA:18,1
DA:19,1
DA:20,1
DA:21,1
DA:22,1
DA:23,1
DA:24,1
DA:25,1
DA:26,1
DA:27,1
DA:28,2
DA:29,2
DA:30,1
DA:31,2
DA:32,2
DA:33,1
DA:34,1
DA:35,1
DA:36,2
DA:37,2
DA:38,1
DA:39,1
DA:40,1
DA:41,1
DA:42,1
DA:43,1
DA:44,1
DA:45,1
DA:46,1
DA:47,1
DA:48,1
DA:49,1
DA:50,1
DA:51,1
DA:52,1
DA:53,1
DA:54,1
DA:55,1
DA:56,1
DA:57,1
DA:58,1
DA:59,1
DA:60,1
DA:61,1
DA:62,1
DA:63,1
DA:64,1
DA:65,1
DA:66,1
DA:67,1
DA:68,1
DA:69,1
DA:70,1
DA:71,1
DA:72,1
DA:73,1
DA:74,1
DA:75,2
DA:76,2
DA:77,1
DA:78,1
DA:79,1
DA:80,1
DA:81,1
DA:82,1
DA:83,1
DA:84,1
DA:85,7
DA:86,7
DA:87,6
DA:88,6
DA:89,6
DA:90,12
DA:91,12
DA:92,12
DA:93,12
DA:94,280
DA:95,280
DA:96,0
DA:97,0
DA:98,280
DA:99,12
DA:100,12
DA:101,280
DA:102,268
DA:103,268
DA:104,280
DA:105,12
DA:106,12
DA:107,12
DA:108,6
DA:109,6
DA:110,6
DA:111,6
DA:112,6
DA:113,6
DA:114,6
DA:115,6
DA:116,6
DA:117,6
DA:118,6
DA:119,6
DA:120,6
DA:121,6
DA:122,6
DA:123,6
DA:124,7
DA:125,0
DA:126,0
DA:127,0
DA:128,0
DA:129,0
DA:130,0
DA:131,0
DA:132,0
DA:133,0
DA:134,0
DA:135,0
DA:136,0
DA:137,0
DA:138,0
DA:139,7
DA:140,6
DA:141,6
DA:142,6
DA:143,6
DA:144,5
DA:145,5
DA:146,5
DA:147,6
DA:148,7
DA:149,7
DA:150,7
DA:151,7
DA:152,0
DA:153,0
DA:154,0
DA:155,7
DA:156,7
DA:157,14
DA:158,14
DA:159,7
DA:160,7
DA:161,5
DA:162,5
DA:163,5
DA:164,5
DA:165,5
DA:166,5
DA:167,5
DA:168,5
DA:169,5
DA:170,5
DA:171,5
DA:172,5
DA:173,5
DA:174,5
DA:175,5
DA:176,5
DA:177,5
DA:178,5
DA:179,5
DA:180,5
DA:181,5
DA:182,5
DA:183,5
DA:184,5
DA:185,5
DA:186,5
DA:187,5
DA:188,5
DA:189,5
DA:190,7
DA:191,7
DA:192,7
DA:193,7
DA:194,7
DA:195,7
DA:196,14
DA:197,14
DA:198,14
DA:199,7
DA:200,7
DA:201,7
DA:202,7
DA:203,7
DA:204,7
DA:205,7
DA:206,0
DA:207,7
DA:208,7
DA:209,0
DA:210,7
DA:211,7
DA:212,7
DA:213,7
DA:214,7
DA:215,7
DA:216,7
DA:217,7
DA:218,7
DA:219,7
DA:220,7
DA:221,7
DA:222,7
DA:223,7
DA:224,7
DA:225,1
DA:226,1
DA:227,1
DA:228,7
DA:229,0
DA:230,0
DA:231,0
DA:232,6
DA:233,6
DA:234,6
DA:235,7
DA:236,1
DA:237,1
DA:238,1
DA:239,5
DA:240,5
DA:241,5
DA:242,5
DA:243,5
DA:244,5
DA:245,7
DA:246,0
DA:247,0
DA:248,0
DA:249,0
DA:250,5
DA:251,5
DA:252,5
DA:253,5
DA:254,5
DA:255,5
DA:256,5
DA:257,5
DA:258,5
DA:259,5
DA:260,5
DA:261,5
DA:262,5
DA:263,5
DA:264,5
DA:265,5
DA:266,5
DA:267,5
DA:268,5
DA:269,7
DA:270,2
DA:271,2
DA:272,2
DA:273,2
DA:274,2
DA:275,2
DA:276,2
DA:277,0
DA:278,0
DA:279,7
DA:280,3
DA:281,3
DA:282,3
DA:283,7
DA:284,5
DA:285,5
DA:286,5
DA:287,7
DA:288,2
DA:289,2
DA:290,1
DA:291,1
DA:292,1
DA:293,1
DA:294,1
DA:295,1
DA:296,1
DA:297,1
DA:298,1
DA:299,1
DA:300,1
DA:301,0
DA:302,0
DA:303,0
DA:304,1
DA:305,1
DA:306,2
DA:307,5
DA:308,5
DA:309,5
DA:310,5
DA:311,5
DA:312,5
DA:313,5
DA:314,5
DA:315,5
DA:316,1
DA:317,1
DA:318,1
DA:319,2
DA:320,2
DA:321,1
DA:322,1
DA:323,1
DA:324,1
DA:325,1
DA:326,1
DA:327,1
DA:328,1
DA:329,1
DA:330,1
DA:331,1
DA:332,1
DA:333,1
DA:334,1
DA:335,1
DA:336,1
DA:337,1
DA:338,1
DA:339,1
DA:340,1
DA:341,1
DA:342,1
DA:343,1
DA:344,1
DA:345,1
DA:346,1
DA:347,1
DA:348,1
DA:349,1
DA:350,1
DA:351,1
DA:352,1
DA:353,1
DA:354,1
DA:355,1
DA:356,1
DA:357,1
DA:358,1
DA:359,1
DA:360,1
DA:361,1
DA:362,1
DA:363,1
DA:364,1
DA:365,1
DA:366,1
DA:367,1
LF:367
LH:334
BRDA:8,0,0,2
BRDA:10,1,0,1
BRDA:12,2,0,2
BRDA:13,3,0,1
BRDA:23,4,0,1
BRDA:27,5,0,2
BRDA:30,6,0,1
BRDA:31,7,0,1
BRDA:35,8,0,2
BRDA:37,9,0,1
BRDA:54,10,0,1
BRDA:60,11,0,1
BRDA:67,12,0,1
BRDA:74,13,0,2
BRDA:76,14,0,1
BRDA:84,15,0,7
BRDA:86,16,0,1
BRDA:86,17,0,6
BRDA:124,18,0,0
BRDA:124,19,0,0
BRDA:139,20,0,6
BRDA:143,21,0,1
BRDA:143,22,0,5
BRDA:147,23,0,7
BRDA:151,24,0,0
BRDA:156,25,0,14
BRDA:157,26,0,0
BRDA:160,27,0,5
BRDA:161,28,0,5
BRDA:195,29,0,14
BRDA:196,30,0,0
BRDA:201,31,0,1
BRDA:204,32,0,0
BRDA:205,33,0,0
BRDA:206,34,0,0
BRDA:208,35,0,0
BRDA:209,36,0,0
BRDA:211,37,0,0
BRDA:211,38,0,0
BRDA:212,39,0,0
BRDA:212,40,0,0
BRDA:213,41,0,0
BRDA:213,42,0,0
BRDA:224,43,0,1
BRDA:227,44,0,6
BRDA:228,45,0,0
BRDA:231,46,0,6
BRDA:235,47,0,1
BRDA:238,48,0,5
BRDA:245,49,0,0
BRDA:249,50,0,5
BRDA:269,51,0,2
BRDA:276,52,0,0
BRDA:279,53,0,3
BRDA:283,54,0,5
BRDA:287,55,0,2
BRDA:289,56,0,1
BRDA:300,57,0,0
BRDA:306,58,0,5
BRDA:89,59,0,12
BRDA:93,60,0,280
BRDA:95,61,0,0
BRDA:98,62,0,12
BRDA:98,63,0,12
BRDA:101,64,0,268
BRDA:106,65,0,24
BRDA:142,66,0,13
BRDA:188,67,0,6
BRDA:188,68,0,0
BRDA:318,69,0,2
BRDA:320,70,0,1
BRDA:344,71,0,0
BRDA:345,72,0,0
BRDA:350,73,0,0
BRDA:351,74,0,0
BRDA:352,75,0,0
BRDA:353,76,0,0
BRDA:354,77,0,0
BRDA:357,78,0,0
BRDA:358,79,0,0
BRF:80
BRH:49
end_of_record
TN:
SF:Infrastructure\Repositories\RoleRepository.js
FN:6,getAllRoles
FN:11,getRoleByName
FN:16,createRole
FN:21,updateRole
FN:30,deleteRole
FNF:5
FNH:5
FNDA:2,getAllRoles
FNDA:6,getRoleByName
FNDA:1,createRole
FNDA:2,updateRole
FNDA:2,deleteRole
DA:1,1
DA:2,1
DA:3,1
DA:4,1
DA:5,1
DA:6,1
DA:7,2
DA:8,2
DA:9,1
DA:10,1
DA:11,1
DA:12,6
DA:13,6
DA:14,1
DA:15,1
DA:16,1
DA:17,1
DA:18,1
DA:19,1
DA:20,1
DA:21,1
DA:22,2
DA:23,2
DA:24,1
DA:25,1
DA:26,1
DA:27,1
DA:28,1
DA:29,1
DA:30,1
DA:31,2
DA:32,2
DA:33,1
DA:34,1
DA:35,1
DA:36,1
DA:37,1
DA:38,1
DA:39,1
DA:40,1
LF:40
LH:40
BRDA:6,0,0,2
BRDA:11,1,0,6
BRDA:16,2,0,1
BRDA:21,3,0,2
BRDA:23,4,0,1
BRDA:30,5,0,2
BRDA:32,6,0,1
BRF:7
BRH:7
end_of_record
TN:
SF:Infrastructure\Repositories\UserRepository.js
FN:8,findById
FN:12,findUserInSafeWay
FN:18,findByEmail
FN:26,findAll
FN:31,create
FN:44,update
FN:57,delete
FN:66,updatePassword
FNF:8
FNH:7
FNDA:8,findById
FNDA:0,findUserInSafeWay
FNDA:1,findByEmail
FNDA:1,findAll
FNDA:1,create
FNDA:2,update
FNDA:2,delete
FNDA:2,updatePassword
DA:1,1
DA:2,1
DA:3,1
DA:4,1
DA:5,1
DA:6,1
DA:7,1
DA:8,1
DA:9,8
DA:10,8
DA:11,1
DA:12,1
DA:13,0
DA:14,0
DA:15,0
DA:16,0
DA:17,1
DA:18,1
DA:19,1
DA:20,1
DA:21,1
DA:22,1
DA:23,1
DA:24,1
DA:25,1
DA:26,1
DA:27,1
DA:28,1
DA:29,1
DA:30,1
DA:31,1
DA:32,1
DA:33,1
DA:34,0
DA:35,0
DA:36,1
DA:37,1
DA:38,1
DA:39,0
DA:40,0
DA:41,1
DA:42,1
DA:43,1
DA:44,1
DA:45,2
DA:46,2
DA:47,1
DA:48,1
DA:49,1
DA:50,1
DA:51,2
DA:52,0
DA:53,0
DA:54,2
DA:55,1
DA:56,1
DA:57,1
DA:58,2
DA:59,2
DA:60,1
DA:61,1
DA:62,1
DA:63,1
DA:64,1
DA:65,1
DA:66,1
DA:67,2
DA:68,2
DA:69,1
DA:70,1
DA:71,1
DA:72,1
DA:73,1
DA:74,1
DA:75,1
DA:76,1
DA:77,1
LF:77
LH:67
BRDA:8,0,0,8
BRDA:18,1,0,1
BRDA:26,2,0,1
BRDA:31,3,0,1
BRDA:33,4,0,0
BRDA:38,5,0,0
BRDA:44,6,0,2
BRDA:46,7,0,1
BRDA:51,8,0,0
BRDA:57,9,0,2
BRDA:59,10,0,1
BRDA:66,11,0,2
BRDA:68,12,0,1
BRF:13
BRH:10
end_of_record
TN:
SF:Infrastructure\database\postgres.js
FN:6,DataManager
FN:44,connect
FN:54,loadModels
FN:73,sync
FN:84,connectAndSync
FN:105,getSequelize
FNF:6
FNH:2
FNDA:39,DataManager
FNDA:0,connect
FNDA:0,loadModels
FNDA:0,sync
FNDA:0,connectAndSync
FNDA:53,getSequelize
DA:1,1
DA:2,1
DA:3,1
DA:4,1
DA:5,1
DA:6,1
DA:7,39
DA:8,39
DA:9,39
DA:10,39
DA:11,39
DA:12,39
DA:13,39
DA:14,39
DA:15,39
DA:16,39
DA:17,39
DA:18,39
DA:19,39
DA:20,39
DA:21,39
DA:22,39
DA:23,39
DA:24,39
DA:25,39
DA:26,39
DA:27,39
DA:28,39
DA:29,39
DA:30,39
DA:31,39
DA:32,39
DA:33,0
DA:34,0
DA:35,0
DA:36,39
DA:37,39
DA:38,39
DA:39,39
DA:40,39
DA:41,39
DA:42,39
DA:43,1
DA:44,1
DA:45,0
DA:46,0
DA:47,0
DA:48,0
DA:49,0
DA:50,0
DA:51,0
DA:52,0
DA:53,1
DA:54,1
DA:55,0
DA:56,0
DA:57,0
DA:58,0
DA:59,0
DA:60,0
DA:61,0
DA:62,0
DA:63,0
DA:64,0
DA:65,0
DA:66,0
DA:67,0
DA:68,0
DA:69,0
DA:70,0
DA:71,0
DA:72,1
DA:73,1
DA:74,0
DA:75,0
DA:76,0
DA:77,0
DA:78,0
DA:79,0
DA:80,0
DA:81,0
DA:82,0
DA:83,1
DA:84,1
DA:85,0
DA:86,0
DA:87,0
DA:88,0
DA:89,0
DA:90,0
DA:91,0
DA:92,0
DA:93,0
DA:94,0
DA:95,0
DA:96,0
DA:97,0
DA:98,0
DA:99,0
DA:100,0
DA:101,0
DA:102,0
DA:103,0
DA:104,1
DA:105,1
DA:106,53
DA:107,53
DA:108,1
DA:109,1
DA:110,1
DA:111,1
DA:112,1
LF:112
LH:56
BRDA:6,0,0,39
BRDA:33,1,0,0
BRDA:105,2,0,53
BRF:3
BRH:2
end_of_record
TN:
SF:Infrastructure\external\AIClient.js
FN:19,AIClient
FN:33,validateStatus
FN:37,_request
FN:69,health
FN:72,generate_email_content
FN:77,suggest_marketing_campaign
FN:82,scoreLead
FN:104,estimateConversionProb
FN:108,predictConversion
FN:113,predictBatch
FN:117,summarize
FN:121,classifyIntent
FN:125,extractEntities
FN:129,generateEmail
FN:134,segmentCustomer
FN:141,predictCustomerChurn
FN:148,predictCustomerCLV
FNF:17
FNH:1
FNDA:4,AIClient
FNDA:0,validateStatus
FNDA:0,_request
FNDA:0,health
FNDA:0,generate_email_content
FNDA:0,suggest_marketing_campaign
FNDA:0,scoreLead
FNDA:0,estimateConversionProb
FNDA:0,predictConversion
FNDA:0,predictBatch
FNDA:0,summarize
FNDA:0,classifyIntent
FNDA:0,extractEntities
FNDA:0,generateEmail
FNDA:0,segmentCustomer
FNDA:0,predictCustomerChurn
FNDA:0,predictCustomerCLV
DA:1,1
DA:2,1
DA:3,1
DA:4,1
DA:5,1
DA:6,1
DA:7,1
DA:8,1
DA:9,1
DA:10,1
DA:11,1
DA:12,1
DA:13,1
DA:14,1
DA:15,1
DA:16,1
DA:17,1
DA:18,1
DA:19,1
DA:20,4
DA:21,4
DA:22,4
DA:23,4
DA:24,4
DA:25,4
DA:26,4
DA:27,4
DA:28,4
DA:29,4
DA:30,4
DA:31,4
DA:32,4
DA:33,4
DA:34,4
DA:35,4
DA:36,1
DA:37,1
DA:38,0
DA:39,0
DA:40,0
DA:41,0
DA:42,0
DA:43,0
DA:44,0
DA:45,0
DA:46,0
DA:47,0
DA:48,0
DA:49,0
DA:50,0
DA:51,0
DA:52,0
DA:53,0
DA:54,0
DA:55,0
DA:56,0
DA:57,0
DA:58,0
DA:59,0
DA:60,0
DA:61,0
DA:62,0
DA:63,0
DA:64,0
DA:65,0
DA:66,0
DA:67,1
DA:68,1
DA:69,1
DA:70,0
DA:71,0
DA:72,1
DA:73,0
DA:74,0
DA:75,0
DA:76,0
DA:77,1
DA:78,0
DA:79,0
DA:80,0
DA:81,0
DA:82,1
DA:83,0
DA:84,0
DA:85,0
DA:86,0
DA:87,0
DA:88,0
DA:89,0
DA:90,0
DA:91,0
DA:92,0
DA:93,0
DA:94,0
DA:95,0
DA:96,0
DA:97,0
DA:98,0
DA:99,0
DA:100,0
DA:101,0
DA:102,0
DA:103,1
DA:104,1
DA:105,0
DA:106,0
DA:107,0
DA:108,1
DA:109,0
DA:110,0
DA:111,0
DA:112,1
DA:113,1
DA:114,0
DA:115,0
DA:116,0
DA:117,1
DA:118,0
DA:119,0
DA:120,1
DA:121,1
DA:122,0
DA:123,0
DA:124,1
DA:125,1
DA:126,0
DA:127,0
DA:128,1
DA:129,1
DA:130,0
DA:131,0
DA:132,1
DA:133,1
DA:134,1
DA:135,0
DA:136,0
DA:137,0
DA:138,0
DA:139,1
DA:140,1
DA:141,1
DA:142,0
DA:143,0
DA:144,0
DA:145,0
DA:146,1
DA:147,1
DA:148,1
DA:149,0
DA:150,0
DA:151,0
DA:152,0
DA:153,1
DA:154,1
DA:155,1
DA:156,1
DA:157,1
LF:157
LH:69
BRDA:19,0,0,4
BRDA:20,1,0,1
BRDA:21,2,0,0
BRF:3
BRH:2
end_of_record
TN:
SF:Infrastructure\external\EmailService.js
FN:10,EmailService
FN:30,initTransporter
FN:70,send
FNF:3
FNH:2
FNDA:1,EmailService
FNDA:1,initTransporter
FNDA:0,send
DA:1,1
DA:2,1
DA:3,1
DA:4,1
DA:5,1
DA:6,1
DA:7,1
DA:8,1
DA:9,1
DA:10,1
DA:11,1
DA:12,1
DA:13,1
DA:14,1
DA:15,1
DA:16,1
DA:17,1
DA:18,1
DA:19,1
DA:20,1
DA:21,1
DA:22,1
DA:23,1
DA:24,1
DA:25,1
DA:26,1
DA:27,1
DA:28,1
DA:29,1
DA:30,1
DA:31,1
DA:32,1
DA:33,1
DA:34,1
DA:35,1
DA:36,1
DA:37,1
DA:38,1
DA:39,1
DA:40,0
DA:41,0
DA:42,1
DA:43,1
DA:44,1
DA:45,1
DA:46,1
DA:47,1
DA:48,1
DA:49,1
DA:50,1
DA:51,1
DA:52,1
DA:53,1
DA:54,1
DA:55,1
DA:56,1
DA:57,1
DA:58,1
DA:59,1
DA:60,1
DA:61,1
DA:62,1
DA:63,1
DA:64,1
DA:65,1
DA:66,1
DA:67,1
DA:68,1
DA:69,1
DA:70,1
DA:71,0
DA:72,0
DA:73,0
DA:74,0
DA:75,0
DA:76,0
DA:77,0
DA:78,0
DA:79,0
DA:80,0
DA:81,0
DA:82,0
DA:83,0
DA:84,0
DA:85,0
DA:86,0
DA:87,0
DA:88,0
DA:89,0
DA:90,0
DA:91,0
DA:92,0
DA:93,0
DA:94,0
DA:95,0
DA:96,0
DA:97,0
DA:98,0
DA:99,0
DA:100,0
DA:101,0
DA:102,0
DA:103,0
DA:104,0
DA:105,0
DA:106,0
DA:107,0
DA:108,0
DA:109,0
DA:110,0
DA:111,0
DA:112,0
DA:113,0
DA:114,0
DA:115,0
DA:116,0
DA:117,0
DA:118,0
DA:119,0
DA:120,0
DA:121,0
DA:122,0
DA:123,0
DA:124,0
DA:125,0
DA:126,0
DA:127,0
DA:128,0
DA:129,1
DA:130,1
DA:131,1
LF:131
LH:71
BRDA:10,0,0,1
BRDA:11,1,0,0
BRDA:13,2,0,0
BRDA:15,3,0,0
BRDA:30,4,0,1
BRDA:39,5,0,0
BRDA:48,6,0,0
BRF:7
BRH:2
end_of_record
TN:
SF:Infrastructure\external\ZaloService.js
FN:14,ZaloService
FN:36,send
FN:62,sendReal
FNF:3
FNH:1
FNDA:2,ZaloService
FNDA:0,send
FNDA:0,sendReal
DA:1,1
DA:2,1
DA:3,1
DA:4,1
DA:5,1
DA:6,1
DA:7,1
DA:8,1
DA:9,1
DA:10,1
DA:11,1
DA:12,1
DA:13,1
DA:14,1
DA:15,2
DA:16,2
DA:17,2
DA:18,2
DA:19,0
DA:20,2
DA:21,2
DA:22,2
DA:23,2
DA:24,2
DA:25,2
DA:26,1
DA:27,1
DA:28,1
DA:29,1
DA:30,1
DA:31,1
DA:32,1
DA:33,1
DA:34,1
DA:35,1
DA:36,1
DA:37,0
DA:38,0
DA:39,0
DA:40,0
DA:41,0
DA:42,0
DA:43,0
DA:44,0
DA:45,0
DA:46,0
DA:47,0
DA:48,0
DA:49,0
DA:50,0
DA:51,0
DA:52,0
DA:53,0
DA:54,0
DA:55,0
DA:56,0
DA:57,1
DA:58,1
DA:59,1
DA:60,1
DA:61,1
DA:62,1
DA:63,0
DA:64,0
DA:65,0
DA:66,0
DA:67,0
DA:68,0
DA:69,0
DA:70,0
DA:71,0
DA:72,0
DA:73,0
DA:74,0
DA:75,0
DA:76,0
DA:77,0
DA:78,0
DA:79,0
DA:80,0
DA:81,0
DA:82,0
DA:83,0
DA:84,0
DA:85,0
DA:86,0
DA:87,0
DA:88,0
DA:89,0
DA:90,0
DA:91,0
DA:92,0
DA:93,0
DA:94,0
DA:95,0
DA:96,0
DA:97,0
DA:98,0
DA:99,0
DA:100,1
DA:101,1
DA:102,1
LF:102
LH:44
BRDA:14,0,0,2
BRDA:15,1,0,0
BRDA:19,2,0,0
BRF:3
BRH:1
end_of_record
TN:
SF:Infrastructure\scheduler\automationCron.js
FNF:0
FNH:0
DA:1,1
DA:2,1
DA:3,1
DA:4,1
DA:5,1
DA:6,1
DA:7,0
DA:8,0
DA:9,1
DA:10,1
DA:11,1
LF:11
LH:9
BRF:0
BRH:0
end_of_record
TN:
SF:Infrastructure\utils\paymentLink.js
FN:3,signPaymentLink
FN:8,buildPaymentUrl
FN:16,createPaymentLink
FN:27,verifyPaymentLink
FNF:4
FNH:0
FNDA:0,signPaymentLink
FNDA:0,buildPaymentUrl
FNDA:0,createPaymentLink
FNDA:0,verifyPaymentLink
DA:1,1
DA:2,1
DA:3,0
DA:4,0
DA:5,0
DA:6,0
DA:7,1
DA:8,0
DA:9,0
DA:10,0
DA:11,0
DA:12,0
DA:13,0
DA:14,0
DA:15,1
DA:16,0
DA:17,0
DA:18,0
DA:19,0
DA:20,0
DA:21,0
DA:22,0
DA:23,0
DA:24,0
DA:25,0
DA:26,1
DA:27,0
DA:28,0
DA:29,0
DA:30,0
DA:31,0
DA:32,0
DA:33,0
DA:34,0
DA:35,0
DA:36,0
DA:37,0
DA:38,0
DA:39,1
DA:40,1
LF:40
LH:7
BRF:0
BRH:0
end_of_record
