TN:
SF:Application\DTOs\AutomationDTO.js
FN:5,HttpBadRequest
FN:14,asString
FN:17,asBool
FN:25,asObject
FN:28,asStringArray
FN:36,stripNullish
FN:44,CreateFlowRequestDTO
FN:61,from
FN:68,UpdateFlowRequestDTO
FN:80,from
FN:84,CreateTriggerRequestDTO
FN:88,from
FN:92,UpdateTriggerRequestDTO
FN:103,from
FN:107,CreateActionRequestDTO
FN:111,from
FN:115,UpdateActionRequestDTO
FN:126,from
FN:132,AutomationFlowResponseDTO
FN:154,TriggerResponseDTO
FN:167,ActionResponseDTO
FN:184,FlowDetailResponseDTO
FN:193,from
FN:300,from
FNF:24
FNH:1
FNDA:0,HttpBadRequest
FNDA:0,asString
FNDA:0,asBool
FNDA:0,asObject
FNDA:0,asStringArray
FNDA:0,stripNullish
FNDA:0,CreateFlowRequestDTO
FNDA:0,from
FNDA:0,UpdateFlowRequestDTO
FNDA:0,from
FNDA:0,CreateTriggerRequestDTO
FNDA:0,from
FNDA:0,UpdateTriggerRequestDTO
FNDA:0,from
FNDA:0,CreateActionRequestDTO
FNDA:0,from
FNDA:0,UpdateActionRequestDTO
FNDA:0,from
FNDA:1,AutomationFlowResponseDTO
FNDA:0,TriggerResponseDTO
FNDA:0,ActionResponseDTO
FNDA:0,FlowDetailResponseDTO
FNDA:0,from
FNDA:0,from
DA:1,1
DA:2,1
DA:3,1
DA:4,1
DA:5,1
DA:6,0
DA:7,0
DA:8,0
DA:9,0
DA:10,0
DA:11,1
DA:12,1
DA:13,1
DA:14,1
DA:15,1
DA:16,1
DA:17,1
DA:18,0
DA:19,0
DA:20,0
DA:21,0
DA:22,0
DA:23,0
DA:24,1
DA:25,1
DA:26,1
DA:27,1
DA:28,1
DA:29,0
DA:30,0
DA:31,0
DA:32,0
DA:33,0
DA:34,0
DA:35,1
DA:36,1
DA:37,0
DA:38,0
DA:39,0
DA:40,1
DA:41,1
DA:42,1
DA:43,1
DA:44,1
DA:45,0
DA:46,0
DA:47,0
DA:48,0
DA:49,0
DA:50,0
DA:51,0
DA:52,0
DA:53,0
DA:54,0
DA:55,0
DA:56,0
DA:57,0
DA:58,0
DA:59,0
DA:60,0
DA:61,1
DA:62,0
DA:63,0
DA:64,0
DA:65,1
DA:66,1
DA:67,1
DA:68,1
DA:69,0
DA:70,0
DA:71,0
DA:72,0
DA:73,0
DA:74,0
DA:75,0
DA:76,0
DA:77,0
DA:78,0
DA:79,0
DA:80,1
DA:81,1
DA:82,1
DA:83,1
DA:84,1
DA:85,0
DA:86,0
DA:87,0
DA:88,1
DA:89,1
DA:90,1
DA:91,1
DA:92,1
DA:93,0
DA:94,0
DA:95,0
DA:96,0
DA:97,0
DA:98,0
DA:99,0
DA:100,0
DA:101,0
DA:102,0
DA:103,1
DA:104,1
DA:105,1
DA:106,1
DA:107,1
DA:108,0
DA:109,0
DA:110,0
DA:111,1
DA:112,1
DA:113,1
DA:114,1
DA:115,1
DA:116,0
DA:117,0
DA:118,0
DA:119,0
DA:120,0
DA:121,0
DA:122,0
DA:123,0
DA:124,0
DA:125,0
DA:126,1
DA:127,1
DA:128,1
DA:129,1
DA:130,1
DA:131,1
DA:132,1
DA:133,1
DA:134,1
DA:135,1
DA:136,1
DA:137,1
DA:138,1
DA:139,1
DA:140,1
DA:141,1
DA:142,1
DA:143,1
DA:144,1
DA:145,1
DA:146,1
DA:147,1
DA:148,1
DA:149,1
DA:150,1
DA:151,1
DA:152,1
DA:153,1
DA:154,1
DA:155,0
DA:156,0
DA:157,0
DA:158,0
DA:159,0
DA:160,0
DA:161,0
DA:162,0
DA:163,0
DA:164,1
DA:165,1
DA:166,1
DA:167,1
DA:168,0
DA:169,0
DA:170,0
DA:171,0
DA:172,0
DA:173,0
DA:174,0
DA:175,0
DA:176,0
DA:177,0
DA:178,0
DA:179,0
DA:180,0
DA:181,1
DA:182,1
DA:183,1
DA:184,1
DA:185,0
DA:186,0
DA:187,0
DA:188,0
DA:189,1
DA:190,1
DA:191,1
DA:192,1
DA:193,1
DA:194,0
DA:195,0
DA:196,0
DA:197,0
DA:198,0
DA:199,0
DA:200,0
DA:201,0
DA:202,0
DA:203,0
DA:204,0
DA:205,0
DA:206,0
DA:207,0
DA:208,0
DA:209,0
DA:210,0
DA:211,0
DA:212,0
DA:213,0
DA:214,0
DA:215,0
DA:216,0
DA:217,0
DA:218,0
DA:219,0
DA:220,0
DA:221,0
DA:222,0
DA:223,0
DA:224,0
DA:225,0
DA:226,0
DA:227,0
DA:228,0
DA:229,0
DA:230,0
DA:231,0
DA:232,0
DA:233,0
DA:234,0
DA:235,0
DA:236,0
DA:237,0
DA:238,0
DA:239,0
DA:240,0
DA:241,0
DA:242,0
DA:243,0
DA:244,0
DA:245,0
DA:246,0
DA:247,0
DA:248,0
DA:249,0
DA:250,0
DA:251,0
DA:252,0
DA:253,0
DA:254,0
DA:255,0
DA:256,0
DA:257,0
DA:258,0
DA:259,0
DA:260,0
DA:261,0
DA:262,0
DA:263,0
DA:264,0
DA:265,0
DA:266,0
DA:267,0
DA:268,0
DA:269,0
DA:270,0
DA:271,0
DA:272,0
DA:273,0
DA:274,0
DA:275,0
DA:276,0
DA:277,0
DA:278,0
DA:279,0
DA:280,0
DA:281,0
DA:282,0
DA:283,0
DA:284,0
DA:285,0
DA:286,0
DA:287,0
DA:288,0
DA:289,0
DA:290,0
DA:291,0
DA:292,0
DA:293,0
DA:294,0
DA:295,0
DA:296,0
DA:297,1
DA:298,1
DA:299,1
DA:300,1
DA:301,0
DA:302,0
DA:303,1
DA:304,1
DA:305,1
DA:306,1
DA:307,1
DA:308,1
DA:309,1
DA:310,1
DA:311,1
DA:312,1
DA:313,1
DA:314,1
DA:315,1
DA:316,1
DA:317,1
DA:318,1
DA:319,1
DA:320,1
DA:321,1
DA:322,1
DA:323,1
DA:324,1
DA:325,1
DA:326,1
DA:327,1
LF:327
LH:120
BRDA:132,0,0,1
BRDA:133,1,0,0
BRDA:146,2,0,0
BRDA:147,3,0,0
BRF:4
BRH:1
end_of_record
TN:
SF:Application\DTOs\LeadDTO.js
FN:3,CreateRequestLeadDTO
FN:22,from
FN:27,ImportLeadFromCSVDTO
FN:41,fromCSVRow
FN:45,fromCSVArray
FNF:5
FNH:0
FNDA:0,CreateRequestLeadDTO
FNDA:0,from
FNDA:0,ImportLeadFromCSVDTO
FNDA:0,fromCSVRow
FNDA:0,fromCSVArray
DA:1,1
DA:2,1
DA:3,1
DA:4,0
DA:5,0
DA:6,0
DA:7,0
DA:8,0
DA:9,0
DA:10,0
DA:11,0
DA:12,0
DA:13,0
DA:14,0
DA:15,0
DA:16,0
DA:17,0
DA:18,0
DA:19,0
DA:20,0
DA:21,0
DA:22,1
DA:23,0
DA:24,0
DA:25,1
DA:26,1
DA:27,1
DA:28,0
DA:29,0
DA:30,0
DA:31,0
DA:32,0
DA:33,0
DA:34,0
DA:35,0
DA:36,0
DA:37,0
DA:38,0
DA:39,0
DA:40,1
DA:41,1
DA:42,0
DA:43,0
DA:44,1
DA:45,1
DA:46,0
DA:47,0
DA:48,1
DA:49,1
LF:49
LH:13
BRF:0
BRH:0
end_of_record
TN:
SF:Application\DTOs\OrderDTO.js
FN:3,OrderDetailRequestDTO
FN:16,OrderRequestDTO
FN:32,fromRequest
FN:39,OrderDetailResponseDTO
FN:55,fromEntity
FN:59,fromEntities
FN:65,OrderResponseDTO
FN:88,fromEntity
FN:92,fromEntities
FNF:9
FNH:6
FNDA:3,OrderDetailRequestDTO
FNDA:3,OrderRequestDTO
FNDA:0,fromRequest
FNDA:3,OrderDetailResponseDTO
FNDA:0,fromEntity
FNDA:12,fromEntities
FNDA:12,OrderResponseDTO
FNDA:12,fromEntity
FNDA:0,fromEntities
DA:1,1
DA:2,1
DA:3,1
DA:4,3
DA:5,3
DA:6,3
DA:7,3
DA:8,3
DA:9,3
DA:10,3
DA:11,3
DA:12,3
DA:13,1
DA:14,1
DA:15,1
DA:16,1
DA:17,3
DA:18,3
DA:19,3
DA:20,3
DA:21,3
DA:22,3
DA:23,3
DA:24,3
DA:25,3
DA:26,3
DA:27,3
DA:28,3
DA:29,3
DA:30,3
DA:31,1
DA:32,1
DA:33,0
DA:34,0
DA:35,1
DA:36,1
DA:37,1
DA:38,1
DA:39,1
DA:40,3
DA:41,3
DA:42,3
DA:43,3
DA:44,3
DA:45,3
DA:46,3
DA:47,3
DA:48,3
DA:49,3
DA:50,3
DA:51,3
DA:52,3
DA:53,3
DA:54,1
DA:55,1
DA:56,0
DA:57,0
DA:58,1
DA:59,1
DA:60,12
DA:61,12
DA:62,1
DA:63,1
DA:64,1
DA:65,1
DA:66,12
DA:67,12
DA:68,12
DA:69,12
DA:70,12
DA:71,12
DA:72,12
DA:73,12
DA:74,12
DA:75,12
DA:76,12
DA:77,12
DA:78,12
DA:79,12
DA:80,12
DA:81,12
DA:82,12
DA:83,12
DA:84,12
DA:85,12
DA:86,12
DA:87,1
DA:88,1
DA:89,12
DA:90,12
DA:91,1
DA:92,1
DA:93,0
DA:94,0
DA:95,1
DA:96,1
DA:97,1
DA:98,1
DA:99,1
DA:100,1
DA:101,1
DA:102,1
LF:102
LH:96
BRDA:3,0,0,3
BRDA:4,1,0,0
BRDA:6,2,0,0
BRDA:9,3,0,1
BRDA:11,4,0,1
BRDA:11,5,0,1
BRDA:16,6,0,3
BRDA:18,7,0,1
BRDA:20,8,0,1
BRDA:22,9,0,2
BRDA:23,10,0,2
BRDA:24,11,0,2
BRDA:29,12,0,0
BRDA:28,13,0,3
BRDA:39,14,0,3
BRDA:40,15,0,2
BRDA:41,16,0,2
BRDA:42,17,0,1
BRDA:43,18,0,2
BRDA:43,19,0,0
BRDA:43,20,0,2
BRDA:44,21,0,2
BRDA:44,22,0,2
BRDA:44,23,0,0
BRDA:44,24,0,2
BRDA:47,25,0,1
BRDA:59,26,0,12
BRDA:60,27,0,3
BRDA:65,28,0,12
BRDA:66,29,0,0
BRDA:67,30,0,5
BRDA:68,31,0,8
BRDA:68,32,0,0
BRDA:68,33,0,8
BRDA:68,34,0,0
BRDA:68,35,0,8
BRDA:69,36,0,8
BRDA:70,37,0,11
BRDA:72,38,0,3
BRDA:72,39,0,9
BRDA:74,40,0,6
BRDA:78,41,0,10
BRDA:88,42,0,12
BRF:43
BRH:35
end_of_record
TN:
SF:Application\DTOs\ProductRequest.js
FN:2,CreateProductRequestDTO
FN:40,UpdateProductRequestDTO
FN:81,ImportCSVRequestDTO
FNF:3
FNH:3
FNDA:5,CreateProductRequestDTO
FNDA:2,UpdateProductRequestDTO
FNDA:3,ImportCSVRequestDTO
DA:1,1
DA:2,1
DA:3,5
DA:4,5
DA:5,5
DA:6,5
DA:7,5
DA:8,5
DA:9,5
DA:10,5
DA:11,5
DA:12,5
DA:13,5
DA:14,5
DA:15,5
DA:16,5
DA:17,5
DA:18,5
DA:19,5
DA:20,5
DA:21,5
DA:22,5
DA:23,5
DA:24,5
DA:25,5
DA:26,5
DA:27,5
DA:28,5
DA:29,5
DA:30,5
DA:31,5
DA:32,5
DA:33,5
DA:34,5
DA:35,5
DA:36,5
DA:37,1
DA:38,1
DA:39,1
DA:40,1
DA:41,2
DA:42,2
DA:43,2
DA:44,2
DA:45,2
DA:46,2
DA:47,2
DA:48,2
DA:49,2
DA:50,2
DA:51,2
DA:52,2
DA:53,2
DA:54,2
DA:55,2
DA:56,2
DA:57,2
DA:58,2
DA:59,2
DA:60,2
DA:61,2
DA:62,2
DA:63,2
DA:64,2
DA:65,2
DA:66,2
DA:67,2
DA:68,2
DA:69,2
DA:70,2
DA:71,2
DA:72,2
DA:73,2
DA:74,2
DA:75,2
DA:76,2
DA:77,1
DA:78,1
DA:79,1
DA:80,1
DA:81,1
DA:82,3
DA:83,3
DA:84,3
DA:85,1
DA:86,1
DA:87,1
DA:88,1
DA:89,1
DA:90,1
DA:91,1
LF:91
LH:91
BRDA:2,0,0,5
BRDA:40,1,0,2
BRDA:81,2,0,3
BRF:3
BRH:3
end_of_record
TN:
SF:Application\DTOs\ProductResponse.js
FN:2,ProductResponseDTO
FN:26,ProductListResponseDTO
FN:48,fromEntities
FN:54,ProductImportResponseDTO
FNF:4
FNH:4
FNDA:3,ProductResponseDTO
FNDA:2,ProductListResponseDTO
FNDA:1,fromEntities
FNDA:1,ProductImportResponseDTO
DA:1,1
DA:2,1
DA:3,3
DA:4,3
DA:5,3
DA:6,3
DA:7,3
DA:8,3
DA:9,3
DA:10,3
DA:11,3
DA:12,3
DA:13,3
DA:14,3
DA:15,3
DA:16,3
DA:17,3
DA:18,3
DA:19,3
DA:20,3
DA:21,3
DA:22,3
DA:23,1
DA:24,1
DA:25,1
DA:26,1
DA:27,2
DA:28,2
DA:29,2
DA:30,2
DA:31,2
DA:32,2
DA:33,2
DA:34,2
DA:35,2
DA:36,2
DA:37,2
DA:38,2
DA:39,2
DA:40,2
DA:41,2
DA:42,2
DA:43,2
DA:44,2
DA:45,2
DA:46,2
DA:47,1
DA:48,1
DA:49,1
DA:50,1
DA:51,1
DA:52,1
DA:53,1
DA:54,1
DA:55,1
DA:56,1
DA:57,1
DA:58,1
DA:59,1
DA:60,1
DA:61,1
DA:62,1
DA:63,1
DA:64,1
DA:65,1
DA:66,1
LF:66
LH:66
BRDA:2,0,0,3
BRDA:26,1,0,2
BRDA:48,2,0,1
BRDA:49,3,0,2
BRDA:54,4,0,1
BRF:5
BRH:5
end_of_record
TN:
SF:Application\DTOs\RoleDTO.js
FN:5,RoleDTO
FN:13,fromEntity
FNF:2
FNH:0
FNDA:0,RoleDTO
FNDA:0,fromEntity
DA:1,1
DA:2,1
DA:3,1
DA:4,1
DA:5,1
DA:6,0
DA:7,0
DA:8,0
DA:9,0
DA:10,0
DA:11,0
DA:12,1
DA:13,1
DA:14,0
DA:15,0
DA:16,0
DA:17,0
DA:18,0
DA:19,0
DA:20,0
DA:21,0
DA:22,1
DA:23,1
DA:24,1
LF:24
LH:10
BRF:0
BRH:0
end_of_record
TN:
SF:Application\DTOs\UserDTO.js
FN:2,UserDTO
FN:16,fromEntity
FNF:2
FNH:0
FNDA:0,UserDTO
FNDA:0,fromEntity
DA:1,1
DA:2,1
DA:3,0
DA:4,0
DA:5,0
DA:6,0
DA:7,0
DA:8,0
DA:9,0
DA:10,0
DA:11,0
DA:12,0
DA:13,0
DA:14,0
DA:15,1
DA:16,1
DA:17,0
DA:18,0
DA:19,0
DA:20,0
DA:21,0
DA:22,0
DA:23,0
DA:24,0
DA:25,0
DA:26,0
DA:27,0
DA:28,0
DA:29,0
DA:30,0
DA:31,1
DA:32,1
DA:33,1
LF:33
LH:7
BRF:0
BRH:0
end_of_record
TN:
SF:Application\Services\AutomationActionTypeService.js
FN:4,AutomationActionTypeService
FN:9,create
FN:29,upsert
FN:45,get
FN:51,list
FN:55,update
FN:61,setActive
FN:67,remove
FNF:8
FNH:8
FNDA:17,AutomationActionTypeService
FNDA:4,create
FNDA:3,upsert
FNDA:2,get
FNDA:1,list
FNDA:2,update
FNDA:2,setActive
FNDA:2,remove
DA:1,1
DA:2,1
DA:3,1
DA:4,1
DA:5,17
DA:6,17
DA:7,17
DA:8,1
DA:9,1
DA:10,4
DA:11,4
DA:12,3
DA:13,3
DA:14,4
DA:15,2
DA:16,2
DA:17,2
DA:18,2
DA:19,4
DA:20,4
DA:21,4
DA:22,4
DA:23,4
DA:24,4
DA:25,4
DA:26,4
DA:27,4
DA:28,1
DA:29,1
DA:30,3
DA:31,3
DA:32,2
DA:33,2
DA:34,2
DA:35,2
DA:36,3
DA:37,3
DA:38,3
DA:39,3
DA:40,3
DA:41,3
DA:42,3
DA:43,3
DA:44,1
DA:45,1
DA:46,2
DA:47,2
DA:48,1
DA:49,1
DA:50,1
DA:51,1
DA:52,1
DA:53,1
DA:54,1
DA:55,1
DA:56,2
DA:57,2
DA:58,1
DA:59,1
DA:60,1
DA:61,1
DA:62,2
DA:63,2
DA:64,1
DA:65,1
DA:66,1
DA:67,1
DA:68,2
DA:69,2
DA:70,1
DA:71,1
DA:72,1
DA:73,1
DA:74,1
LF:74
LH:74
BRDA:4,0,0,17
BRDA:9,1,0,4
BRDA:10,2,0,1
BRDA:10,3,0,3
BRDA:11,4,0,1
BRDA:11,5,0,3
BRDA:14,6,0,1
BRDA:14,7,0,2
BRDA:19,8,0,1
BRDA:20,9,0,1
BRDA:21,10,0,1
BRDA:21,11,0,1
BRDA:22,12,0,1
BRDA:23,13,0,1
BRDA:29,14,0,3
BRDA:30,15,0,1
BRDA:30,16,0,2
BRDA:31,17,0,1
BRDA:31,18,0,2
BRDA:36,19,0,1
BRDA:37,20,0,1
BRDA:38,21,0,1
BRDA:38,22,0,1
BRDA:39,23,0,1
BRDA:40,24,0,1
BRDA:45,25,0,2
BRDA:47,26,0,1
BRDA:51,27,0,1
BRDA:55,28,0,2
BRDA:57,29,0,1
BRDA:61,30,0,2
BRDA:63,31,0,1
BRDA:67,32,0,2
BRDA:69,33,0,1
BRF:34
BRH:34
end_of_record
TN:
SF:Application\Services\AutomationEventTypeService.js
FN:4,AutomationEventTypeService
FN:9,create
FN:27,upsert
FN:41,get
FN:47,list
FN:51,update
FN:57,setActive
FN:63,remove
FNF:8
FNH:8
FNDA:17,AutomationEventTypeService
FNDA:4,create
FNDA:3,upsert
FNDA:2,get
FNDA:1,list
FNDA:2,update
FNDA:2,setActive
FNDA:2,remove
DA:1,1
DA:2,1
DA:3,1
DA:4,1
DA:5,17
DA:6,17
DA:7,17
DA:8,1
DA:9,1
DA:10,4
DA:11,4
DA:12,3
DA:13,3
DA:14,4
DA:15,2
DA:16,2
DA:17,2
DA:18,2
DA:19,4
DA:20,4
DA:21,4
DA:22,4
DA:23,4
DA:24,4
DA:25,4
DA:26,1
DA:27,1
DA:28,3
DA:29,3
DA:30,2
DA:31,2
DA:32,2
DA:33,2
DA:34,3
DA:35,3
DA:36,3
DA:37,3
DA:38,3
DA:39,3
DA:40,1
DA:41,1
DA:42,2
DA:43,2
DA:44,1
DA:45,1
DA:46,1
DA:47,1
DA:48,1
DA:49,1
DA:50,1
DA:51,1
DA:52,2
DA:53,2
DA:54,1
DA:55,1
DA:56,1
DA:57,1
DA:58,2
DA:59,2
DA:60,1
DA:61,1
DA:62,1
DA:63,1
DA:64,2
DA:65,2
DA:66,1
DA:67,1
DA:68,1
DA:69,1
DA:70,1
LF:70
LH:70
BRDA:4,0,0,17
BRDA:9,1,0,4
BRDA:10,2,0,1
BRDA:10,3,0,3
BRDA:11,4,0,1
BRDA:11,5,0,3
BRDA:14,6,0,1
BRDA:14,7,0,2
BRDA:19,8,0,1
BRDA:20,9,0,1
BRDA:21,10,0,1
BRDA:27,11,0,3
BRDA:28,12,0,1
BRDA:28,13,0,2
BRDA:29,14,0,1
BRDA:29,15,0,2
BRDA:34,16,0,1
BRDA:35,17,0,1
BRDA:36,18,0,1
BRDA:41,19,0,2
BRDA:43,20,0,1
BRDA:47,21,0,1
BRDA:51,22,0,2
BRDA:53,23,0,1
BRDA:57,24,0,2
BRDA:59,25,0,1
BRDA:63,26,0,2
BRDA:65,27,0,1
BRF:28
BRH:28
end_of_record
TN:
SF:Application\Services\AutomationFlowService.js
FN:18,AutomationFlowService
FN:29,createFlow
FN:139,saveEditor
FN:267,getFlow
FN:273,getFlowDetail
FN:288,getAllflow
FN:325,publishFlow
FN:364,setStatusActive
FN:407,listFlows
FN:410,updateFlow
FN:419,deleteFlow
FN:423,setEnabled
FN:429,_pickFlowPayload
FN:461,_syncStatus
FN:486,_buildActionForSchema
FNF:15
FNH:15
FNDA:1,AutomationFlowService
FNDA:3,createFlow
FNDA:4,saveEditor
FNDA:4,getFlow
FNDA:2,getFlowDetail
FNDA:2,getAllflow
FNDA:6,publishFlow
FNDA:7,setStatusActive
FNDA:1,listFlows
FNDA:2,updateFlow
FNDA:1,deleteFlow
FNDA:1,setEnabled
FNDA:2,_pickFlowPayload
FNDA:6,_syncStatus
FNDA:1,_buildActionForSchema
DA:1,1
DA:2,1
DA:3,1
DA:4,1
DA:5,1
DA:6,1
DA:7,1
DA:8,1
DA:9,1
DA:10,1
DA:11,1
DA:12,1
DA:13,1
DA:14,1
DA:15,1
DA:16,1
DA:17,1
DA:18,1
DA:19,1
DA:20,1
DA:21,1
DA:22,1
DA:23,1
DA:24,1
DA:25,1
DA:26,1
DA:27,1
DA:28,1
DA:29,1
DA:30,3
DA:31,3
DA:32,3
DA:33,3
DA:34,3
DA:35,3
DA:36,3
DA:37,3
DA:38,3
DA:39,3
DA:40,3
DA:41,3
DA:42,3
DA:43,3
DA:44,3
DA:45,3
DA:46,1
DA:47,1
DA:48,2
DA:49,2
DA:50,2
DA:51,2
DA:52,2
DA:53,2
DA:54,2
DA:55,0
DA:56,0
DA:57,2
DA:58,2
DA:59,2
DA:60,2
DA:61,2
DA:62,2
DA:63,2
DA:64,2
DA:65,2
DA:66,2
DA:67,2
DA:68,2
DA:69,2
DA:70,2
DA:71,2
DA:72,2
DA:73,2
DA:74,2
DA:75,2
DA:76,1
DA:77,1
DA:78,1
DA:79,1
DA:80,1
DA:81,1
DA:82,1
DA:83,1
DA:84,0
DA:85,0
DA:86,1
DA:87,1
DA:88,1
DA:89,0
DA:90,0
DA:91,1
DA:92,1
DA:93,1
DA:94,1
DA:95,1
DA:96,2
DA:97,2
DA:98,2
DA:99,2
DA:100,2
DA:101,2
DA:102,1
DA:103,1
DA:104,1
DA:105,1
DA:106,1
DA:107,1
DA:108,1
DA:109,1
DA:110,1
DA:111,1
DA:112,1
DA:113,1
DA:114,1
DA:115,0
DA:116,0
DA:117,1
DA:118,1
DA:119,1
DA:120,1
DA:121,1
DA:122,2
DA:123,2
DA:124,2
DA:125,2
DA:126,2
DA:127,3
DA:128,1
DA:129,1
DA:130,3
DA:131,1
DA:132,1
DA:133,1
DA:134,1
DA:135,1
DA:136,1
DA:137,1
DA:138,1
DA:139,1
DA:140,4
DA:141,4
DA:142,0
DA:143,0
DA:144,4
DA:145,4
DA:146,4
DA:147,4
DA:148,4
DA:149,1
DA:150,1
DA:151,3
DA:152,3
DA:153,3
DA:154,3
DA:155,1
DA:156,1
DA:157,2
DA:158,2
DA:159,2
DA:160,2
DA:161,2
DA:162,3
DA:163,1
DA:164,1
DA:165,2
DA:166,2
DA:167,3
DA:168,0
DA:169,0
DA:170,3
DA:171,0
DA:172,0
DA:173,2
DA:174,2
DA:175,2
DA:176,2
DA:177,2
DA:178,2
DA:179,3
DA:180,1
DA:181,1
DA:182,1
DA:183,1
DA:184,1
DA:185,1
DA:186,1
DA:187,1
DA:188,1
DA:189,0
DA:190,0
DA:191,1
DA:192,1
DA:193,1
DA:194,0
DA:195,1
DA:196,1
DA:197,1
DA:198,1
DA:199,1
DA:200,1
DA:201,1
DA:202,1
DA:203,1
DA:204,1
DA:205,1
DA:206,1
DA:207,1
DA:208,1
DA:209,1
DA:210,2
DA:211,2
DA:212,2
DA:213,2
DA:214,3
DA:215,1
DA:216,1
DA:217,0
DA:218,1
DA:219,1
DA:220,1
DA:221,1
DA:222,1
DA:223,0
DA:224,0
DA:225,1
DA:226,1
DA:227,1
DA:228,1
DA:229,1
DA:230,1
DA:231,1
DA:232,1
DA:233,1
DA:234,1
DA:235,1
DA:236,1
DA:237,1
DA:238,1
DA:239,1
DA:240,0
DA:241,0
DA:242,1
DA:243,1
DA:244,1
DA:245,0
DA:246,1
DA:247,1
DA:248,1
DA:249,1
DA:250,1
DA:251,1
DA:252,1
DA:253,2
DA:254,2
DA:255,3
DA:256,2
DA:257,2
DA:258,4
DA:259,1
DA:260,1
DA:261,1
DA:262,4
DA:263,1
DA:264,1
DA:265,1
DA:266,1
DA:267,1
DA:268,4
DA:269,4
DA:270,2
DA:271,2
DA:272,1
DA:273,1
DA:274,2
DA:275,2
DA:276,1
DA:277,1
DA:278,1
DA:279,1
DA:280,1
DA:281,1
DA:282,1
DA:283,1
DA:284,1
DA:285,1
DA:286,2
DA:287,1
DA:288,1
DA:289,2
DA:290,2
DA:291,2
DA:292,2
DA:293,1
DA:294,1
DA:295,1
DA:296,1
DA:297,1
DA:298,1
DA:299,1
DA:300,1
DA:301,1
DA:302,1
DA:303,1
DA:304,1
DA:305,1
DA:306,1
DA:307,0
DA:308,0
DA:309,1
DA:310,1
DA:311,1
DA:312,1
DA:313,1
DA:314,1
DA:315,1
DA:316,1
DA:317,2
DA:318,0
DA:319,0
DA:320,2
DA:321,1
DA:322,1
DA:323,1
DA:324,1
DA:325,1
DA:326,6
DA:327,6
DA:328,6
DA:329,1
DA:330,1
DA:331,6
DA:332,3
DA:333,3
DA:334,2
DA:335,2
DA:336,2
DA:337,2
DA:338,2
DA:339,2
DA:340,6
DA:341,0
DA:342,0
DA:343,6
DA:344,0
DA:345,0
DA:346,2
DA:347,6
DA:348,6
DA:349,2
DA:350,6
DA:351,1
DA:352,1
DA:353,1
DA:354,1
DA:355,6
DA:356,0
DA:357,0
DA:358,1
DA:359,1
DA:360,6
DA:361,4
DA:362,4
DA:363,6
DA:364,1
DA:365,7
DA:366,7
DA:367,1
DA:368,1
DA:369,6
DA:370,6
DA:371,7
DA:372,1
DA:373,1
DA:374,5
DA:375,7
DA:376,7
DA:377,4
DA:378,7
DA:379,1
DA:380,1
DA:381,1
DA:382,1
DA:383,1
DA:384,3
DA:385,3
DA:386,3
DA:387,3
DA:388,3
DA:389,3
DA:390,7
DA:391,1
DA:392,1
DA:393,7
DA:394,1
DA:395,1
DA:396,1
DA:397,1
DA:398,7
DA:399,0
DA:400,0
DA:401,1
DA:402,1
DA:403,7
DA:404,5
DA:405,5
DA:406,7
DA:407,1
DA:408,1
DA:409,1
DA:410,1
DA:411,2
DA:412,2
DA:413,2
DA:414,2
DA:415,2
DA:416,1
DA:417,1
DA:418,1
DA:419,1
DA:420,1
DA:421,1
DA:422,1
DA:423,1
DA:424,1
DA:425,1
DA:426,0
DA:427,0
DA:428,0
DA:429,1
DA:430,2
DA:431,2
DA:432,2
DA:433,2
DA:434,2
DA:435,2
DA:436,2
DA:437,2
DA:438,2
DA:439,2
DA:440,2
DA:441,2
DA:442,2
DA:443,16
DA:444,16
DA:445,2
DA:446,2
DA:447,2
DA:448,2
DA:449,2
DA:450,2
DA:451,2
DA:452,2
DA:453,2
DA:454,2
DA:455,2
DA:456,2
DA:457,2
DA:458,2
DA:459,2
DA:460,1
DA:461,1
DA:462,6
DA:463,6
DA:464,6
DA:465,6
DA:466,2
DA:467,2
DA:468,0
DA:469,0
DA:470,2
DA:471,2
DA:472,2
DA:473,6
DA:474,6
DA:475,2
DA:476,2
DA:477,0
DA:478,2
DA:479,2
DA:480,2
DA:481,2
DA:482,6
DA:483,6
DA:484,6
DA:485,1
DA:486,1
DA:487,1
DA:488,1
DA:489,1
DA:490,1
DA:491,1
DA:492,1
DA:493,1
DA:494,1
DA:495,1
DA:496,1
DA:497,1
DA:498,1
DA:499,1
DA:500,1
DA:501,1
DA:502,1
DA:503,1
DA:504,1
DA:505,1
DA:506,1
DA:507,1
DA:508,1
DA:509,1
DA:510,1
DA:511,1
DA:512,1
DA:513,1
LF:513
LH:472
BRDA:18,0,0,1
BRDA:29,1,0,3
BRDA:43,2,0,0
BRDA:45,3,0,2
BRDA:45,4,0,1
BRDA:47,5,0,2
BRDA:127,6,0,1
BRDA:51,7,0,2
BRDA:54,8,0,0
BRDA:58,9,0,0
BRDA:73,10,0,1
BRDA:73,11,0,1
BRDA:75,12,0,1
BRDA:83,13,0,0
BRDA:88,14,0,0
BRDA:92,15,0,0
BRDA:99,16,0,1
BRDA:99,17,0,1
BRDA:101,18,0,1
BRDA:104,19,0,0
BRDA:104,20,0,0
BRDA:114,21,0,0
BRDA:118,22,0,0
BRDA:139,23,0,4
BRDA:141,24,0,0
BRDA:145,25,0,0
BRDA:148,26,0,1
BRDA:150,27,0,3
BRDA:255,28,0,2
BRDA:258,29,0,1
BRDA:152,30,0,3
BRDA:154,31,0,1
BRDA:156,32,0,2
BRDA:162,33,0,1
BRDA:164,34,0,2
BRDA:167,35,0,0
BRDA:167,36,0,0
BRDA:169,37,0,2
BRDA:170,38,0,0
BRDA:170,39,0,0
BRDA:172,40,0,2
BRDA:179,41,0,1
BRDA:179,42,0,1
BRDA:188,43,0,0
BRDA:193,44,0,0
BRDA:200,45,0,0
BRDA:202,46,0,0
BRDA:204,47,0,0
BRDA:209,48,0,2
BRDA:214,49,0,1
BRDA:214,50,0,1
BRDA:217,51,0,0
BRDA:222,52,0,0
BRDA:222,53,0,0
BRDA:232,54,0,0
BRDA:239,55,0,0
BRDA:244,56,0,0
BRDA:252,57,0,2
BRDA:267,58,0,4
BRDA:269,59,0,2
BRDA:273,60,0,2
BRDA:275,61,0,1
BRDA:288,62,0,2
BRDA:291,63,0,0
BRDA:292,64,0,1
BRDA:317,65,0,0
BRDA:295,66,0,1
BRDA:296,67,0,0
BRDA:302,68,0,0
BRDA:306,69,0,0
BRDA:309,70,0,0
BRDA:325,71,0,6
BRDA:328,72,0,1
BRDA:330,73,0,5
BRDA:331,74,0,2
BRDA:331,75,0,3
BRDA:333,76,0,2
BRDA:340,77,0,0
BRDA:342,78,0,2
BRDA:343,79,0,0
BRDA:345,80,0,2
BRDA:347,81,0,0
BRDA:348,82,0,0
BRDA:348,83,0,2
BRDA:350,84,0,1
BRDA:355,85,0,0
BRDA:357,86,0,1
BRDA:360,87,0,4
BRDA:364,88,0,7
BRDA:366,89,0,1
BRDA:368,90,0,6
BRDA:371,91,0,1
BRDA:373,92,0,5
BRDA:375,93,0,0
BRDA:376,94,0,1
BRDA:376,95,0,4
BRDA:378,96,0,1
BRDA:383,97,0,3
BRDA:390,98,0,1
BRDA:392,99,0,2
BRDA:393,100,0,1
BRDA:398,101,0,0
BRDA:400,102,0,1
BRDA:403,103,0,5
BRDA:407,104,0,1
BRDA:410,105,0,2
BRDA:412,106,0,0
BRDA:415,107,0,1
BRDA:419,108,0,1
BRDA:423,109,0,1
BRDA:424,110,0,0
BRDA:425,111,0,0
BRDA:429,112,0,2
BRDA:442,113,0,16
BRDA:443,114,0,2
BRDA:455,115,0,0
BRDA:455,116,0,0
BRDA:461,117,0,6
BRDA:463,118,0,4
BRDA:463,119,0,2
BRDA:465,120,0,2
BRDA:467,121,0,0
BRDA:474,122,0,2
BRDA:476,123,0,0
BRDA:486,124,0,1
BRDA:497,125,0,0
BRDA:502,126,0,0
BRDA:504,127,0,0
BRDA:505,128,0,0
BRDA:507,129,0,0
BRF:130
BRH:78
end_of_record
TN:
SF:Application\Services\AutomationService.js
FN:67,pickFirst
FN:72,toJson
FN:76,uniq
FN:80,safeObj
FN:87,trackUrl
FN:107,injectOpenPixel
FN:135,rewriteLinksForClickTracking
FN:155,render
FN:165,renderDeep
FN:178,setByPath
FN:191,getByPath
FN:203,evalCondition
FN:220,isFlowRunnable
FN:241,matchFlowTriggerConditions
FN:271,matchFilters
FN:322,trigger
FN:384,buildDefaultCtx
FN:522,runEventFlows
FN:537,runFlow
FN:549,execAction
FN:575,handleTagEvent
FN:610,handleCampaignEvent
FN:681,handleCampaignChannelEvent
FN:742,resolveScheduledLeadsByType
FN:768,collectLeadsForFlow
FN:775,runDailyAutomation
FN:833,triggerNow
FN:845,send_email
FN:1034,add_interaction
FN:1084,set_ctx
FN:1100,query.leads
FN:1118,query.customers
FN:1148,query.orders
FN:1166,for_each
FN:1215,log
FN:1225,schedule
FN:1234,branch
FN:1244,http.request
FN:1263,tag_update
FN:1305,create_task
FN:1344,update_status_if
FN:1368,log
FN:1378,schedule
FN:1387,branch
FN:1397,http.request
FNF:45
FNH:16
FNDA:9,pickFirst
FNDA:7,toJson
FNDA:1,uniq
FNDA:3,safeObj
FNDA:0,trackUrl
FNDA:0,injectOpenPixel
FNDA:0,rewriteLinksForClickTracking
FNDA:5,render
FNDA:0,renderDeep
FNDA:1,setByPath
FNDA:1,getByPath
FNDA:3,evalCondition
FNDA:0,isFlowRunnable
FNDA:0,matchFlowTriggerConditions
FNDA:0,matchFilters
FNDA:1,trigger
FNDA:1,buildDefaultCtx
FNDA:1,runEventFlows
FNDA:1,runFlow
FNDA:2,execAction
FNDA:3,handleTagEvent
FNDA:1,handleCampaignEvent
FNDA:0,handleCampaignChannelEvent
FNDA:0,resolveScheduledLeadsByType
FNDA:0,collectLeadsForFlow
FNDA:1,runDailyAutomation
FNDA:0,triggerNow
FNDA:0,send_email
FNDA:0,add_interaction
FNDA:0,set_ctx
FNDA:0,query.leads
FNDA:0,query.customers
FNDA:0,query.orders
FNDA:0,for_each
FNDA:0,log
FNDA:0,schedule
FNDA:0,branch
FNDA:0,http.request
FNDA:0,tag_update
FNDA:0,create_task
FNDA:0,update_status_if
FNDA:0,log
FNDA:0,schedule
FNDA:0,branch
FNDA:0,http.request
DA:1,1
DA:2,1
DA:3,1
DA:4,1
DA:5,1
DA:6,1
DA:7,1
DA:8,1
DA:9,1
DA:10,1
DA:11,1
DA:12,1
DA:13,1
DA:14,1
DA:15,1
DA:16,1
DA:17,1
DA:18,1
DA:19,1
DA:20,1
DA:21,1
DA:22,1
DA:23,1
DA:24,1
DA:25,1
DA:26,1
DA:27,1
DA:28,1
DA:29,1
DA:30,1
DA:31,1
DA:32,1
DA:33,1
DA:34,1
DA:35,1
DA:36,1
DA:37,1
DA:38,1
DA:39,1
DA:40,1
DA:41,1
DA:42,1
DA:43,1
DA:44,1
DA:45,1
DA:46,1
DA:47,1
DA:48,1
DA:49,1
DA:50,1
DA:51,1
DA:52,1
DA:53,1
DA:54,1
DA:55,1
DA:56,1
DA:57,1
DA:58,1
DA:59,1
DA:60,1
DA:61,1
DA:62,1
DA:63,1
DA:64,1
DA:65,1
DA:66,1
DA:67,9
DA:68,9
DA:69,6
DA:70,6
DA:71,1
DA:72,7
DA:73,7
DA:74,7
DA:75,1
DA:76,1
DA:77,1
DA:78,1
DA:79,1
DA:80,3
DA:81,3
DA:82,3
DA:83,1
DA:84,1
DA:85,1
DA:86,1
DA:87,0
DA:88,0
DA:89,0
DA:90,0
DA:91,0
DA:92,0
DA:93,0
DA:94,0
DA:95,0
DA:96,0
DA:97,0
DA:98,0
DA:99,0
DA:100,0
DA:101,0
DA:102,0
DA:103,0
DA:104,0
DA:105,0
DA:106,1
DA:107,0
DA:108,0
DA:109,0
DA:110,0
DA:111,0
DA:112,0
DA:113,0
DA:114,0
DA:115,0
DA:116,0
DA:117,0
DA:118,0
DA:119,0
DA:120,0
DA:121,0
DA:122,0
DA:123,0
DA:124,0
DA:125,0
DA:126,0
DA:127,0
DA:128,0
DA:129,0
DA:130,0
DA:131,0
DA:132,0
DA:133,0
DA:134,1
DA:135,0
DA:136,0
DA:137,0
DA:138,0
DA:139,0
DA:140,0
DA:141,0
DA:142,0
DA:143,0
DA:144,0
DA:145,0
DA:146,0
DA:147,1
DA:148,1
DA:149,1
DA:150,1
DA:151,1
DA:152,1
DA:153,1
DA:154,1
DA:155,1
DA:156,5
DA:157,5
DA:158,5
DA:159,5
DA:160,4
DA:161,4
DA:162,4
DA:163,5
DA:164,1
DA:165,1
DA:166,0
DA:167,0
DA:168,0
DA:169,0
DA:170,0
DA:171,0
DA:172,0
DA:173,0
DA:174,0
DA:175,0
DA:176,0
DA:177,1
DA:178,1
DA:179,1
DA:180,1
DA:181,1
DA:182,1
DA:183,1
DA:184,2
DA:185,2
DA:186,2
DA:187,2
DA:188,1
DA:189,1
DA:190,1
DA:191,1
DA:192,1
DA:193,1
DA:194,1
DA:195,1
DA:196,1
DA:197,3
DA:198,3
DA:199,3
DA:200,1
DA:201,1
DA:202,1
DA:203,1
DA:204,3
DA:205,3
DA:206,3
DA:207,3
DA:208,3
DA:209,3
DA:210,3
DA:211,3
DA:212,1
DA:213,1
DA:214,1
DA:215,3
DA:216,1
DA:217,1
DA:218,1
DA:219,1
DA:220,1
DA:221,0
DA:222,0
DA:223,0
DA:224,0
DA:225,0
DA:226,0
DA:227,0
DA:228,0
DA:229,0
DA:230,0
DA:231,0
DA:232,0
DA:233,0
DA:234,0
DA:235,0
DA:236,0
DA:237,0
DA:238,0
DA:239,0
DA:240,1
DA:241,1
DA:242,0
DA:243,0
DA:244,0
DA:245,0
DA:246,0
DA:247,0
DA:248,0
DA:249,0
DA:250,0
DA:251,0
DA:252,0
DA:253,0
DA:254,0
DA:255,0
DA:256,0
DA:257,0
DA:258,0
DA:259,0
DA:260,0
DA:261,0
DA:262,0
DA:263,0
DA:264,0
DA:265,0
DA:266,0
DA:267,0
DA:268,0
DA:269,0
DA:270,1
DA:271,1
DA:272,0
DA:273,0
DA:274,0
DA:275,0
DA:276,0
DA:277,0
DA:278,0
DA:279,0
DA:280,0
DA:281,0
DA:282,0
DA:283,0
DA:284,0
DA:285,0
DA:286,0
DA:287,0
DA:288,0
DA:289,0
DA:290,0
DA:291,0
DA:292,0
DA:293,0
DA:294,0
DA:295,0
DA:296,0
DA:297,0
DA:298,0
DA:299,0
DA:300,0
DA:301,0
DA:302,0
DA:303,0
DA:304,0
DA:305,0
DA:306,0
DA:307,0
DA:308,0
DA:309,0
DA:310,0
DA:311,0
DA:312,0
DA:313,0
DA:314,0
DA:315,0
DA:316,0
DA:317,0
DA:318,1
DA:319,1
DA:320,1
DA:321,1
DA:322,1
DA:323,1
DA:324,1
DA:325,0
DA:326,0
DA:327,0
DA:328,0
DA:329,0
DA:330,0
DA:331,0
DA:332,0
DA:333,1
DA:334,1
DA:335,1
DA:336,1
DA:337,1
DA:338,0
DA:339,0
DA:340,0
DA:341,0
DA:342,0
DA:343,0
DA:344,0
DA:345,0
DA:346,0
DA:347,0
DA:348,0
DA:349,0
DA:350,0
DA:351,0
DA:352,0
DA:353,0
DA:354,0
DA:355,0
DA:356,0
DA:357,0
DA:358,0
DA:359,0
DA:360,0
DA:361,0
DA:362,0
DA:363,0
DA:364,0
DA:365,0
DA:366,0
DA:367,1
DA:368,0
DA:369,0
DA:370,1
DA:371,0
DA:372,0
DA:373,1
DA:374,0
DA:375,0
DA:376,1
DA:377,0
DA:378,1
DA:379,1
DA:380,1
DA:381,1
DA:382,1
DA:383,1
DA:384,1
DA:385,1
DA:386,1
DA:387,1
DA:388,1
DA:389,1
DA:390,1
DA:391,1
DA:392,1
DA:393,1
DA:394,1
DA:395,1
DA:396,1
DA:397,1
DA:398,1
DA:399,1
DA:400,1
DA:401,1
DA:402,1
DA:403,1
DA:404,1
DA:405,1
DA:406,1
DA:407,1
DA:408,1
DA:409,1
DA:410,1
DA:411,1
DA:412,1
DA:413,1
DA:414,0
DA:415,0
DA:416,0
DA:417,0
DA:418,0
DA:419,0
DA:420,1
DA:421,1
DA:422,1
DA:423,1
DA:424,0
DA:425,0
DA:426,0
DA:427,0
DA:428,0
DA:429,0
DA:430,0
DA:431,0
DA:432,0
DA:433,0
DA:434,0
DA:435,0
DA:436,0
DA:437,1
DA:438,1
DA:439,1
DA:440,1
DA:441,1
DA:442,1
DA:443,1
DA:444,0
DA:445,0
DA:446,0
DA:447,0
DA:448,1
DA:449,1
DA:450,1
DA:451,1
DA:452,1
DA:453,1
DA:454,1
DA:455,1
DA:456,1
DA:457,1
DA:458,1
DA:459,1
DA:460,0
DA:461,0
DA:462,1
DA:463,0
DA:464,0
DA:465,0
DA:466,1
DA:467,1
DA:468,1
DA:469,1
DA:470,1
DA:471,1
DA:472,1
DA:473,1
DA:474,1
DA:475,1
DA:476,1
DA:477,1
DA:478,1
DA:479,1
DA:480,1
DA:481,1
DA:482,1
DA:483,1
DA:484,1
DA:485,1
DA:486,1
DA:487,1
DA:488,1
DA:489,1
DA:490,1
DA:491,1
DA:492,1
DA:493,1
DA:494,1
DA:495,1
DA:496,1
DA:497,1
DA:498,1
DA:499,1
DA:500,1
DA:501,1
DA:502,1
DA:503,1
DA:504,1
DA:505,1
DA:506,1
DA:507,1
DA:508,1
DA:509,1
DA:510,1
DA:511,1
DA:512,1
DA:513,0
DA:514,0
DA:515,1
DA:516,1
DA:517,1
DA:518,1
DA:519,1
DA:520,1
DA:521,1
DA:522,1
DA:523,1
DA:524,1
DA:525,1
DA:526,1
DA:527,1
DA:528,0
DA:529,0
DA:530,0
DA:531,0
DA:532,0
DA:533,0
DA:534,0
DA:535,0
DA:536,1
DA:537,1
DA:538,1
DA:539,1
DA:540,1
DA:541,1
DA:542,1
DA:543,2
DA:544,2
DA:545,2
DA:546,2
DA:547,1
DA:548,1
DA:549,1
DA:550,2
DA:551,2
DA:552,2
DA:553,2
DA:554,2
DA:555,0
DA:556,2
DA:557,0
DA:558,0
DA:559,0
DA:560,0
DA:561,0
DA:562,0
DA:563,0
DA:564,0
DA:565,0
DA:566,0
DA:567,0
DA:568,0
DA:569,0
DA:570,2
DA:571,1
DA:572,1
DA:573,1
DA:574,1
DA:575,1
DA:576,3
DA:577,3
DA:578,1
DA:579,1
DA:580,1
DA:581,2
DA:582,2
DA:583,2
DA:584,2
DA:585,3
DA:586,1
DA:587,1
DA:588,1
DA:589,1
DA:590,1
DA:591,1
DA:592,1
DA:593,1
DA:594,1
DA:595,1
DA:596,1
DA:597,1
DA:598,3
DA:599,0
DA:600,0
DA:601,0
DA:602,0
DA:603,0
DA:604,0
DA:605,0
DA:606,1
DA:607,1
DA:608,1
DA:609,1
DA:610,1
DA:611,1
DA:612,1
DA:613,1
DA:614,1
DA:615,1
DA:616,0
DA:617,0
DA:618,0
DA:619,0
DA:620,1
DA:621,0
DA:622,0
DA:623,0
DA:624,0
DA:625,1
DA:626,1
DA:627,1
DA:628,0
DA:629,0
DA:630,0
DA:631,0
DA:632,0
DA:633,0
DA:634,0
DA:635,0
DA:636,0
DA:637,0
DA:638,0
DA:639,0
DA:640,0
DA:641,0
DA:642,0
DA:643,0
DA:644,0
DA:645,0
DA:646,0
DA:647,0
DA:648,0
DA:649,0
DA:650,0
DA:651,0
DA:652,0
DA:653,0
DA:654,0
DA:655,0
DA:656,0
DA:657,0
DA:658,0
DA:659,0
DA:660,0
DA:661,0
DA:662,0
DA:663,0
DA:664,0
DA:665,0
DA:666,0
DA:667,0
DA:668,0
DA:669,0
DA:670,0
DA:671,0
DA:672,0
DA:673,0
DA:674,0
DA:675,0
DA:676,0
DA:677,1
DA:678,1
DA:679,1
DA:680,1
DA:681,1
DA:682,0
DA:683,0
DA:684,0
DA:685,0
DA:686,0
DA:687,0
DA:688,0
DA:689,0
DA:690,0
DA:691,0
DA:692,0
DA:693,0
DA:694,0
DA:695,0
DA:696,0
DA:697,0
DA:698,0
DA:699,0
DA:700,0
DA:701,0
DA:702,0
DA:703,0
DA:704,0
DA:705,0
DA:706,0
DA:707,0
DA:708,0
DA:709,0
DA:710,0
DA:711,0
DA:712,0
DA:713,0
DA:714,0
DA:715,0
DA:716,0
DA:717,0
DA:718,0
DA:719,0
DA:720,0
DA:721,0
DA:722,0
DA:723,0
DA:724,0
DA:725,0
DA:726,0
DA:727,0
DA:728,0
DA:729,0
DA:730,0
DA:731,0
DA:732,0
DA:733,0
DA:734,0
DA:735,0
DA:736,0
DA:737,0
DA:738,1
DA:739,1
DA:740,1
DA:741,1
DA:742,1
DA:743,0
DA:744,0
DA:745,0
DA:746,0
DA:747,0
DA:748,0
DA:749,0
DA:750,0
DA:751,0
DA:752,0
DA:753,0
DA:754,0
DA:755,0
DA:756,0
DA:757,0
DA:758,0
DA:759,0
DA:760,0
DA:761,0
DA:762,0
DA:763,0
DA:764,0
DA:765,0
DA:766,0
DA:767,1
DA:768,1
DA:769,0
DA:770,0
DA:771,0
DA:772,0
DA:773,0
DA:774,1
DA:775,1
DA:776,1
DA:777,1
DA:778,1
DA:779,1
DA:780,1
DA:781,1
DA:782,1
DA:783,1
DA:784,1
DA:785,0
DA:786,0
DA:787,0
DA:788,0
DA:789,0
DA:790,0
DA:791,0
DA:792,0
DA:793,0
DA:794,0
DA:795,0
DA:796,0
DA:797,0
DA:798,0
DA:799,0
DA:800,0
DA:801,0
DA:802,0
DA:803,0
DA:804,0
DA:805,0
DA:806,0
DA:807,0
DA:808,0
DA:809,0
DA:810,0
DA:811,0
DA:812,0
DA:813,0
DA:814,0
DA:815,0
DA:816,0
DA:817,0
DA:818,0
DA:819,0
DA:820,0
DA:821,1
DA:822,1
DA:823,0
DA:824,1
DA:825,1
DA:826,0
DA:827,0
DA:828,1
DA:829,1
DA:830,1
DA:831,1
DA:832,1
DA:833,1
DA:834,0
DA:835,0
DA:836,1
DA:837,1
DA:838,1
DA:839,1
DA:840,1
DA:841,1
DA:842,1
DA:843,1
DA:844,1
DA:845,1
DA:846,0
DA:847,0
DA:848,0
DA:849,0
DA:850,0
DA:851,0
DA:852,0
DA:853,0
DA:854,0
DA:855,0
DA:856,0
DA:857,0
DA:858,0
DA:859,0
DA:860,0
DA:861,0
DA:862,0
DA:863,0
DA:864,0
DA:865,0
DA:866,0
DA:867,0
DA:868,0
DA:869,0
DA:870,0
DA:871,0
DA:872,0
DA:873,0
DA:874,0
DA:875,0
DA:876,0
DA:877,0
DA:878,0
DA:879,0
DA:880,0
DA:881,0
DA:882,0
DA:883,0
DA:884,0
DA:885,0
DA:886,0
DA:887,0
DA:888,0
DA:889,0
DA:890,0
DA:891,0
DA:892,0
DA:893,0
DA:894,0
DA:895,0
DA:896,0
DA:897,0
DA:898,0
DA:899,0
DA:900,0
DA:901,0
DA:902,0
DA:903,0
DA:904,0
DA:905,0
DA:906,0
DA:907,0
DA:908,0
DA:909,0
DA:910,0
DA:911,0
DA:912,0
DA:913,0
DA:914,0
DA:915,0
DA:916,0
DA:917,0
DA:918,0
DA:919,0
DA:920,0
DA:921,0
DA:922,0
DA:923,0
DA:924,0
DA:925,0
DA:926,0
DA:927,0
DA:928,0
DA:929,0
DA:930,0
DA:931,0
DA:932,0
DA:933,0
DA:934,0
DA:935,0
DA:936,0
DA:937,0
DA:938,0
DA:939,0
DA:940,0
DA:941,0
DA:942,0
DA:943,0
DA:944,0
DA:945,0
DA:946,0
DA:947,0
DA:948,0
DA:949,0
DA:950,0
DA:951,0
DA:952,0
DA:953,0
DA:954,0
DA:955,0
DA:956,0
DA:957,0
DA:958,0
DA:959,0
DA:960,0
DA:961,0
DA:962,0
DA:963,0
DA:964,0
DA:965,0
DA:966,0
DA:967,0
DA:968,0
DA:969,0
DA:970,0
DA:971,0
DA:972,0
DA:973,0
DA:974,0
DA:975,0
DA:976,0
DA:977,0
DA:978,0
DA:979,0
DA:980,0
DA:981,0
DA:982,0
DA:983,0
DA:984,0
DA:985,0
DA:986,0
DA:987,0
DA:988,0
DA:989,0
DA:990,0
DA:991,0
DA:992,0
DA:993,0
DA:994,0
DA:995,0
DA:996,0
DA:997,0
DA:998,0
DA:999,0
DA:1000,0
DA:1001,0
DA:1002,0
DA:1003,0
DA:1004,0
DA:1005,0
DA:1006,0
DA:1007,0
DA:1008,0
DA:1009,0
DA:1010,0
DA:1011,0
DA:1012,0
DA:1013,0
DA:1014,0
DA:1015,0
DA:1016,0
DA:1017,0
DA:1018,0
DA:1019,0
DA:1020,0
DA:1021,0
DA:1022,0
DA:1023,0
DA:1024,0
DA:1025,0
DA:1026,0
DA:1027,0
DA:1028,0
DA:1029,1
DA:1030,1
DA:1031,1
DA:1032,1
DA:1033,1
DA:1034,1
DA:1035,0
DA:1036,0
DA:1037,0
DA:1038,0
DA:1039,0
DA:1040,0
DA:1041,0
DA:1042,0
DA:1043,0
DA:1044,0
DA:1045,0
DA:1046,0
DA:1047,0
DA:1048,0
DA:1049,0
DA:1050,0
DA:1051,0
DA:1052,0
DA:1053,0
DA:1054,0
DA:1055,0
DA:1056,0
DA:1057,0
DA:1058,0
DA:1059,0
DA:1060,0
DA:1061,0
DA:1062,0
DA:1063,0
DA:1064,0
DA:1065,0
DA:1066,0
DA:1067,0
DA:1068,0
DA:1069,0
DA:1070,0
DA:1071,0
DA:1072,0
DA:1073,0
DA:1074,0
DA:1075,0
DA:1076,0
DA:1077,0
DA:1078,0
DA:1079,1
DA:1080,1
DA:1081,1
DA:1082,1
DA:1083,1
DA:1084,1
DA:1085,0
DA:1086,0
DA:1087,0
DA:1088,0
DA:1089,0
DA:1090,0
DA:1091,0
DA:1092,0
DA:1093,0
DA:1094,0
DA:1095,1
DA:1096,1
DA:1097,1
DA:1098,1
DA:1099,1
DA:1100,1
DA:1101,0
DA:1102,0
DA:1103,0
DA:1104,0
DA:1105,0
DA:1106,0
DA:1107,0
DA:1108,0
DA:1109,0
DA:1110,0
DA:1111,0
DA:1112,0
DA:1113,1
DA:1114,1
DA:1115,1
DA:1116,1
DA:1117,1
DA:1118,1
DA:1119,0
DA:1120,0
DA:1121,0
DA:1122,0
DA:1123,0
DA:1124,0
DA:1125,0
DA:1126,0
DA:1127,0
DA:1128,0
DA:1129,0
DA:1130,0
DA:1131,0
DA:1132,0
DA:1133,0
DA:1134,0
DA:1135,0
DA:1136,0
DA:1137,0
DA:1138,0
DA:1139,0
DA:1140,0
DA:1141,0
DA:1142,0
DA:1143,1
DA:1144,1
DA:1145,1
DA:1146,1
DA:1147,1
DA:1148,1
DA:1149,0
DA:1150,0
DA:1151,0
DA:1152,0
DA:1153,0
DA:1154,0
DA:1155,0
DA:1156,0
DA:1157,0
DA:1158,0
DA:1159,0
DA:1160,0
DA:1161,1
DA:1162,1
DA:1163,1
DA:1164,1
DA:1165,1
DA:1166,1
DA:1167,0
DA:1168,0
DA:1169,0
DA:1170,0
DA:1171,0
DA:1172,0
DA:1173,0
DA:1174,0
DA:1175,0
DA:1176,0
DA:1177,0
DA:1178,0
DA:1179,0
DA:1180,0
DA:1181,0
DA:1182,0
DA:1183,0
DA:1184,0
DA:1185,0
DA:1186,0
DA:1187,0
DA:1188,0
DA:1189,0
DA:1190,0
DA:1191,0
DA:1192,0
DA:1193,0
DA:1194,0
DA:1195,0
DA:1196,0
DA:1197,0
DA:1198,0
DA:1199,0
DA:1200,0
DA:1201,0
DA:1202,0
DA:1203,0
DA:1204,0
DA:1205,0
DA:1206,0
DA:1207,0
DA:1208,0
DA:1209,0
DA:1210,1
DA:1211,1
DA:1212,1
DA:1213,1
DA:1214,1
DA:1215,1
DA:1216,0
DA:1217,0
DA:1218,0
DA:1219,0
DA:1220,1
DA:1221,1
DA:1222,1
DA:1223,1
DA:1224,1
DA:1225,1
DA:1226,0
DA:1227,0
DA:1228,0
DA:1229,1
DA:1230,1
DA:1231,1
DA:1232,1
DA:1233,1
DA:1234,1
DA:1235,0
DA:1236,0
DA:1237,0
DA:1238,0
DA:1239,1
DA:1240,1
DA:1241,1
DA:1242,1
DA:1243,1
DA:1244,1
DA:1245,0
DA:1246,0
DA:1247,0
DA:1248,0
DA:1249,0
DA:1250,0
DA:1251,0
DA:1252,0
DA:1253,0
DA:1254,0
DA:1255,0
DA:1256,0
DA:1257,0
DA:1258,1
DA:1259,1
DA:1260,1
DA:1261,1
DA:1262,1
DA:1263,1
DA:1264,0
DA:1265,0
DA:1266,0
DA:1267,0
DA:1268,0
DA:1269,0
DA:1270,0
DA:1271,0
DA:1272,0
DA:1273,0
DA:1274,0
DA:1275,0
DA:1276,0
DA:1277,0
DA:1278,0
DA:1279,0
DA:1280,0
DA:1281,0
DA:1282,0
DA:1283,0
DA:1284,0
DA:1285,0
DA:1286,0
DA:1287,0
DA:1288,0
DA:1289,0
DA:1290,0
DA:1291,0
DA:1292,0
DA:1293,0
DA:1294,0
DA:1295,0
DA:1296,0
DA:1297,0
DA:1298,0
DA:1299,0
DA:1300,1
DA:1301,1
DA:1302,1
DA:1303,1
DA:1304,1
DA:1305,1
DA:1306,0
DA:1307,0
DA:1308,0
DA:1309,0
DA:1310,0
DA:1311,0
DA:1312,0
DA:1313,0
DA:1314,0
DA:1315,0
DA:1316,0
DA:1317,0
DA:1318,0
DA:1319,0
DA:1320,0
DA:1321,0
DA:1322,0
DA:1323,0
DA:1324,0
DA:1325,0
DA:1326,0
DA:1327,0
DA:1328,0
DA:1329,0
DA:1330,0
DA:1331,0
DA:1332,0
DA:1333,0
DA:1334,0
DA:1335,0
DA:1336,0
DA:1337,0
DA:1338,0
DA:1339,1
DA:1340,1
DA:1341,1
DA:1342,1
DA:1343,1
DA:1344,1
DA:1345,0
DA:1346,0
DA:1347,0
DA:1348,0
DA:1349,0
DA:1350,0
DA:1351,0
DA:1352,0
DA:1353,0
DA:1354,0
DA:1355,0
DA:1356,0
DA:1357,0
DA:1358,0
DA:1359,0
DA:1360,0
DA:1361,0
DA:1362,0
DA:1363,1
DA:1364,1
DA:1365,1
DA:1366,1
DA:1367,1
DA:1368,1
DA:1369,0
DA:1370,0
DA:1371,0
DA:1372,0
DA:1373,1
DA:1374,1
DA:1375,1
DA:1376,1
DA:1377,1
DA:1378,1
DA:1379,0
DA:1380,0
DA:1381,0
DA:1382,1
DA:1383,1
DA:1384,1
DA:1385,1
DA:1386,1
DA:1387,1
DA:1388,0
DA:1389,0
DA:1390,0
DA:1391,0
DA:1392,1
DA:1393,1
DA:1394,1
DA:1395,1
DA:1396,1
DA:1397,1
DA:1398,0
DA:1399,0
DA:1400,0
DA:1401,0
DA:1402,0
DA:1403,0
DA:1404,0
DA:1405,0
DA:1406,0
DA:1407,0
DA:1408,0
DA:1409,0
DA:1410,0
DA:1411,0
DA:1412,1
DA:1413,1
DA:1414,1
DA:1415,1
DA:1416,1
DA:1417,1
LF:1417
LH:505
BRDA:67,0,0,9
BRDA:68,1,0,17
BRDA:68,2,0,3
BRDA:68,3,0,3
BRDA:68,4,0,3
BRDA:68,5,0,6
BRDA:72,6,0,7
BRDA:73,7,0,4
BRDA:73,8,0,3
BRDA:73,9,0,3
BRDA:76,10,0,1
BRDA:77,11,0,0
BRDA:80,12,0,3
BRDA:81,13,0,0
BRDA:81,14,0,0
BRDA:155,15,0,5
BRDA:156,16,0,0
BRDA:159,17,0,4
BRDA:178,18,0,1
BRDA:179,19,0,0
BRDA:183,20,0,2
BRDA:185,21,0,0
BRDA:191,22,0,1
BRDA:192,23,0,0
BRDA:196,24,0,3
BRDA:197,25,0,0
BRDA:203,26,0,3
BRDA:204,27,0,0
BRDA:211,28,0,1
BRDA:322,29,0,1
BRDA:324,30,0,0
BRDA:337,31,0,0
BRDA:367,32,0,0
BRDA:370,33,0,0
BRDA:373,34,0,0
BRDA:376,35,0,0
BRDA:384,36,0,1
BRDA:397,37,0,0
BRDA:404,38,0,0
BRDA:405,39,0,0
BRDA:406,40,0,0
BRDA:409,41,0,0
BRDA:413,42,0,0
BRDA:413,43,0,0
BRDA:423,44,0,0
BRDA:441,45,0,0
BRDA:441,46,0,0
BRDA:442,47,0,0
BRDA:443,48,0,0
BRDA:443,49,0,0
BRDA:454,50,0,0
BRDA:454,51,0,0
BRDA:455,52,0,0
BRDA:455,53,0,0
BRDA:456,54,0,0
BRDA:456,55,0,0
BRDA:459,56,0,0
BRDA:459,57,0,0
BRDA:459,58,0,0
BRDA:462,59,0,0
BRDA:472,60,0,0
BRDA:473,61,0,0
BRDA:474,62,0,0
BRDA:474,63,0,0
BRDA:478,64,0,0
BRDA:478,65,0,0
BRDA:478,66,0,0
BRDA:487,67,0,0
BRDA:512,68,0,0
BRDA:512,69,0,0
BRDA:522,70,0,1
BRDA:527,71,0,0
BRDA:537,72,0,1
BRDA:538,73,0,0
BRDA:542,74,0,2
BRDA:543,75,0,0
BRDA:540,76,0,1
BRDA:540,77,0,0
BRDA:540,78,0,0
BRDA:549,79,0,2
BRDA:554,80,0,0
BRDA:556,81,0,0
BRDA:575,82,0,3
BRDA:576,83,0,0
BRDA:577,84,0,2
BRDA:577,85,0,1
BRDA:580,86,0,2
BRDA:585,87,0,1
BRDA:598,88,0,1
BRDA:598,89,0,0
BRDA:610,90,0,1
BRDA:615,91,0,0
BRDA:620,92,0,0
BRDA:625,93,0,0
BRDA:627,94,0,0
BRDA:627,95,0,0
BRDA:775,96,0,1
BRDA:782,97,0,0
BRDA:784,98,0,0
BRDA:784,99,0,0
BRDA:822,100,0,0
BRDA:825,101,0,0
BRF:102
BRH:35
end_of_record
TN:
SF:Application\Services\AutomationTriggerService.js
FN:3,AutomationTriggerService
FN:8,createTrigger
FN:14,getTrigger
FN:19,listTriggers
FN:22,updateTrigger
FN:27,deleteTrigger
FN:30,setActive
FNF:7
FNH:7
FNDA:10,AutomationTriggerService
FNDA:2,createTrigger
FNDA:2,getTrigger
FNDA:1,listTriggers
FNDA:2,updateTrigger
FNDA:1,deleteTrigger
FNDA:2,setActive
DA:1,1
DA:2,1
DA:3,1
DA:4,10
DA:5,10
DA:6,10
DA:7,10
DA:8,1
DA:9,2
DA:10,2
DA:11,2
DA:12,1
DA:13,1
DA:14,1
DA:15,2
DA:16,2
DA:17,1
DA:18,1
DA:19,1
DA:20,1
DA:21,1
DA:22,1
DA:23,2
DA:24,2
DA:25,1
DA:26,1
DA:27,1
DA:28,1
DA:29,1
DA:30,1
DA:31,2
DA:32,2
DA:33,1
DA:34,1
DA:35,1
DA:36,1
DA:37,1
LF:37
LH:37
BRDA:3,0,0,10
BRDA:8,1,0,2
BRDA:11,2,0,1
BRDA:14,3,0,2
BRDA:16,4,0,1
BRDA:19,5,0,1
BRDA:22,6,0,2
BRDA:24,7,0,1
BRDA:27,8,0,1
BRDA:30,9,0,2
BRDA:32,10,0,1
BRF:11
BRH:11
end_of_record
TN:
SF:Application\Services\CampaignService.js
FN:15,updateStatus
FN:64,submitCampaign
FN:92,rejectCampaign
FN:123,approveCampaignFull
FN:151,getCampaign
FN:179,updateCampaign
FN:254,createCampaign
FN:262,normalizeProducts
FN:411,runCampaign
FN:469,listByChannel
FN:557,getMetrics
FN:603,getAll
FN:653,getRunningWithProducts
FN:698,getChannelStats
FNF:14
FNH:4
FNDA:3,updateStatus
FNDA:0,submitCampaign
FNDA:0,rejectCampaign
FNDA:0,approveCampaignFull
FNDA:0,getCampaign
FNDA:0,updateCampaign
FNDA:1,createCampaign
FNDA:0,normalizeProducts
FNDA:0,runCampaign
FNDA:0,listByChannel
FNDA:0,getMetrics
FNDA:2,getAll
FNDA:2,getRunningWithProducts
FNDA:0,getChannelStats
DA:1,1
DA:2,1
DA:3,1
DA:4,1
DA:5,1
DA:6,1
DA:7,1
DA:8,1
DA:9,1
DA:10,1
DA:11,1
DA:12,1
DA:13,1
DA:14,1
DA:15,1
DA:16,3
DA:17,3
DA:18,3
DA:19,3
DA:20,1
DA:21,1
DA:22,1
DA:23,1
DA:24,1
DA:25,1
DA:26,1
DA:27,2
DA:28,3
DA:29,1
DA:30,1
DA:31,1
DA:32,1
DA:33,1
DA:34,1
DA:35,1
DA:36,1
DA:37,1
DA:38,1
DA:39,1
DA:40,1
DA:41,0
DA:42,0
DA:43,1
DA:44,1
DA:45,1
DA:46,1
DA:47,1
DA:48,1
DA:49,1
DA:50,1
DA:51,1
DA:52,1
DA:53,1
DA:54,1
DA:55,1
DA:56,1
DA:57,1
DA:58,1
DA:59,3
DA:60,0
DA:61,0
DA:62,3
DA:63,1
DA:64,1
DA:65,0
DA:66,0
DA:67,0
DA:68,0
DA:69,0
DA:70,0
DA:71,0
DA:72,0
DA:73,0
DA:74,0
DA:75,0
DA:76,0
DA:77,0
DA:78,0
DA:79,0
DA:80,0
DA:81,0
DA:82,0
DA:83,0
DA:84,0
DA:85,0
DA:86,0
DA:87,0
DA:88,0
DA:89,0
DA:90,0
DA:91,1
DA:92,1
DA:93,0
DA:94,0
DA:95,0
DA:96,0
DA:97,0
DA:98,0
DA:99,0
DA:100,0
DA:101,0
DA:102,0
DA:103,0
DA:104,0
DA:105,0
DA:106,0
DA:107,0
DA:108,0
DA:109,0
DA:110,0
DA:111,0
DA:112,0
DA:113,0
DA:114,0
DA:115,0
DA:116,0
DA:117,0
DA:118,0
DA:119,0
DA:120,0
DA:121,0
DA:122,1
DA:123,1
DA:124,0
DA:125,0
DA:126,0
DA:127,0
DA:128,0
DA:129,0
DA:130,0
DA:131,0
DA:132,0
DA:133,0
DA:134,0
DA:135,0
DA:136,0
DA:137,0
DA:138,0
DA:139,0
DA:140,0
DA:141,0
DA:142,0
DA:143,0
DA:144,0
DA:145,0
DA:146,0
DA:147,0
DA:148,0
DA:149,0
DA:150,0
DA:151,1
DA:152,0
DA:153,0
DA:154,0
DA:155,0
DA:156,0
DA:157,0
DA:158,0
DA:159,0
DA:160,0
DA:161,0
DA:162,0
DA:163,0
DA:164,0
DA:165,0
DA:166,0
DA:167,0
DA:168,0
DA:169,0
DA:170,0
DA:171,0
DA:172,0
DA:173,0
DA:174,0
DA:175,0
DA:176,0
DA:177,0
DA:178,0
DA:179,1
DA:180,0
DA:181,0
DA:182,0
DA:183,0
DA:184,0
DA:185,0
DA:186,0
DA:187,0
DA:188,0
DA:189,0
DA:190,0
DA:191,0
DA:192,0
DA:193,0
DA:194,0
DA:195,0
DA:196,0
DA:197,0
DA:198,0
DA:199,0
DA:200,0
DA:201,0
DA:202,0
DA:203,0
DA:204,0
DA:205,0
DA:206,0
DA:207,0
DA:208,0
DA:209,0
DA:210,0
DA:211,0
DA:212,0
DA:213,0
DA:214,0
DA:215,0
DA:216,0
DA:217,0
DA:218,0
DA:219,0
DA:220,0
DA:221,0
DA:222,0
DA:223,0
DA:224,0
DA:225,0
DA:226,0
DA:227,0
DA:228,0
DA:229,0
DA:230,1
DA:231,1
DA:232,1
DA:233,1
DA:234,1
DA:235,1
DA:236,1
DA:237,1
DA:238,1
DA:239,1
DA:240,1
DA:241,1
DA:242,1
DA:243,1
DA:244,1
DA:245,1
DA:246,1
DA:247,1
DA:248,1
DA:249,1
DA:250,1
DA:251,1
DA:252,1
DA:253,1
DA:254,1
DA:255,1
DA:256,1
DA:257,1
DA:258,1
DA:259,1
DA:260,1
DA:261,1
DA:262,0
DA:263,0
DA:264,0
DA:265,0
DA:266,0
DA:267,0
DA:268,0
DA:269,0
DA:270,0
DA:271,0
DA:272,0
DA:273,0
DA:274,0
DA:275,0
DA:276,0
DA:277,0
DA:278,0
DA:279,0
DA:280,0
DA:281,0
DA:282,0
DA:283,0
DA:284,0
DA:285,0
DA:286,0
DA:287,0
DA:288,0
DA:289,0
DA:290,0
DA:291,0
DA:292,0
DA:293,0
DA:294,0
DA:295,0
DA:296,0
DA:297,0
DA:298,0
DA:299,0
DA:300,0
DA:301,0
DA:302,0
DA:303,0
DA:304,0
DA:305,0
DA:306,0
DA:307,0
DA:308,0
DA:309,0
DA:310,0
DA:311,0
DA:312,0
DA:313,0
DA:314,0
DA:315,0
DA:316,0
DA:317,0
DA:318,0
DA:319,0
DA:320,0
DA:321,0
DA:322,1
DA:323,1
DA:324,1
DA:325,1
DA:326,1
DA:327,1
DA:328,1
DA:329,1
DA:330,1
DA:331,1
DA:332,1
DA:333,1
DA:334,1
DA:335,1
DA:336,1
DA:337,1
DA:338,1
DA:339,1
DA:340,1
DA:341,1
DA:342,1
DA:343,1
DA:344,1
DA:345,1
DA:346,1
DA:347,1
DA:348,1
DA:349,0
DA:350,1
DA:351,1
DA:352,1
DA:353,0
DA:354,0
DA:355,0
DA:356,0
DA:357,0
DA:358,0
DA:359,0
DA:360,0
DA:361,0
DA:362,0
DA:363,0
DA:364,0
DA:365,0
DA:366,0
DA:367,0
DA:368,0
DA:369,0
DA:370,0
DA:371,0
DA:372,0
DA:373,0
DA:374,0
DA:375,0
DA:376,0
DA:377,0
DA:378,0
DA:379,0
DA:380,0
DA:381,0
DA:382,0
DA:383,0
DA:384,0
DA:385,0
DA:386,0
DA:387,0
DA:388,0
DA:389,0
DA:390,0
DA:391,0
DA:392,0
DA:393,0
DA:394,0
DA:395,0
DA:396,0
DA:397,0
DA:398,0
DA:399,0
DA:400,0
DA:401,0
DA:402,0
DA:403,0
DA:404,1
DA:405,0
DA:406,0
DA:407,1
DA:408,1
DA:409,1
DA:410,1
DA:411,1
DA:412,0
DA:413,0
DA:414,0
DA:415,0
DA:416,0
DA:417,0
DA:418,0
DA:419,0
DA:420,0
DA:421,0
DA:422,0
DA:423,0
DA:424,0
DA:425,0
DA:426,0
DA:427,0
DA:428,0
DA:429,0
DA:430,0
DA:431,0
DA:432,0
DA:433,0
DA:434,0
DA:435,0
DA:436,0
DA:437,0
DA:438,0
DA:439,0
DA:440,0
DA:441,0
DA:442,0
DA:443,0
DA:444,0
DA:445,0
DA:446,0
DA:447,0
DA:448,0
DA:449,0
DA:450,0
DA:451,0
DA:452,0
DA:453,0
DA:454,0
DA:455,0
DA:456,0
DA:457,0
DA:458,0
DA:459,0
DA:460,0
DA:461,0
DA:462,0
DA:463,0
DA:464,0
DA:465,0
DA:466,0
DA:467,0
DA:468,0
DA:469,1
DA:470,0
DA:471,0
DA:472,0
DA:473,0
DA:474,0
DA:475,0
DA:476,0
DA:477,0
DA:478,0
DA:479,0
DA:480,0
DA:481,0
DA:482,0
DA:483,0
DA:484,0
DA:485,0
DA:486,0
DA:487,0
DA:488,0
DA:489,0
DA:490,0
DA:491,0
DA:492,0
DA:493,0
DA:494,0
DA:495,0
DA:496,0
DA:497,0
DA:498,0
DA:499,0
DA:500,0
DA:501,0
DA:502,0
DA:503,0
DA:504,0
DA:505,0
DA:506,0
DA:507,0
DA:508,0
DA:509,0
DA:510,0
DA:511,0
DA:512,0
DA:513,0
DA:514,0
DA:515,0
DA:516,0
DA:517,0
DA:518,0
DA:519,0
DA:520,0
DA:521,0
DA:522,0
DA:523,0
DA:524,0
DA:525,0
DA:526,0
DA:527,0
DA:528,0
DA:529,0
DA:530,0
DA:531,0
DA:532,0
DA:533,0
DA:534,0
DA:535,0
DA:536,0
DA:537,0
DA:538,0
DA:539,0
DA:540,0
DA:541,0
DA:542,0
DA:543,0
DA:544,0
DA:545,0
DA:546,0
DA:547,0
DA:548,0
DA:549,0
DA:550,0
DA:551,0
DA:552,0
DA:553,0
DA:554,0
DA:555,0
DA:556,0
DA:557,1
DA:558,0
DA:559,0
DA:560,0
DA:561,0
DA:562,0
DA:563,0
DA:564,0
DA:565,0
DA:566,0
DA:567,0
DA:568,0
DA:569,0
DA:570,0
DA:571,0
DA:572,0
DA:573,0
DA:574,0
DA:575,0
DA:576,0
DA:577,0
DA:578,0
DA:579,0
DA:580,0
DA:581,0
DA:582,0
DA:583,0
DA:584,0
DA:585,0
DA:586,0
DA:587,0
DA:588,0
DA:589,0
DA:590,0
DA:591,0
DA:592,0
DA:593,0
DA:594,0
DA:595,0
DA:596,0
DA:597,0
DA:598,0
DA:599,0
DA:600,1
DA:601,1
DA:602,1
DA:603,1
DA:604,2
DA:605,2
DA:606,2
DA:607,2
DA:608,2
DA:609,2
DA:610,2
DA:611,2
DA:612,2
DA:613,2
DA:614,2
DA:615,2
DA:616,2
DA:617,2
DA:618,2
DA:619,2
DA:620,2
DA:621,2
DA:622,2
DA:623,2
DA:624,2
DA:625,2
DA:626,2
DA:627,2
DA:628,2
DA:629,2
DA:630,2
DA:631,2
DA:632,2
DA:633,2
DA:634,2
DA:635,2
DA:636,2
DA:637,1
DA:638,1
DA:639,1
DA:640,1
DA:641,1
DA:642,1
DA:643,2
DA:644,2
DA:645,2
DA:646,1
DA:647,1
DA:648,2
DA:649,1
DA:650,1
DA:651,1
DA:652,1
DA:653,1
DA:654,2
DA:655,2
DA:656,2
DA:657,2
DA:658,2
DA:659,2
DA:660,2
DA:661,2
DA:662,2
DA:663,1
DA:664,1
DA:665,1
DA:666,1
DA:667,2
DA:668,2
DA:669,0
DA:670,1
DA:671,1
DA:672,1
DA:673,1
DA:674,1
DA:675,1
DA:676,2
DA:677,2
DA:678,2
DA:679,2
DA:680,2
DA:681,2
DA:682,2
DA:683,2
DA:684,2
DA:685,2
DA:686,2
DA:687,2
DA:688,2
DA:689,2
DA:690,2
DA:691,2
DA:692,2
DA:693,1
DA:694,1
DA:695,1
DA:696,2
DA:697,1
DA:698,1
DA:699,0
DA:700,0
DA:701,0
DA:702,0
DA:703,0
DA:704,0
DA:705,0
DA:706,1
DA:707,1
DA:708,1
LF:708
LH:237
BRDA:15,0,0,3
BRDA:18,1,0,0
BRDA:19,2,0,1
BRDA:26,3,0,2
BRDA:28,4,0,1
BRDA:41,5,0,0
BRDA:42,6,0,1
BRDA:59,7,0,0
BRDA:254,8,0,1
BRDA:261,9,0,0
BRDA:323,10,0,0
BRDA:324,11,0,0
BRDA:325,12,0,0
BRDA:326,13,0,0
BRDA:327,14,0,0
BRDA:329,15,0,0
BRDA:330,16,0,0
BRDA:331,17,0,0
BRDA:332,18,0,0
BRDA:337,19,0,0
BRDA:338,20,0,0
BRDA:339,21,0,0
BRDA:342,22,0,0
BRDA:349,23,0,0
BRDA:350,24,0,0
BRDA:404,25,0,0
BRDA:603,26,0,2
BRDA:618,27,0,0
BRDA:619,28,0,0
BRDA:623,29,0,0
BRDA:624,30,0,0
BRDA:625,31,0,0
BRDA:626,32,0,0
BRDA:627,33,0,0
BRDA:628,34,0,0
BRDA:636,35,0,1
BRDA:643,36,0,0
BRDA:645,37,0,1
BRDA:653,38,0,2
BRDA:658,39,0,0
BRDA:659,40,0,0
BRDA:662,41,0,1
BRDA:676,42,0,0
BRDA:692,43,0,1
BRDA:666,44,0,2
BRDA:669,45,0,0
BRDA:668,46,0,2
BRDA:678,47,0,2
BRDA:678,48,0,0
BRDA:680,49,0,2
BRDA:681,50,0,0
BRDA:682,51,0,0
BRDA:682,52,0,2
BRDA:683,53,0,0
BRDA:684,54,0,0
BRF:55
BRH:17
end_of_record
TN:
SF:Application\Services\CategoryService.js
FN:6,getAll
FN:16,getById
FN:29,create
FN:46,update
FN:82,delete
FN:97,getActiveCategories
FN:107,findByName
FNF:7
FNH:7
FNDA:2,getAll
FNDA:3,getById
FNDA:3,create
FNDA:4,update
FNDA:3,delete
FNDA:2,getActiveCategories
FNDA:2,findByName
DA:1,1
DA:2,1
DA:3,1
DA:4,1
DA:5,1
DA:6,1
DA:7,2
DA:8,2
DA:9,1
DA:10,1
DA:11,1
DA:12,1
DA:13,2
DA:14,1
DA:15,1
DA:16,1
DA:17,3
DA:18,3
DA:19,3
DA:20,1
DA:21,1
DA:22,1
DA:23,1
DA:24,1
DA:25,1
DA:26,3
DA:27,1
DA:28,1
DA:29,1
DA:30,3
DA:31,3
DA:32,3
DA:33,3
DA:34,3
DA:35,1
DA:36,1
DA:37,3
DA:38,1
DA:39,1
DA:40,1
DA:41,1
DA:42,1
DA:43,3
DA:44,1
DA:45,1
DA:46,1
DA:47,4
DA:48,4
DA:49,4
DA:50,2
DA:51,2
DA:52,4
DA:53,2
DA:54,2
DA:55,2
DA:56,2
DA:57,1
DA:58,1
DA:59,2
DA:60,1
DA:61,1
DA:62,1
DA:63,1
DA:64,1
DA:65,1
DA:66,0
DA:67,0
DA:68,0
DA:69,0
DA:70,0
DA:71,0
DA:72,0
DA:73,0
DA:74,0
DA:75,0
DA:76,4
DA:77,1
DA:78,1
DA:79,4
DA:80,1
DA:81,1
DA:82,1
DA:83,3
DA:84,3
DA:85,2
DA:86,3
DA:87,3
DA:88,1
DA:89,1
DA:90,1
DA:91,1
DA:92,1
DA:93,1
DA:94,3
DA:95,1
DA:96,1
DA:97,1
DA:98,2
DA:99,2
DA:100,1
DA:101,1
DA:102,1
DA:103,1
DA:104,2
DA:105,1
DA:106,1
DA:107,1
DA:108,2
DA:109,2
DA:110,1
DA:111,1
DA:112,1
DA:113,1
DA:114,2
DA:115,1
DA:116,1
DA:117,1
LF:117
LH:107
BRDA:6,0,0,2
BRDA:8,1,0,1
BRDA:16,2,0,3
BRDA:18,3,0,2
BRDA:19,4,0,1
BRDA:29,5,0,3
BRDA:33,6,0,2
BRDA:34,7,0,1
BRDA:37,8,0,1
BRDA:46,9,0,4
BRDA:48,10,0,3
BRDA:49,11,0,1
BRDA:49,12,0,2
BRDA:52,13,0,2
BRDA:54,14,0,1
BRDA:54,15,0,1
BRDA:56,16,0,1
BRDA:56,17,0,1
BRDA:59,18,0,1
BRDA:65,19,0,0
BRDA:76,20,0,1
BRDA:82,21,0,3
BRDA:84,22,0,2
BRDA:86,23,0,1
BRDA:86,24,0,0
BRDA:86,25,0,1
BRDA:86,26,0,0
BRDA:87,27,0,1
BRDA:97,28,0,2
BRDA:99,29,0,1
BRDA:107,30,0,2
BRDA:109,31,0,1
BRF:32
BRH:29
end_of_record
TN:
SF:Application\Services\CustomerService.js
FN:7,CustomerService
FN:13,_getCustomerOr404
FN:22,createCustomer
FN:31,getCustomerById
FN:41,listCustomers
FN:50,updateCustomer
FN:60,deleteCustomer
FN:69,deleteCustomers
FN:98,getOrders
FN:112,importCustomers
FN:130,getCustomersByDateRange
FNF:11
FNH:11
FNDA:1,CustomerService
FNDA:3,_getCustomerOr404
FNDA:2,createCustomer
FNDA:2,getCustomerById
FNDA:2,listCustomers
FNDA:3,updateCustomer
FNDA:3,deleteCustomer
FNDA:4,deleteCustomers
FNDA:3,getOrders
FNDA:2,importCustomers
FNDA:2,getCustomersByDateRange
DA:1,1
DA:2,1
DA:3,1
DA:4,1
DA:5,1
DA:6,1
DA:7,1
DA:8,1
DA:9,1
DA:10,1
DA:11,1
DA:12,1
DA:13,1
DA:14,3
DA:15,3
DA:16,2
DA:17,2
DA:18,1
DA:19,1
DA:20,1
DA:21,1
DA:22,1
DA:23,2
DA:24,2
DA:25,1
DA:26,1
DA:27,1
DA:28,1
DA:29,2
DA:30,1
DA:31,1
DA:32,2
DA:33,2
DA:34,2
DA:35,1
DA:36,1
DA:37,1
DA:38,1
DA:39,2
DA:40,1
DA:41,1
DA:42,2
DA:43,2
DA:44,2
DA:45,2
DA:46,0
DA:47,0
DA:48,2
DA:49,1
DA:50,1
DA:51,3
DA:52,3
DA:53,3
DA:54,1
DA:55,3
DA:56,2
DA:57,2
DA:58,3
DA:59,1
DA:60,1
DA:61,3
DA:62,3
DA:63,3
DA:64,1
DA:65,3
DA:66,2
DA:67,2
DA:68,3
DA:69,1
DA:70,4
DA:71,4
DA:72,2
DA:73,2
DA:74,2
DA:75,2
DA:76,2
DA:77,2
DA:78,2
DA:79,2
DA:80,4
DA:81,1
DA:82,1
DA:83,1
DA:84,1
DA:85,1
DA:86,1
DA:87,1
DA:88,1
DA:89,1
DA:90,1
DA:91,4
DA:92,3
DA:93,3
DA:94,4
DA:95,1
DA:96,1
DA:97,1
DA:98,1
DA:99,3
DA:100,3
DA:101,2
DA:102,2
DA:103,2
DA:104,3
DA:105,1
DA:106,1
DA:107,3
DA:108,1
DA:109,1
DA:110,1
DA:111,1
DA:112,1
DA:113,2
DA:114,2
DA:115,1
DA:116,1
DA:117,1
DA:118,1
DA:119,1
DA:120,1
DA:121,1
DA:122,1
DA:123,1
DA:124,1
DA:125,2
DA:126,1
DA:127,1
DA:128,1
DA:129,1
DA:130,1
DA:131,2
DA:132,2
DA:133,1
DA:134,1
DA:135,1
DA:136,1
DA:137,1
DA:138,1
DA:139,1
DA:140,1
DA:141,1
DA:142,2
DA:143,1
DA:144,1
DA:145,1
LF:145
LH:143
BRDA:7,0,0,1
BRDA:13,1,0,3
BRDA:15,2,0,1
BRDA:15,3,0,2
BRDA:22,4,0,2
BRDA:24,5,0,1
BRDA:31,6,0,2
BRDA:34,7,0,1
BRDA:37,8,0,0
BRDA:41,9,0,2
BRDA:45,10,0,0
BRDA:50,11,0,3
BRDA:52,12,0,2
BRDA:53,13,0,1
BRDA:55,14,0,2
BRDA:60,15,0,3
BRDA:62,16,0,2
BRDA:63,17,0,1
BRDA:65,18,0,2
BRDA:69,19,0,4
BRDA:71,20,0,3
BRDA:71,21,0,2
BRDA:80,22,0,1
BRDA:91,23,0,3
BRDA:98,24,0,3
BRDA:100,25,0,2
BRDA:104,26,0,1
BRDA:112,27,0,2
BRDA:114,28,0,1
BRDA:123,29,0,0
BRDA:130,30,0,2
BRDA:132,31,0,1
BRF:32
BRH:29
end_of_record
TN:
SF:Application\Services\LeadService.js
FN:19,normSource
FN:26,LeadService
FN:33,createLead
FN:220,trackInterest
FN:339,updateLeadStatus
FN:368,getQualifiedLeads
FN:388,getPipelineColumns
FN:422,getPipelineSummary
FN:431,getLeadById
FN:440,getAll
FN:448,updateLead
FN:468,convertLeadToCustomer
FN:554,autoConvertLead
FN:628,getPipelineMetrics
FN:660,getLeadDetails
FN:695,deleteLead
FN:705,predictConversion
FN:753,changeStatus
FN:768,listStatusHistory
FN:776,appendStatusHistory
FN:786,addInteraction
FN:823,listInteractions
FN:831,deleteInteraction
FN:839,recentActivity
FN:847,adjustScore
FN:862,recomputeLeadScore
FN:871,addTag
FN:886,removeTag
FN:900,findLeadsByTag
FN:915,assignLead
FN:925,unassignLead
FN:934,updateFlow
FN:943,importLeadsFromCSV
FN:967,fromInterest
FNF:34
FNH:11
FNDA:1,normSource
FNDA:2,LeadService
FNDA:2,createLead
FNDA:0,trackInterest
FNDA:0,updateLeadStatus
FNDA:0,getQualifiedLeads
FNDA:0,getPipelineColumns
FNDA:0,getPipelineSummary
FNDA:2,getLeadById
FNDA:2,getAll
FNDA:4,updateLead
FNDA:3,convertLeadToCustomer
FNDA:0,autoConvertLead
FNDA:0,getPipelineMetrics
FNDA:0,getLeadDetails
FNDA:2,deleteLead
FNDA:0,predictConversion
FNDA:3,changeStatus
FNDA:0,listStatusHistory
FNDA:0,appendStatusHistory
FNDA:0,addInteraction
FNDA:0,listInteractions
FNDA:0,deleteInteraction
FNDA:0,recentActivity
FNDA:0,adjustScore
FNDA:0,recomputeLeadScore
FNDA:3,addTag
FNDA:3,removeTag
FNDA:0,findLeadsByTag
FNDA:0,assignLead
FNDA:0,unassignLead
FNDA:0,updateFlow
FNDA:0,importLeadsFromCSV
FNDA:0,fromInterest
DA:1,1
DA:2,1
DA:3,1
DA:4,1
DA:5,1
DA:6,1
DA:7,1
DA:8,1
DA:9,1
DA:10,1
DA:11,1
DA:12,1
DA:13,1
DA:14,1
DA:15,1
DA:16,1
DA:17,1
DA:18,1
DA:19,1
DA:20,1
DA:21,1
DA:22,1
DA:23,1
DA:24,1
DA:25,1
DA:26,1
DA:27,2
DA:28,2
DA:29,2
DA:30,1
DA:31,1
DA:32,1
DA:33,1
DA:34,2
DA:35,2
DA:36,1
DA:37,1
DA:38,1
DA:39,1
DA:40,1
DA:41,1
DA:42,1
DA:43,1
DA:44,1
DA:45,1
DA:46,1
DA:47,1
DA:48,1
DA:49,1
DA:50,1
DA:51,1
DA:52,1
DA:53,1
DA:54,1
DA:55,1
DA:56,1
DA:57,1
DA:58,1
DA:59,1
DA:60,1
DA:61,1
DA:62,1
DA:63,1
DA:64,1
DA:65,1
DA:66,2
DA:67,0
DA:68,0
DA:69,0
DA:70,1
DA:71,2
DA:72,0
DA:73,0
DA:74,2
DA:75,0
DA:76,0
DA:77,1
DA:78,1
DA:79,2
DA:80,1
DA:81,2
DA:82,2
DA:83,2
DA:84,2
DA:85,2
DA:86,2
DA:87,2
DA:88,2
DA:89,2
DA:90,2
DA:91,2
DA:92,2
DA:93,2
DA:94,2
DA:95,2
DA:96,2
DA:97,2
DA:98,2
DA:99,2
DA:100,2
DA:101,2
DA:102,2
DA:103,2
DA:104,2
DA:105,2
DA:106,2
DA:107,2
DA:108,2
DA:109,2
DA:110,2
DA:111,2
DA:112,2
DA:113,2
DA:114,2
DA:115,2
DA:116,2
DA:117,2
DA:118,2
DA:119,2
DA:120,2
DA:121,2
DA:122,2
DA:123,2
DA:124,2
DA:125,2
DA:126,2
DA:127,1
DA:128,1
DA:129,1
DA:130,1
DA:131,1
DA:132,1
DA:133,1
DA:134,1
DA:135,1
DA:136,1
DA:137,1
DA:138,1
DA:139,1
DA:140,1
DA:141,1
DA:142,1
DA:143,2
DA:144,0
DA:145,0
DA:146,1
DA:147,1
DA:148,1
DA:149,1
DA:150,1
DA:151,1
DA:152,1
DA:153,1
DA:154,1
DA:155,1
DA:156,1
DA:157,1
DA:158,1
DA:159,1
DA:160,1
DA:161,1
DA:162,1
DA:163,1
DA:164,1
DA:165,1
DA:166,1
DA:167,1
DA:168,1
DA:169,1
DA:170,1
DA:171,1
DA:172,1
DA:173,1
DA:174,1
DA:175,1
DA:176,1
DA:177,1
DA:178,1
DA:179,1
DA:180,1
DA:181,1
DA:182,1
DA:183,1
DA:184,1
DA:185,1
DA:186,1
DA:187,1
DA:188,1
DA:189,1
DA:190,1
DA:191,1
DA:192,1
DA:193,1
DA:194,1
DA:195,1
DA:196,1
DA:197,1
DA:198,1
DA:199,1
DA:200,1
DA:201,1
DA:202,1
DA:203,1
DA:204,1
DA:205,1
DA:206,1
DA:207,1
DA:208,1
DA:209,1
DA:210,1
DA:211,2
DA:212,0
DA:213,0
DA:214,1
DA:215,1
DA:216,1
DA:217,1
DA:218,1
DA:219,2
DA:220,1
DA:221,0
DA:222,0
DA:223,0
DA:224,0
DA:225,0
DA:226,0
DA:227,0
DA:228,0
DA:229,0
DA:230,0
DA:231,0
DA:232,0
DA:233,0
DA:234,0
DA:235,0
DA:236,0
DA:237,0
DA:238,0
DA:239,0
DA:240,0
DA:241,0
DA:242,0
DA:243,0
DA:244,0
DA:245,0
DA:246,0
DA:247,0
DA:248,0
DA:249,0
DA:250,0
DA:251,0
DA:252,0
DA:253,0
DA:254,0
DA:255,0
DA:256,0
DA:257,0
DA:258,0
DA:259,0
DA:260,0
DA:261,0
DA:262,0
DA:263,0
DA:264,0
DA:265,0
DA:266,0
DA:267,0
DA:268,0
DA:269,0
DA:270,0
DA:271,0
DA:272,0
DA:273,0
DA:274,0
DA:275,0
DA:276,0
DA:277,0
DA:278,0
DA:279,0
DA:280,0
DA:281,0
DA:282,0
DA:283,0
DA:284,0
DA:285,0
DA:286,0
DA:287,0
DA:288,0
DA:289,0
DA:290,0
DA:291,0
DA:292,0
DA:293,0
DA:294,0
DA:295,0
DA:296,0
DA:297,0
DA:298,0
DA:299,0
DA:300,0
DA:301,0
DA:302,0
DA:303,0
DA:304,0
DA:305,0
DA:306,0
DA:307,0
DA:308,0
DA:309,0
DA:310,0
DA:311,0
DA:312,0
DA:313,0
DA:314,0
DA:315,0
DA:316,0
DA:317,0
DA:318,0
DA:319,0
DA:320,0
DA:321,0
DA:322,0
DA:323,0
DA:324,0
DA:325,0
DA:326,0
DA:327,0
DA:328,0
DA:329,0
DA:330,0
DA:331,0
DA:332,0
DA:333,0
DA:334,0
DA:335,0
DA:336,0
DA:337,0
DA:338,1
DA:339,1
DA:340,0
DA:341,0
DA:342,0
DA:343,0
DA:344,0
DA:345,0
DA:346,0
DA:347,0
DA:348,0
DA:349,0
DA:350,0
DA:351,0
DA:352,0
DA:353,0
DA:354,0
DA:355,0
DA:356,0
DA:357,0
DA:358,0
DA:359,0
DA:360,0
DA:361,0
DA:362,0
DA:363,0
DA:364,0
DA:365,0
DA:366,0
DA:367,0
DA:368,1
DA:369,0
DA:370,0
DA:371,0
DA:372,0
DA:373,0
DA:374,0
DA:375,0
DA:376,0
DA:377,0
DA:378,0
DA:379,0
DA:380,0
DA:381,0
DA:382,0
DA:383,0
DA:384,0
DA:385,0
DA:386,0
DA:387,1
DA:388,1
DA:389,0
DA:390,0
DA:391,0
DA:392,0
DA:393,0
DA:394,0
DA:395,0
DA:396,0
DA:397,0
DA:398,0
DA:399,0
DA:400,0
DA:401,0
DA:402,0
DA:403,0
DA:404,0
DA:405,0
DA:406,0
DA:407,0
DA:408,0
DA:409,0
DA:410,0
DA:411,0
DA:412,0
DA:413,0
DA:414,0
DA:415,0
DA:416,0
DA:417,0
DA:418,0
DA:419,0
DA:420,0
DA:421,1
DA:422,1
DA:423,0
DA:424,0
DA:425,0
DA:426,0
DA:427,0
DA:428,0
DA:429,0
DA:430,1
DA:431,1
DA:432,2
DA:433,2
DA:434,2
DA:435,1
DA:436,1
DA:437,1
DA:438,1
DA:439,2
DA:440,1
DA:441,2
DA:442,2
DA:443,1
DA:444,1
DA:445,1
DA:446,1
DA:447,1
DA:448,1
DA:449,4
DA:450,4
DA:451,4
DA:452,3
DA:453,4
DA:454,2
DA:455,2
DA:456,2
DA:457,4
DA:458,1
DA:459,1
DA:460,1
DA:461,4
DA:462,4
DA:463,4
DA:464,3
DA:465,3
DA:466,4
DA:467,1
DA:468,1
DA:469,3
DA:470,3
DA:471,3
DA:472,3
DA:473,3
DA:474,3
DA:475,3
DA:476,3
DA:477,2
DA:478,3
DA:479,1
DA:480,1
DA:481,0
DA:482,0
DA:483,1
DA:484,1
DA:485,1
DA:486,1
DA:487,1
DA:488,1
DA:489,3
DA:490,3
DA:491,3
DA:492,3
DA:493,3
DA:494,3
DA:495,3
DA:496,3
DA:497,3
DA:498,3
DA:499,3
DA:500,3
DA:501,3
DA:502,3
DA:503,3
DA:504,3
DA:505,3
DA:506,3
DA:507,3
DA:508,3
DA:509,0
DA:510,0
DA:511,0
DA:512,0
DA:513,0
DA:514,1
DA:515,1
DA:516,1
DA:517,1
DA:518,1
DA:519,1
DA:520,1
DA:521,1
DA:522,1
DA:523,1
DA:524,1
DA:525,1
DA:526,1
DA:527,1
DA:528,1
DA:529,1
DA:530,1
DA:531,1
DA:532,1
DA:533,1
DA:534,1
DA:535,1
DA:536,1
DA:537,1
DA:538,1
DA:539,3
DA:540,3
DA:541,3
DA:542,1
DA:543,1
DA:544,1
DA:545,1
DA:546,1
DA:547,3
DA:548,2
DA:549,2
DA:550,3
DA:551,1
DA:552,1
DA:553,3
DA:554,1
DA:555,0
DA:556,0
DA:557,0
DA:558,0
DA:559,0
DA:560,0
DA:561,0
DA:562,0
DA:563,0
DA:564,0
DA:565,0
DA:566,0
DA:567,0
DA:568,0
DA:569,0
DA:570,0
DA:571,0
DA:572,0
DA:573,0
DA:574,0
DA:575,0
DA:576,0
DA:577,0
DA:578,0
DA:579,0
DA:580,0
DA:581,0
DA:582,0
DA:583,0
DA:584,0
DA:585,0
DA:586,0
DA:587,0
DA:588,0
DA:589,0
DA:590,0
DA:591,0
DA:592,0
DA:593,0
DA:594,0
DA:595,0
DA:596,0
DA:597,0
DA:598,0
DA:599,0
DA:600,0
DA:601,0
DA:602,0
DA:603,0
DA:604,0
DA:605,0
DA:606,0
DA:607,0
DA:608,0
DA:609,0
DA:610,0
DA:611,0
DA:612,0
DA:613,0
DA:614,0
DA:615,0
DA:616,0
DA:617,0
DA:618,0
DA:619,0
DA:620,0
DA:621,0
DA:622,0
DA:623,0
DA:624,0
DA:625,0
DA:626,0
DA:627,1
DA:628,1
DA:629,0
DA:630,0
DA:631,0
DA:632,0
DA:633,0
DA:634,0
DA:635,0
DA:636,0
DA:637,0
DA:638,0
DA:639,0
DA:640,0
DA:641,0
DA:642,0
DA:643,0
DA:644,0
DA:645,0
DA:646,0
DA:647,0
DA:648,0
DA:649,0
DA:650,0
DA:651,0
DA:652,0
DA:653,0
DA:654,0
DA:655,0
DA:656,0
DA:657,0
DA:658,0
DA:659,0
DA:660,1
DA:661,0
DA:662,0
DA:663,0
DA:664,0
DA:665,0
DA:666,0
DA:667,0
DA:668,0
DA:669,0
DA:670,0
DA:671,0
DA:672,0
DA:673,0
DA:674,0
DA:675,0
DA:676,0
DA:677,0
DA:678,0
DA:679,0
DA:680,0
DA:681,0
DA:682,0
DA:683,0
DA:684,0
DA:685,0
DA:686,0
DA:687,0
DA:688,0
DA:689,0
DA:690,0
DA:691,0
DA:692,0
DA:693,0
DA:694,0
DA:695,1
DA:696,2
DA:697,2
DA:698,2
DA:699,1
DA:700,1
DA:701,1
DA:702,1
DA:703,1
DA:704,2
DA:705,1
DA:706,0
DA:707,0
DA:708,0
DA:709,0
DA:710,0
DA:711,0
DA:712,0
DA:713,0
DA:714,0
DA:715,0
DA:716,0
DA:717,0
DA:718,0
DA:719,0
DA:720,0
DA:721,0
DA:722,0
DA:723,0
DA:724,0
DA:725,0
DA:726,0
DA:727,0
DA:728,0
DA:729,0
DA:730,0
DA:731,0
DA:732,0
DA:733,0
DA:734,0
DA:735,0
DA:736,0
DA:737,0
DA:738,0
DA:739,0
DA:740,0
DA:741,0
DA:742,0
DA:743,0
DA:744,0
DA:745,0
DA:746,0
DA:747,0
DA:748,0
DA:749,0
DA:750,0
DA:751,0
DA:752,0
DA:753,1
DA:754,3
DA:755,3
DA:756,2
DA:757,2
DA:758,2
DA:759,2
DA:760,2
DA:761,3
DA:762,1
DA:763,1
DA:764,3
DA:765,2
DA:766,2
DA:767,3
DA:768,1
DA:769,0
DA:770,0
DA:771,0
DA:772,0
DA:773,0
DA:774,0
DA:775,0
DA:776,1
DA:777,0
DA:778,0
DA:779,0
DA:780,0
DA:781,0
DA:782,0
DA:783,0
DA:784,0
DA:785,0
DA:786,1
DA:787,0
DA:788,0
DA:789,0
DA:790,0
DA:791,0
DA:792,0
DA:793,0
DA:794,0
DA:795,0
DA:796,0
DA:797,0
DA:798,0
DA:799,0
DA:800,0
DA:801,0
DA:802,0
DA:803,0
DA:804,0
DA:805,0
DA:806,0
DA:807,0
DA:808,0
DA:809,0
DA:810,0
DA:811,0
DA:812,0
DA:813,0
DA:814,0
DA:815,0
DA:816,0
DA:817,0
DA:818,0
DA:819,0
DA:820,0
DA:821,0
DA:822,0
DA:823,1
DA:824,0
DA:825,0
DA:826,0
DA:827,0
DA:828,0
DA:829,0
DA:830,0
DA:831,1
DA:832,0
DA:833,0
DA:834,0
DA:835,0
DA:836,0
DA:837,0
DA:838,0
DA:839,1
DA:840,0
DA:841,0
DA:842,0
DA:843,0
DA:844,0
DA:845,0
DA:846,0
DA:847,1
DA:848,0
DA:849,0
DA:850,0
DA:851,0
DA:852,0
DA:853,0
DA:854,0
DA:855,0
DA:856,0
DA:857,0
DA:858,0
DA:859,0
DA:860,0
DA:861,0
DA:862,1
DA:863,0
DA:864,0
DA:865,0
DA:866,0
DA:867,0
DA:868,0
DA:869,0
DA:870,0
DA:871,1
DA:872,3
DA:873,3
DA:874,2
DA:875,3
DA:876,1
DA:877,3
DA:878,3
DA:879,1
DA:880,1
DA:881,1
DA:882,3
DA:883,2
DA:884,2
DA:885,3
DA:886,1
DA:887,3
DA:888,3
DA:889,2
DA:890,3
DA:891,1
DA:892,3
DA:893,3
DA:894,1
DA:895,1
DA:896,3
DA:897,2
DA:898,2
DA:899,3
DA:900,1
DA:901,0
DA:902,0
DA:903,0
DA:904,0
DA:905,0
DA:906,0
DA:907,0
DA:908,0
DA:909,0
DA:910,0
DA:911,0
DA:912,0
DA:913,0
DA:914,0
DA:915,1
DA:916,0
DA:917,0
DA:918,0
DA:919,0
DA:920,0
DA:921,0
DA:922,0
DA:923,0
DA:924,0
DA:925,1
DA:926,0
DA:927,0
DA:928,0
DA:929,0
DA:930,0
DA:931,0
DA:932,0
DA:933,0
DA:934,1
DA:935,0
DA:936,0
DA:937,0
DA:938,0
DA:939,0
DA:940,0
DA:941,0
DA:942,0
DA:943,1
DA:944,0
DA:945,0
DA:946,0
DA:947,0
DA:948,0
DA:949,0
DA:950,0
DA:951,0
DA:952,0
DA:953,0
DA:954,0
DA:955,0
DA:956,0
DA:957,0
DA:958,0
DA:959,0
DA:960,0
DA:961,0
DA:962,0
DA:963,0
DA:964,0
DA:965,0
DA:966,0
DA:967,1
DA:968,0
DA:969,0
DA:970,0
DA:971,0
DA:972,0
DA:973,0
DA:974,0
DA:975,0
DA:976,0
DA:977,0
DA:978,0
DA:979,0
DA:980,0
DA:981,0
DA:982,0
DA:983,0
DA:984,0
DA:985,0
DA:986,0
DA:987,0
DA:988,0
DA:989,0
DA:990,0
DA:991,0
DA:992,0
DA:993,0
DA:994,0
DA:995,0
DA:996,0
DA:997,0
DA:998,0
DA:999,0
DA:1000,0
DA:1001,0
DA:1002,0
DA:1003,0
DA:1004,0
DA:1005,0
DA:1006,0
DA:1007,0
DA:1008,0
DA:1009,0
DA:1010,0
DA:1011,0
DA:1012,0
DA:1013,0
DA:1014,0
DA:1015,0
DA:1016,0
DA:1017,0
DA:1018,0
DA:1019,0
DA:1020,0
DA:1021,0
DA:1022,0
DA:1023,0
DA:1024,0
DA:1025,0
DA:1026,0
DA:1027,0
DA:1028,0
DA:1029,0
DA:1030,0
DA:1031,0
DA:1032,0
DA:1033,0
DA:1034,0
DA:1035,0
DA:1036,0
DA:1037,0
DA:1038,0
DA:1039,0
DA:1040,0
DA:1041,0
DA:1042,0
DA:1043,0
DA:1044,0
DA:1045,0
DA:1046,0
DA:1047,0
DA:1048,0
DA:1049,0
DA:1050,0
DA:1051,0
DA:1052,0
DA:1053,0
DA:1054,0
DA:1055,0
DA:1056,0
DA:1057,0
DA:1058,0
DA:1059,0
DA:1060,0
DA:1061,0
DA:1062,0
DA:1063,0
DA:1064,0
DA:1065,0
DA:1066,0
DA:1067,0
DA:1068,0
DA:1069,0
DA:1070,0
DA:1071,0
DA:1072,0
DA:1073,0
DA:1074,0
DA:1075,0
DA:1076,0
DA:1077,0
DA:1078,0
DA:1079,0
DA:1080,0
DA:1081,0
DA:1082,0
DA:1083,0
DA:1084,0
DA:1085,0
DA:1086,0
DA:1087,0
DA:1088,0
DA:1089,0
DA:1090,0
DA:1091,0
DA:1092,0
DA:1093,0
DA:1094,0
DA:1095,0
DA:1096,0
DA:1097,0
DA:1098,0
DA:1099,0
DA:1100,0
DA:1101,0
DA:1102,0
DA:1103,0
DA:1104,0
DA:1105,0
DA:1106,0
DA:1107,0
DA:1108,0
DA:1109,0
DA:1110,0
DA:1111,0
DA:1112,0
DA:1113,0
DA:1114,0
DA:1115,0
DA:1116,0
DA:1117,0
DA:1118,0
DA:1119,0
DA:1120,0
DA:1121,0
DA:1122,0
DA:1123,0
DA:1124,0
DA:1125,0
DA:1126,0
DA:1127,0
DA:1128,0
DA:1129,0
DA:1130,0
DA:1131,0
DA:1132,0
DA:1133,0
DA:1134,0
DA:1135,0
DA:1136,0
DA:1137,0
DA:1138,0
DA:1139,0
DA:1140,0
DA:1141,0
DA:1142,0
DA:1143,0
DA:1144,0
DA:1145,0
DA:1146,0
DA:1147,0
DA:1148,0
DA:1149,0
DA:1150,0
DA:1151,0
DA:1152,0
DA:1153,0
DA:1154,0
DA:1155,0
DA:1156,0
DA:1157,0
DA:1158,0
DA:1159,0
DA:1160,0
DA:1161,0
DA:1162,0
DA:1163,0
DA:1164,0
DA:1165,0
DA:1166,0
DA:1167,0
DA:1168,0
DA:1169,0
DA:1170,0
DA:1171,0
DA:1172,0
DA:1173,0
DA:1174,0
DA:1175,0
DA:1176,1
DA:1177,1
LF:1177
LH:408
BRDA:19,0,0,1
BRDA:22,1,0,0
BRDA:26,2,0,2
BRDA:33,3,0,2
BRDA:35,4,0,1
BRDA:43,5,0,0
BRDA:66,6,0,0
BRDA:69,7,0,1
BRDA:71,8,0,0
BRDA:71,9,0,0
BRDA:73,10,0,1
BRDA:74,11,0,0
BRDA:74,12,0,0
BRDA:76,13,0,1
BRDA:79,14,0,1
BRDA:79,15,0,1
BRDA:81,16,0,0
BRDA:86,17,0,0
BRDA:87,18,0,1
BRDA:88,19,0,0
BRDA:90,20,0,0
BRDA:90,21,0,1
BRDA:91,22,0,0
BRDA:92,23,0,0
BRDA:92,24,0,1
BRDA:93,25,0,1
BRDA:94,26,0,1
BRDA:95,27,0,1
BRDA:97,28,0,1
BRDA:98,29,0,1
BRDA:98,30,0,1
BRDA:120,31,0,1
BRDA:120,32,0,0
BRDA:121,33,0,1
BRDA:121,34,0,0
BRDA:126,35,0,1
BRDA:132,36,0,0
BRDA:137,37,0,0
BRDA:138,38,0,0
BRDA:143,39,0,0
BRDA:145,40,0,1
BRDA:211,41,0,0
BRDA:213,42,0,1
BRDA:217,43,0,0
BRDA:150,44,0,1
BRDA:153,45,0,0
BRDA:154,46,0,0
BRDA:164,47,0,0
BRDA:165,48,0,0
BRDA:175,49,0,0
BRDA:175,50,0,0
BRDA:179,51,0,0
BRDA:181,52,0,0
BRDA:431,53,0,2
BRDA:434,54,0,1
BRDA:440,55,0,2
BRDA:442,56,0,1
BRDA:448,57,0,4
BRDA:451,58,0,1
BRDA:451,59,0,3
BRDA:453,60,0,2
BRDA:453,61,0,2
BRDA:455,62,0,1
BRDA:457,63,0,1
BRDA:457,64,0,1
BRDA:461,65,0,0
BRDA:461,66,0,1
BRDA:462,67,0,0
BRDA:463,68,0,3
BRDA:468,69,0,3
BRDA:547,70,0,2
BRDA:550,71,0,1
BRDA:551,72,0,0
BRDA:473,73,0,3
BRDA:476,74,0,1
BRDA:476,75,0,2
BRDA:478,76,0,1
BRDA:480,77,0,0
BRDA:489,78,0,0
BRDA:489,79,0,0
BRDA:490,80,0,0
BRDA:491,81,0,0
BRDA:492,82,0,0
BRDA:493,83,0,0
BRDA:493,84,0,1
BRDA:494,85,0,1
BRDA:499,86,0,1
BRDA:500,87,0,0
BRDA:500,88,0,1
BRDA:503,89,0,1
BRDA:503,90,0,0
BRDA:504,91,0,0
BRDA:505,92,0,0
BRDA:508,93,0,0
BRDA:513,94,0,1
BRDA:541,95,0,1
BRDA:695,96,0,2
BRDA:698,97,0,1
BRDA:753,98,0,3
BRDA:755,99,0,1
BRDA:755,100,0,2
BRDA:761,101,0,1
BRDA:764,102,0,2
BRDA:871,103,0,3
BRDA:873,104,0,1
BRDA:873,105,0,2
BRDA:875,106,0,1
BRDA:877,107,0,0
BRDA:878,108,0,1
BRDA:882,109,0,2
BRDA:886,110,0,3
BRDA:888,111,0,1
BRDA:888,112,0,2
BRDA:890,113,0,1
BRDA:892,114,0,0
BRDA:893,115,0,1
BRDA:896,116,0,2
BRDA:892,117,0,2
BRF:118
BRH:72
end_of_record
TN:
SF:Application\Services\OrderDetailService.js
FN:9,_normalizeDetail
FN:24,createDetail
FN:39,createMany
FN:47,getByOrderId
FN:54,deleteByOrderId
FN:60,getById
FNF:6
FNH:0
FNDA:0,_normalizeDetail
FNDA:0,createDetail
FNDA:0,createMany
FNDA:0,getByOrderId
FNDA:0,deleteByOrderId
FNDA:0,getById
DA:1,1
DA:2,1
DA:3,1
DA:4,1
DA:5,1
DA:6,1
DA:7,1
DA:8,1
DA:9,1
DA:10,0
DA:11,0
DA:12,0
DA:13,0
DA:14,0
DA:15,0
DA:16,0
DA:17,0
DA:18,0
DA:19,0
DA:20,0
DA:21,0
DA:22,0
DA:23,1
DA:24,1
DA:25,0
DA:26,0
DA:27,0
DA:28,0
DA:29,0
DA:30,0
DA:31,0
DA:32,0
DA:33,0
DA:34,0
DA:35,0
DA:36,0
DA:37,1
DA:38,1
DA:39,1
DA:40,0
DA:41,0
DA:42,0
DA:43,0
DA:44,0
DA:45,1
DA:46,1
DA:47,1
DA:48,0
DA:49,0
DA:50,0
DA:51,0
DA:52,1
DA:53,1
DA:54,1
DA:55,0
DA:56,0
DA:57,0
DA:58,1
DA:59,1
DA:60,1
DA:61,0
DA:62,0
DA:63,0
DA:64,0
DA:65,1
DA:66,1
DA:67,1
LF:67
LH:26
BRF:0
BRH:0
end_of_record
TN:
SF:Application\Services\OrderService.js
FN:12,createQuickOrder
FN:85,createOrder
FN:279,getOrderById
FN:311,getAllOrders
FN:338,updateOrder
FN:388,getByLeadId
FN:394,updateStatus
FN:471,deleteOrder
FN:488,listByCustomer
FN:507,addItem
FN:531,getOrdersByDateRange
FN:547,lookup
FNF:12
FNH:9
FNDA:0,createQuickOrder
FNDA:3,createOrder
FNDA:3,getOrderById
FNDA:2,getAllOrders
FNDA:4,updateOrder
FNDA:0,getByLeadId
FNDA:3,updateStatus
FNDA:2,deleteOrder
FNDA:2,listByCustomer
FNDA:4,addItem
FNDA:2,getOrdersByDateRange
FNDA:0,lookup
DA:1,1
DA:2,1
DA:3,1
DA:4,1
DA:5,1
DA:6,1
DA:7,1
DA:8,1
DA:9,1
DA:10,1
DA:11,1
DA:12,1
DA:13,0
DA:14,0
DA:15,0
DA:16,0
DA:17,0
DA:18,0
DA:19,0
DA:20,0
DA:21,0
DA:22,0
DA:23,0
DA:24,0
DA:25,0
DA:26,0
DA:27,0
DA:28,0
DA:29,0
DA:30,0
DA:31,0
DA:32,0
DA:33,0
DA:34,0
DA:35,0
DA:36,0
DA:37,0
DA:38,0
DA:39,0
DA:40,0
DA:41,0
DA:42,0
DA:43,0
DA:44,0
DA:45,0
DA:46,0
DA:47,0
DA:48,0
DA:49,0
DA:50,0
DA:51,0
DA:52,0
DA:53,0
DA:54,0
DA:55,0
DA:56,0
DA:57,0
DA:58,0
DA:59,0
DA:60,0
DA:61,0
DA:62,0
DA:63,0
DA:64,0
DA:65,0
DA:66,0
DA:67,0
DA:68,0
DA:69,0
DA:70,0
DA:71,0
DA:72,0
DA:73,0
DA:74,0
DA:75,0
DA:76,0
DA:77,0
DA:78,0
DA:79,0
DA:80,0
DA:81,0
DA:82,0
DA:83,0
DA:84,1
DA:85,1
DA:86,3
DA:87,3
DA:88,3
DA:89,3
DA:90,3
DA:91,3
DA:92,3
DA:93,3
DA:94,3
DA:95,1
DA:96,1
DA:97,1
DA:98,0
DA:99,0
DA:100,0
DA:101,0
DA:102,0
DA:103,0
DA:104,0
DA:105,0
DA:106,0
DA:107,0
DA:108,0
DA:109,0
DA:110,0
DA:111,0
DA:112,0
DA:113,0
DA:114,0
DA:115,0
DA:116,0
DA:117,0
DA:118,0
DA:119,0
DA:120,0
DA:121,0
DA:122,0
DA:123,0
DA:124,0
DA:125,0
DA:126,0
DA:127,1
DA:128,1
DA:129,1
DA:130,1
DA:131,1
DA:132,1
DA:133,1
DA:134,0
DA:135,0
DA:136,1
DA:137,1
DA:138,1
DA:139,1
DA:140,1
DA:141,1
DA:142,1
DA:143,1
DA:144,1
DA:145,1
DA:146,1
DA:147,1
DA:148,1
DA:149,1
DA:150,1
DA:151,1
DA:152,1
DA:153,1
DA:154,1
DA:155,1
DA:156,1
DA:157,1
DA:158,1
DA:159,1
DA:160,1
DA:161,1
DA:162,1
DA:163,1
DA:164,0
DA:165,1
DA:166,1
DA:167,1
DA:168,1
DA:169,1
DA:170,0
DA:171,0
DA:172,1
DA:173,1
DA:174,1
DA:175,1
DA:176,1
DA:177,3
DA:178,3
DA:179,3
DA:180,2
DA:181,2
DA:182,3
DA:183,3
DA:184,3
DA:185,1
DA:186,1
DA:187,1
DA:188,0
DA:189,0
DA:190,1
DA:191,1
DA:192,1
DA:193,1
DA:194,1
DA:195,1
DA:196,1
DA:197,1
DA:198,1
DA:199,1
DA:200,1
DA:201,1
DA:202,1
DA:203,3
DA:204,3
DA:205,3
DA:206,3
DA:207,3
DA:208,3
DA:209,3
DA:210,3
DA:211,3
DA:212,3
DA:213,3
DA:214,3
DA:215,1
DA:216,1
DA:217,1
DA:218,1
DA:219,1
DA:220,1
DA:221,1
DA:222,1
DA:223,1
DA:224,1
DA:225,1
DA:226,1
DA:227,1
DA:228,1
DA:229,1
DA:230,1
DA:231,1
DA:232,1
DA:233,1
DA:234,3
DA:235,3
DA:236,3
DA:237,3
DA:238,3
DA:239,3
DA:240,3
DA:241,3
DA:242,1
DA:243,1
DA:244,1
DA:245,1
DA:246,1
DA:247,1
DA:248,3
DA:249,3
DA:250,3
DA:251,0
DA:252,0
DA:253,1
DA:254,1
DA:255,3
DA:256,0
DA:257,0
DA:258,0
DA:259,0
DA:260,0
DA:261,0
DA:262,0
DA:263,0
DA:264,0
DA:265,0
DA:266,0
DA:267,0
DA:268,1
DA:269,1
DA:270,1
DA:271,3
DA:272,0
DA:273,0
DA:274,0
DA:275,3
DA:276,1
DA:277,1
DA:278,1
DA:279,1
DA:280,3
DA:281,2
DA:282,3
DA:283,1
DA:284,1
DA:285,1
DA:286,1
DA:287,1
DA:288,1
DA:289,1
DA:290,1
DA:291,1
DA:292,1
DA:293,1
DA:294,1
DA:295,1
DA:296,1
DA:297,1
DA:298,1
DA:299,1
DA:300,1
DA:301,1
DA:302,1
DA:303,1
DA:304,1
DA:305,1
DA:306,1
DA:307,1
DA:308,1
DA:309,1
DA:310,1
DA:311,1
DA:312,2
DA:313,2
DA:314,2
DA:315,2
DA:316,1
DA:317,1
DA:318,1
DA:319,1
DA:320,2
DA:321,2
DA:322,2
DA:323,2
DA:324,2
DA:325,2
DA:326,2
DA:327,2
DA:328,1
DA:329,1
DA:330,1
DA:331,1
DA:332,2
DA:333,0
DA:334,0
DA:335,2
DA:336,1
DA:337,1
DA:338,1
DA:339,4
DA:340,3
DA:341,4
DA:342,4
DA:343,4
DA:344,4
DA:345,4
DA:346,2
DA:347,2
DA:348,1
DA:349,1
DA:350,2
DA:351,1
DA:352,1
DA:353,1
DA:354,1
DA:355,1
DA:356,1
DA:357,1
DA:358,1
DA:359,1
DA:360,1
DA:361,1
DA:362,1
DA:363,1
DA:364,1
DA:365,1
DA:366,1
DA:367,1
DA:368,1
DA:369,1
DA:370,1
DA:371,1
DA:372,1
DA:373,1
DA:374,1
DA:375,1
DA:376,1
DA:377,1
DA:378,1
DA:379,1
DA:380,1
DA:381,1
DA:382,4
DA:383,0
DA:384,0
DA:385,0
DA:386,0
DA:387,4
DA:388,1
DA:389,0
DA:390,0
DA:391,0
DA:392,0
DA:393,1
DA:394,1
DA:395,3
DA:396,2
DA:397,2
DA:398,2
DA:399,2
DA:400,2
DA:401,3
DA:402,3
DA:403,3
DA:404,2
DA:405,2
DA:406,2
DA:407,2
DA:408,2
DA:409,2
DA:410,2
DA:411,2
DA:412,2
DA:413,2
DA:414,3
DA:415,3
DA:416,3
DA:417,3
DA:418,3
DA:419,3
DA:420,3
DA:421,2
DA:422,2
DA:423,1
DA:424,1
DA:425,1
DA:426,1
DA:427,1
DA:428,1
DA:429,1
DA:430,1
DA:431,1
DA:432,1
DA:433,0
DA:434,1
DA:435,1
DA:436,1
DA:437,1
DA:438,1
DA:439,0
DA:440,0
DA:441,0
DA:442,1
DA:443,1
DA:444,2
DA:445,2
DA:446,2
DA:447,2
DA:448,2
DA:449,2
DA:450,2
DA:451,2
DA:452,2
DA:453,2
DA:454,2
DA:455,2
DA:456,2
DA:457,2
DA:458,2
DA:459,2
DA:460,3
DA:461,0
DA:462,0
DA:463,2
DA:464,2
DA:465,3
DA:466,0
DA:467,0
DA:468,0
DA:469,3
DA:470,1
DA:471,1
DA:472,2
DA:473,1
DA:474,1
DA:475,1
DA:476,1
DA:477,1
DA:478,1
DA:479,1
DA:480,2
DA:481,0
DA:482,0
DA:483,0
DA:484,2
DA:485,1
DA:486,1
DA:487,1
DA:488,1
DA:489,2
DA:490,2
DA:491,2
DA:492,2
DA:493,1
DA:494,1
DA:495,1
DA:496,1
DA:497,2
DA:498,2
DA:499,1
DA:500,1
DA:501,1
DA:502,1
DA:503,2
DA:504,0
DA:505,0
DA:506,2
DA:507,1
DA:508,4
DA:509,3
DA:510,4
DA:511,4
DA:512,1
DA:513,1
DA:514,1
DA:515,1
DA:516,1
DA:517,1
DA:518,1
DA:519,1
DA:520,1
DA:521,1
DA:522,1
DA:523,1
DA:524,1
DA:525,4
DA:526,0
DA:527,0
DA:528,0
DA:529,4
DA:530,1
DA:531,1
DA:532,2
DA:533,2
DA:534,2
DA:535,1
DA:536,1
DA:537,2
DA:538,2
DA:539,1
DA:540,1
DA:541,1
DA:542,2
DA:543,0
DA:544,0
DA:545,2
DA:546,1
DA:547,1
DA:548,0
DA:549,0
DA:550,0
DA:551,0
DA:552,0
DA:553,0
DA:554,0
DA:555,0
DA:556,0
DA:557,0
DA:558,0
DA:559,0
DA:560,0
DA:561,0
DA:562,0
DA:563,0
DA:564,0
DA:565,0
DA:566,0
DA:567,0
DA:568,0
DA:569,0
DA:570,0
DA:571,0
DA:572,0
DA:573,0
DA:574,0
DA:575,0
DA:576,0
DA:577,0
DA:578,0
DA:579,0
DA:580,0
DA:581,0
DA:582,0
DA:583,0
DA:584,0
DA:585,0
DA:586,0
DA:587,0
DA:588,0
DA:589,0
DA:590,0
DA:591,0
DA:592,0
DA:593,0
DA:594,0
DA:595,0
DA:596,0
DA:597,0
DA:598,0
DA:599,0
DA:600,1
DA:601,1
DA:602,1
LF:602
LH:397
BRDA:85,0,0,3
BRDA:93,1,0,0
BRDA:94,2,0,1
BRDA:97,3,0,0
BRDA:133,4,0,0
BRDA:139,5,0,0
BRDA:144,6,0,0
BRDA:144,7,0,0
BRDA:145,8,0,0
BRDA:146,9,0,0
BRDA:163,10,0,0
BRDA:163,11,0,0
BRDA:163,12,0,0
BRDA:169,13,0,0
BRDA:179,14,0,1
BRDA:179,15,0,1
BRDA:179,16,0,2
BRDA:182,17,0,0
BRDA:184,18,0,1
BRDA:184,19,0,1
BRDA:187,20,0,0
BRDA:203,21,0,0
BRDA:204,22,0,0
BRDA:206,23,0,1
BRDA:207,24,0,1
BRDA:214,25,0,1
BRDA:236,26,0,0
BRDA:240,27,0,1
BRDA:240,28,0,0
BRDA:241,29,0,0
BRDA:249,30,0,1
BRDA:250,31,0,0
BRDA:252,32,0,1
BRDA:255,33,0,0
BRDA:267,34,0,1
BRDA:271,35,0,0
BRDA:140,36,0,1
BRDA:141,37,0,1
BRDA:181,38,0,2
BRDA:186,39,0,1
BRDA:220,40,0,1
BRDA:241,41,0,1
BRDA:279,42,0,3
BRDA:280,43,0,1
BRDA:280,44,0,2
BRDA:282,45,0,1
BRDA:293,46,0,1
BRDA:298,47,0,0
BRDA:311,48,0,2
BRDA:315,49,0,1
BRDA:332,50,0,0
BRDA:319,51,0,2
BRDA:338,52,0,4
BRDA:339,53,0,1
BRDA:339,54,0,3
BRDA:341,55,0,1
BRDA:341,56,0,2
BRDA:342,57,0,0
BRDA:343,58,0,1
BRDA:345,59,0,2
BRDA:345,60,0,2
BRDA:347,61,0,1
BRDA:350,62,0,1
BRDA:382,63,0,0
BRDA:346,64,0,2
BRDA:363,65,0,1
BRDA:394,66,0,3
BRDA:395,67,0,1
BRDA:395,68,0,2
BRDA:401,69,0,0
BRDA:401,70,0,2
BRDA:402,71,0,0
BRDA:402,72,0,2
BRDA:403,73,0,0
BRDA:403,74,0,2
BRDA:414,75,0,0
BRDA:416,76,0,0
BRDA:417,77,0,0
BRDA:420,78,0,2
BRDA:422,79,0,1
BRDA:432,80,0,0
BRDA:436,81,0,0
BRDA:438,82,0,0
BRDA:448,83,0,1
BRDA:450,84,0,1
BRDA:460,85,0,0
BRDA:462,86,0,2
BRDA:465,87,0,0
BRDA:471,88,0,2
BRDA:472,89,0,1
BRDA:480,90,0,0
BRDA:488,91,0,2
BRDA:492,92,0,1
BRDA:503,93,0,0
BRDA:496,94,0,2
BRDA:507,95,0,4
BRDA:508,96,0,1
BRDA:508,97,0,3
BRDA:510,98,0,1
BRDA:510,99,0,2
BRDA:511,100,0,1
BRDA:525,101,0,0
BRDA:519,102,0,1
BRDA:519,103,0,0
BRDA:519,104,0,0
BRDA:531,105,0,2
BRDA:534,106,0,1
BRDA:542,107,0,0
BRDA:536,108,0,2
BRF:109
BRH:66
end_of_record
TN:
SF:Application\Services\ProductService.js
FN:16,getAll
FN:20,getAllproduct
FN:25,getById
FN:32,create
FN:57,update
FN:67,delete
FN:73,importFromCSV
FN:83,exportToCSV
FNF:8
FNH:8
FNDA:2,getAll
FNDA:1,getAllproduct
FNDA:3,getById
FNDA:5,create
FNDA:2,update
FNDA:3,delete
FNDA:3,importFromCSV
FNDA:2,exportToCSV
DA:1,1
DA:2,1
DA:3,1
DA:4,1
DA:5,1
DA:6,1
DA:7,1
DA:8,1
DA:9,1
DA:10,1
DA:11,1
DA:12,1
DA:13,1
DA:14,1
DA:15,1
DA:16,1
DA:17,2
DA:18,1
DA:19,1
DA:20,1
DA:21,1
DA:22,1
DA:23,1
DA:24,1
DA:25,1
DA:26,3
DA:27,3
DA:28,1
DA:29,1
DA:30,1
DA:31,1
DA:32,1
DA:33,5
DA:34,5
DA:35,5
DA:36,2
DA:37,2
DA:38,3
DA:39,3
DA:40,5
DA:41,1
DA:42,1
DA:43,1
DA:44,1
DA:45,1
DA:46,1
DA:47,1
DA:48,1
DA:49,1
DA:50,1
DA:51,1
DA:52,1
DA:53,1
DA:54,1
DA:55,1
DA:56,1
DA:57,1
DA:58,2
DA:59,2
DA:60,2
DA:61,2
DA:62,2
DA:63,1
DA:64,1
DA:65,1
DA:66,1
DA:67,1
DA:68,3
DA:69,2
DA:70,2
DA:71,1
DA:72,1
DA:73,1
DA:74,3
DA:75,3
DA:76,1
DA:77,1
DA:78,2
DA:79,1
DA:80,1
DA:81,1
DA:82,1
DA:83,1
DA:84,2
DA:85,2
DA:86,2
DA:87,1
DA:88,1
DA:89,1
LF:89
LH:89
BRDA:16,0,0,2
BRDA:17,1,0,1
BRDA:20,2,0,1
BRDA:25,3,0,3
BRDA:26,4,0,2
BRDA:27,5,0,1
BRDA:32,6,0,5
BRDA:35,7,0,3
BRDA:35,8,0,2
BRDA:37,9,0,3
BRDA:39,10,0,2
BRDA:40,11,0,1
BRDA:41,12,0,0
BRDA:42,13,0,0
BRDA:43,14,0,1
BRDA:44,15,0,0
BRDA:44,16,0,0
BRDA:57,17,0,2
BRDA:62,18,0,1
BRDA:67,19,0,3
BRDA:68,20,0,2
BRDA:73,21,0,3
BRDA:75,22,0,1
BRDA:77,23,0,2
BRDA:78,24,0,1
BRDA:83,25,0,2
BRF:26
BRH:22
end_of_record
TN:
SF:Application\Services\RoleService.js
FN:5,RoleService
FN:9,_validateRoleData
FN:62,getAllRoles
FN:67,getRoleByName
FN:76,getPermissionsByRoleName
FN:85,createRole
FN:98,updateRole
FN:116,deleteRole
FN:123,getModules
FNF:9
FNH:8
FNDA:1,RoleService
FNDA:8,_validateRoleData
FNDA:3,getAllRoles
FNDA:5,getRoleByName
FNDA:4,getPermissionsByRoleName
FNDA:5,createRole
FNDA:4,updateRole
FNDA:3,deleteRole
FNDA:0,getModules
DA:1,1
DA:2,1
DA:3,1
DA:4,1
DA:5,1
DA:6,1
DA:7,1
DA:8,1
DA:9,1
DA:10,8
DA:11,0
DA:12,0
DA:13,8
DA:14,8
DA:15,8
DA:16,5
DA:17,2
DA:18,2
DA:19,3
DA:20,8
DA:21,3
DA:22,1
DA:23,0
DA:24,0
DA:25,1
DA:26,1
DA:27,3
DA:28,6
DA:29,6
DA:30,8
DA:31,5
DA:32,0
DA:33,0
DA:34,5
DA:35,5
DA:36,5
DA:37,5
DA:38,5
DA:39,5
DA:40,5
DA:41,5
DA:42,2
DA:43,0
DA:44,0
DA:45,2
DA:46,0
DA:47,0
DA:48,2
DA:49,2
DA:50,8
DA:51,0
DA:52,0
DA:53,2
DA:54,5
DA:55,5
DA:56,5
DA:57,5
DA:58,6
DA:59,6
DA:60,6
DA:61,1
DA:62,1
DA:63,3
DA:64,2
DA:65,2
DA:66,1
DA:67,1
DA:68,5
DA:69,2
DA:70,2
DA:71,3
DA:72,5
DA:73,1
DA:74,1
DA:75,1
DA:76,1
DA:77,4
DA:78,1
DA:79,1
DA:80,3
DA:81,4
DA:82,4
DA:83,4
DA:84,1
DA:85,1
DA:86,5
DA:87,5
DA:88,5
DA:89,5
DA:90,5
DA:91,1
DA:92,1
DA:93,1
DA:94,1
DA:95,1
DA:96,1
DA:97,1
DA:98,1
DA:99,4
DA:100,1
DA:101,1
DA:102,3
DA:103,3
DA:104,3
DA:105,4
DA:106,1
DA:107,1
DA:108,1
DA:109,1
DA:110,1
DA:111,2
DA:112,2
DA:113,1
DA:114,1
DA:115,1
DA:116,1
DA:117,3
DA:118,1
DA:119,1
DA:120,2
DA:121,2
DA:122,1
DA:123,1
DA:124,0
DA:125,0
DA:126,0
DA:127,0
DA:128,0
DA:129,0
DA:130,0
DA:131,0
DA:132,0
DA:133,0
DA:134,0
DA:135,0
DA:136,0
DA:137,0
DA:138,0
DA:139,0
DA:140,0
DA:141,0
DA:142,0
DA:143,0
DA:144,0
DA:145,0
DA:146,0
DA:147,0
DA:148,0
DA:149,0
DA:150,0
DA:151,0
DA:152,0
DA:153,0
DA:154,0
DA:155,0
DA:156,0
DA:157,0
DA:158,0
DA:159,0
DA:160,0
DA:161,0
DA:162,0
DA:163,0
DA:164,0
DA:165,0
DA:166,0
DA:167,0
DA:168,1
DA:169,1
DA:170,1
LF:170
LH:114
BRDA:5,0,0,1
BRDA:9,1,0,8
BRDA:10,2,0,0
BRDA:15,3,0,5
BRDA:16,4,0,3
BRDA:16,5,0,3
BRDA:16,6,0,2
BRDA:18,7,0,3
BRDA:20,8,0,3
BRDA:21,9,0,1
BRDA:22,10,0,0
BRDA:27,11,0,6
BRDA:30,12,0,5
BRDA:31,13,0,0
BRDA:57,14,0,6
BRDA:41,15,0,2
BRDA:42,16,0,0
BRDA:45,17,0,0
BRDA:49,18,0,8
BRDA:50,19,0,2
BRDA:50,20,0,0
BRDA:62,21,0,3
BRDA:63,22,0,2
BRDA:67,23,0,5
BRDA:68,24,0,3
BRDA:68,25,0,3
BRDA:68,26,0,2
BRDA:70,27,0,3
BRDA:71,28,0,2
BRDA:72,29,0,1
BRDA:76,30,0,4
BRDA:77,31,0,3
BRDA:77,32,0,3
BRDA:77,33,0,1
BRDA:79,34,0,3
BRDA:80,35,0,2
BRDA:81,36,0,1
BRDA:82,37,0,0
BRDA:85,38,0,5
BRDA:89,39,0,2
BRDA:90,40,0,1
BRDA:98,41,0,4
BRDA:99,42,0,3
BRDA:99,43,0,3
BRDA:99,44,0,1
BRDA:101,45,0,3
BRDA:105,46,0,1
BRDA:105,47,0,1
BRDA:110,48,0,2
BRDA:112,49,0,1
BRDA:116,50,0,3
BRDA:117,51,0,2
BRDA:117,52,0,2
BRDA:117,53,0,1
BRDA:119,54,0,2
BRF:55
BRH:48
end_of_record
TN:
SF:Application\Services\UserService.js
FN:9,UserService
FN:13,getAllUsers
FN:18,getUserById
FN:24,createUser
FN:55,updateUser
FN:86,deleteUser
FN:96,changePassword
FN:108,updateAvatar
FNF:8
FNH:8
FNDA:1,UserService
FNDA:1,getAllUsers
FNDA:2,getUserById
FNDA:10,createUser
FNDA:10,updateUser
FNDA:2,deleteUser
FNDA:3,changePassword
FNDA:5,updateAvatar
DA:1,1
DA:2,1
DA:3,1
DA:4,1
DA:5,1
DA:6,1
DA:7,1
DA:8,1
DA:9,1
DA:10,1
DA:11,1
DA:12,1
DA:13,1
DA:14,1
DA:15,1
DA:16,1
DA:17,1
DA:18,1
DA:19,2
DA:20,2
DA:21,1
DA:22,1
DA:23,1
DA:24,1
DA:25,10
DA:26,10
DA:27,1
DA:28,10
DA:29,9
DA:30,9
DA:31,3
DA:32,3
DA:33,3
DA:34,1
DA:35,3
DA:36,6
DA:37,6
DA:38,9
DA:39,5
DA:40,5
DA:41,5
DA:42,5
DA:43,5
DA:44,5
DA:45,5
DA:46,1
DA:47,1
DA:48,1
DA:49,1
DA:50,1
DA:51,1
DA:52,1
DA:53,10
DA:54,1
DA:55,1
DA:56,10
DA:57,10
DA:58,1
DA:59,10
DA:60,9
DA:61,3
DA:62,3
DA:63,3
DA:64,1
DA:65,3
DA:66,6
DA:67,6
DA:68,9
DA:69,5
DA:70,5
DA:71,5
DA:72,5
DA:73,5
DA:74,5
DA:75,5
DA:76,1
DA:77,1
DA:78,1
DA:79,1
DA:80,1
DA:81,1
DA:82,1
DA:83,1
DA:84,10
DA:85,1
DA:86,1
DA:87,2
DA:88,2
DA:89,2
DA:90,1
DA:91,1
DA:92,1
DA:93,2
DA:94,1
DA:95,1
DA:96,1
DA:97,3
DA:98,3
DA:99,2
DA:100,2
DA:101,3
DA:102,1
DA:103,1
DA:104,1
DA:105,1
DA:106,1
DA:107,1
DA:108,1
DA:109,5
DA:110,4
DA:111,4
DA:112,5
DA:113,3
DA:114,3
DA:115,5
DA:116,2
DA:117,2
DA:118,1
DA:119,1
DA:120,1
DA:121,2
DA:122,3
DA:123,3
DA:124,3
DA:125,3
DA:126,3
DA:127,3
DA:128,3
DA:129,3
DA:130,3
DA:131,3
DA:132,3
DA:133,3
DA:134,3
DA:135,3
DA:136,3
DA:137,3
DA:138,3
DA:139,3
DA:140,3
DA:141,1
DA:142,1
DA:143,1
LF:143
LH:143
BRDA:9,0,0,1
BRDA:13,1,0,1
BRDA:18,2,0,2
BRDA:20,3,0,1
BRDA:24,4,0,10
BRDA:26,5,0,1
BRDA:28,6,0,9
BRDA:30,7,0,3
BRDA:32,8,0,1
BRDA:32,9,0,2
BRDA:33,10,0,1
BRDA:35,11,0,6
BRDA:38,12,0,5
BRDA:42,13,0,1
BRDA:42,14,0,4
BRDA:43,15,0,3
BRDA:43,16,0,1
BRDA:43,17,0,3
BRDA:44,18,0,2
BRDA:44,19,0,1
BRDA:44,20,0,2
BRDA:45,21,0,1
BRDA:45,22,0,1
BRDA:49,23,0,1
BRDA:55,24,0,10
BRDA:57,25,0,1
BRDA:59,26,0,9
BRDA:60,27,0,3
BRDA:62,28,0,1
BRDA:62,29,0,2
BRDA:63,30,0,1
BRDA:65,31,0,6
BRDA:68,32,0,5
BRDA:72,33,0,1
BRDA:72,34,0,4
BRDA:73,35,0,3
BRDA:73,36,0,1
BRDA:73,37,0,3
BRDA:74,38,0,2
BRDA:74,39,0,1
BRDA:74,40,0,2
BRDA:75,41,0,1
BRDA:75,42,0,1
BRDA:79,43,0,1
BRDA:86,44,0,2
BRDA:89,45,0,1
BRDA:96,46,0,3
BRDA:98,47,0,1
BRDA:98,48,0,2
BRDA:101,49,0,1
BRDA:108,50,0,5
BRDA:109,51,0,1
BRDA:109,52,0,4
BRDA:112,53,0,1
BRDA:112,54,0,3
BRDA:115,55,0,2
BRDA:117,56,0,1
BRDA:121,57,0,3
BRF:58
BRH:58
end_of_record
TN:
SF:Application\helpers\errors.js
FN:3,AppError
FN:13,asAppError
FN:22,ok
FN:23,fail
FNF:4
FNH:4
FNDA:56,AppError
FNDA:47,asAppError
FNDA:43,ok
FNDA:54,fail
DA:1,1
DA:2,1
DA:3,1
DA:4,56
DA:5,56
DA:6,56
DA:7,56
DA:8,56
DA:9,56
DA:10,56
DA:11,1
DA:12,1
DA:13,1
DA:14,47
DA:15,47
DA:16,47
DA:17,47
DA:18,47
DA:19,47
DA:20,1
DA:21,1
DA:22,1
DA:23,1
DA:24,54
DA:25,54
DA:26,54
DA:27,54
DA:28,54
DA:29,54
DA:30,54
DA:31,54
DA:32,1
DA:33,1
DA:34,1
LF:34
LH:34
BRDA:3,0,0,56
BRDA:8,1,0,0
BRDA:13,2,0,47
BRDA:14,3,0,34
BRDA:14,4,0,22
BRDA:14,5,0,13
BRDA:15,6,0,0
BRDA:16,7,0,0
BRDA:17,8,0,13
BRDA:17,9,0,13
BRDA:17,10,0,13
BRDA:18,11,0,13
BRDA:18,12,0,0
BRDA:22,13,0,43
BRDA:23,14,0,54
BRDA:27,15,0,0
BRDA:28,16,0,0
BRDA:29,17,0,0
BRDA:30,18,0,0
BRF:19
BRH:11
end_of_record
TN:
SF:Application\helpers\validators.js
FN:1,asString
FN:4,asStringArray
FN:16,asNumber
FN:21,asFloat
FN:26,asDate
FN:32,stripNullish
FNF:6
FNH:0
FNDA:0,asString
FNDA:0,asStringArray
FNDA:0,asNumber
FNDA:0,asFloat
FNDA:0,asDate
FNDA:0,stripNullish
DA:1,0
DA:2,0
DA:3,0
DA:4,0
DA:5,0
DA:6,0
DA:7,0
DA:8,0
DA:9,0
DA:10,0
DA:11,0
DA:12,0
DA:13,0
DA:14,0
DA:15,1
DA:16,0
DA:17,0
DA:18,0
DA:19,0
DA:20,1
DA:21,0
DA:22,0
DA:23,0
DA:24,0
DA:25,1
DA:26,0
DA:27,0
DA:28,0
DA:29,0
DA:30,0
DA:31,1
DA:32,0
DA:33,0
DA:34,0
DA:35,0
DA:36,0
DA:37,1
DA:38,1
DA:39,1
LF:39
LH:7
BRF:0
BRH:0
end_of_record
TN:
SF:Domain\Entities\AutomationAction.js
FN:6,markSent
FN:11,markFailed
FN:20,toJSON
FNF:3
FNH:0
FNDA:0,markSent
FNDA:0,markFailed
FNDA:0,toJSON
DA:1,1
DA:2,1
DA:3,1
DA:4,1
DA:5,1
DA:6,1
DA:7,0
DA:8,0
DA:9,0
DA:10,1
DA:11,1
DA:12,0
DA:13,0
DA:14,0
DA:15,0
DA:16,0
DA:17,0
DA:18,0
DA:19,1
DA:20,1
DA:21,0
DA:22,0
DA:23,0
DA:24,0
DA:25,0
DA:26,0
DA:27,0
DA:28,0
DA:29,0
DA:30,0
DA:31,0
DA:32,0
DA:33,0
DA:34,0
DA:35,0
DA:36,0
DA:37,1
DA:38,1
DA:39,1
DA:40,1
DA:41,1
DA:42,1
DA:43,1
DA:44,1
DA:45,1
DA:46,1
DA:47,1
DA:48,1
DA:49,1
DA:50,1
DA:51,1
DA:52,1
DA:53,1
DA:54,1
DA:55,1
DA:56,1
DA:57,1
DA:58,1
DA:59,1
DA:60,1
DA:61,1
DA:62,1
DA:63,1
DA:64,1
DA:65,1
DA:66,1
DA:67,1
DA:68,1
DA:69,1
DA:70,1
DA:71,1
DA:72,1
DA:73,1
DA:74,1
DA:75,1
DA:76,1
DA:77,1
DA:78,1
DA:79,1
DA:80,1
DA:81,1
DA:82,1
DA:83,1
DA:84,1
LF:84
LH:58
BRF:0
BRH:0
end_of_record
TN:
[...]
BRDA:282,66,0,2
BRDA:283,67,0,1
BRDA:286,68,0,2
BRDA:287,69,0,0
BRDA:289,70,0,1
BRDA:298,71,0,3
BRDA:299,72,0,1
BRDA:299,73,0,2
BRDA:309,74,0,1
BRDA:311,75,0,0
BRDA:311,76,0,1
BRDA:315,77,0,2
BRDA:324,78,0,2
BRF:79
BRH:59
end_of_record
TN:
SF:Infrastructure\Repositories\OrderDetailRepository.js
FN:5,OrderDetailRepository
FN:10,create
FN:14,createMany
FN:19,findByOrderId
FN:23,deleteByOrderId
FN:27,findById
FNF:6
FNH:1
FNDA:1,OrderDetailRepository
FNDA:0,create
FNDA:0,createMany
FNDA:0,findByOrderId
FNDA:0,deleteByOrderId
FNDA:0,findById
DA:1,1
DA:2,1
DA:3,1
DA:4,1
DA:5,1
DA:6,1
DA:7,1
DA:8,1
DA:9,1
DA:10,1
DA:11,0
DA:12,0
DA:13,1
DA:14,1
DA:15,0
DA:16,0
DA:17,0
DA:18,1
DA:19,1
DA:20,0
DA:21,0
DA:22,1
DA:23,1
DA:24,0
DA:25,0
DA:26,1
DA:27,1
DA:28,0
DA:29,0
DA:30,1
DA:31,1
DA:32,1
LF:32
LH:21
BRDA:5,0,0,1
BRF:1
BRH:1
end_of_record
TN:
SF:Infrastructure\Repositories\OrderRepository.js
FN:6,OrderRepository
FN:13,create
FN:18,findById
FN:21,findbyleadId
FN:26,findAll
FN:31,update
FN:40,updateStatus
FN:49,delete
FN:54,listByCustomer
FN:68,count
FN:72,sum
FN:76,findOne
FN:80,getOrdersByDateRange
FN:90,findByConditions
FNF:14
FNH:10
FNDA:4,OrderRepository
FNDA:2,create
FNDA:6,findById
FNDA:2,findbyleadId
FNDA:1,findAll
FNDA:2,update
FNDA:2,updateStatus
FNDA:3,delete
FNDA:4,listByCustomer
FNDA:0,count
FNDA:0,sum
FNDA:0,findOne
FNDA:2,getOrdersByDateRange
FNDA:0,findByConditions
DA:1,1
DA:2,1
DA:3,1
DA:4,1
DA:5,1
DA:6,1
DA:7,4
DA:8,4
DA:9,4
DA:10,4
DA:11,1
DA:12,1
DA:13,1
DA:14,2
DA:15,2
DA:16,1
DA:17,1
DA:18,1
DA:19,6
DA:20,6
DA:21,1
DA:22,2
DA:23,2
DA:24,1
DA:25,1
DA:26,1
DA:27,1
DA:28,1
DA:29,1
DA:30,1
DA:31,1
DA:32,2
DA:33,2
DA:34,2
DA:35,2
DA:36,2
DA:37,2
DA:38,1
DA:39,1
DA:40,1
DA:41,2
DA:42,2
DA:43,2
DA:44,2
DA:45,2
DA:46,2
DA:47,1
DA:48,1
DA:49,1
DA:50,3
DA:51,3
DA:52,1
DA:53,1
DA:54,1
DA:55,4
DA:56,4
DA:57,4
DA:58,4
DA:59,4
DA:60,4
DA:61,4
DA:62,4
DA:63,4
DA:64,4
DA:65,4
DA:66,4
DA:67,4
DA:68,1
DA:69,0
DA:70,0
DA:71,1
DA:72,1
DA:73,0
DA:74,0
DA:75,1
DA:76,1
DA:77,0
DA:78,0
DA:79,1
DA:80,1
DA:81,2
DA:82,2
DA:83,2
DA:84,2
DA:85,2
DA:86,2
DA:87,2
DA:88,2
DA:89,1
DA:90,1
DA:91,0
DA:92,0
DA:93,0
DA:94,0
DA:95,0
DA:96,0
DA:97,0
DA:98,0
DA:99,0
DA:100,0
DA:101,0
DA:102,0
DA:103,0
DA:104,0
DA:105,0
DA:106,0
DA:107,0
DA:108,0
DA:109,0
DA:110,0
DA:111,0
DA:112,0
DA:113,0
DA:114,0
DA:115,0
DA:116,0
DA:117,0
DA:118,0
DA:119,0
DA:120,0
DA:121,0
DA:122,0
DA:123,0
DA:124,0
DA:125,0
DA:126,0
DA:127,1
DA:128,1
DA:129,1
LF:129
LH:87
BRDA:6,0,0,4
BRDA:13,1,0,2
BRDA:18,2,0,6
BRDA:21,3,0,2
BRDA:26,4,0,1
BRDA:31,5,0,2
BRDA:40,6,0,2
BRDA:49,7,0,3
BRDA:54,8,0,4
BRDA:56,9,0,1
BRDA:80,10,0,2
BRF:11
BRH:11
end_of_record
TN:
SF:Infrastructure\Repositories\ProductRepository.js
FN:8,findById
FN:12,findByIds
FN:23,findAll
FN:27,findNameAndImageById
FN:35,save
FN:54,delete
FN:60,findByName
FN:67,findByCategory
FN:74,updateInventory
FN:84,importFromCSV
FN:89,parseLine
FN:188,normalizeName
FN:318,exportToCSV
FNF:13
FNH:13
FNDA:2,findById
FNDA:2,findByIds
FNDA:1,findAll
FNDA:2,findNameAndImageById
FNDA:2,save
FNDA:1,delete
FNDA:1,findByName
FNDA:1,findByCategory
FNDA:2,updateInventory
FNDA:7,importFromCSV
FNDA:12,parseLine
FNDA:6,normalizeName
FNDA:2,exportToCSV
DA:1,1
DA:2,1
DA:3,1
DA:4,1
DA:5,1
DA:6,1
DA:7,1
DA:8,1
DA:9,2
DA:10,2
DA:11,2
DA:12,1
DA:13,2
DA:14,1
DA:15,1
DA:16,1
DA:17,1
DA:18,1
DA:19,1
DA:20,1
DA:21,1
DA:22,1
DA:23,1
DA:24,1
DA:25,1
DA:26,1
DA:27,1
DA:28,2
DA:29,2
DA:30,1
DA:31,2
DA:32,2
DA:33,1
DA:34,1
DA:35,1
DA:36,2
DA:37,2
DA:38,1
DA:39,1
DA:40,1
DA:41,1
DA:42,1
DA:43,1
DA:44,1
DA:45,1
DA:46,1
DA:47,1
DA:48,1
DA:49,1
DA:50,1
DA:51,1
DA:52,1
DA:53,1
DA:54,1
DA:55,1
DA:56,1
DA:57,1
DA:58,1
DA:59,1
DA:60,1
DA:61,1
DA:62,1
DA:63,1
DA:64,1
DA:65,1
DA:66,1
DA:67,1
DA:68,1
DA:69,1
DA:70,1
DA:71,1
DA:72,1
DA:73,1
DA:74,1
DA:75,2
DA:76,2
DA:77,1
DA:78,1
DA:79,1
DA:80,1
DA:81,1
DA:82,1
DA:83,1
DA:84,1
DA:85,7
DA:86,7
DA:87,6
DA:88,6
DA:89,6
DA:90,12
DA:91,12
DA:92,12
DA:93,12
DA:94,280
DA:95,280
DA:96,0
DA:97,0
DA:98,280
DA:99,12
DA:100,12
DA:101,280
DA:102,268
DA:103,268
DA:104,280
DA:105,12
DA:106,12
DA:107,12
DA:108,6
DA:109,6
DA:110,6
DA:111,6
DA:112,6
DA:113,6
DA:114,6
DA:115,6
DA:116,6
DA:117,6
DA:118,6
DA:119,6
DA:120,6
DA:121,6
DA:122,6
DA:123,6
DA:124,7
DA:125,0
DA:126,0
DA:127,0
DA:128,0
DA:129,0
DA:130,0
DA:131,0
DA:132,0
DA:133,0
DA:134,0
DA:135,0
DA:136,0
DA:137,0
DA:138,0
DA:139,7
DA:140,6
DA:141,6
DA:142,6
DA:143,6
DA:144,5
DA:145,5
DA:146,5
DA:147,6
DA:148,7
DA:149,7
DA:150,7
DA:151,7
DA:152,0
DA:153,0
DA:154,0
DA:155,7
DA:156,7
DA:157,14
DA:158,14
DA:159,7
DA:160,7
DA:161,5
DA:162,5
DA:163,5
DA:164,5
DA:165,5
DA:166,5
DA:167,5
DA:168,5
DA:169,5
DA:170,5
DA:171,5
DA:172,5
DA:173,5
DA:174,5
DA:175,5
DA:176,5
DA:177,5
DA:178,5
DA:179,5
DA:180,5
DA:181,5
DA:182,5
DA:183,5
DA:184,5
DA:185,5
DA:186,5
DA:187,5
DA:188,5
DA:189,5
DA:190,7
DA:191,7
DA:192,7
DA:193,7
DA:194,7
DA:195,7
DA:196,14
DA:197,14
DA:198,14
DA:199,7
DA:200,7
DA:201,7
DA:202,7
DA:203,7
DA:204,7
DA:205,7
DA:206,0
DA:207,7
DA:208,7
DA:209,0
DA:210,7
DA:211,7
DA:212,7
DA:213,7
DA:214,7
DA:215,7
DA:216,7
DA:217,7
DA:218,7
DA:219,7
DA:220,7
DA:221,7
DA:222,7
DA:223,7
DA:224,7
DA:225,1
DA:226,1
DA:227,1
DA:228,7
DA:229,0
DA:230,0
DA:231,0
DA:232,6
DA:233,6
DA:234,6
DA:235,7
DA:236,1
DA:237,1
DA:238,1
DA:239,5
DA:240,5
DA:241,5
DA:242,5
DA:243,5
DA:244,5
DA:245,7
DA:246,0
DA:247,0
DA:248,0
DA:249,0
DA:250,5
DA:251,5
DA:252,5
DA:253,5
DA:254,5
DA:255,5
DA:256,5
DA:257,5
DA:258,5
DA:259,5
DA:260,5
DA:261,5
DA:262,5
DA:263,5
DA:264,5
DA:265,5
DA:266,5
DA:267,5
DA:268,5
DA:269,7
DA:270,2
DA:271,2
DA:272,2
DA:273,2
DA:274,2
DA:275,2
DA:276,2
DA:277,0
DA:278,0
DA:279,7
DA:280,3
DA:281,3
DA:282,3
DA:283,7
DA:284,5
DA:285,5
DA:286,5
DA:287,7
DA:288,2
DA:289,2
DA:290,1
DA:291,1
DA:292,1
DA:293,1
DA:294,1
DA:295,1
DA:296,1
DA:297,1
DA:298,1
DA:299,1
DA:300,1
DA:301,0
DA:302,0
DA:303,0
DA:304,1
DA:305,1
DA:306,2
DA:307,5
DA:308,5
DA:309,5
DA:310,5
DA:311,5
DA:312,5
DA:313,5
DA:314,5
DA:315,5
DA:316,1
DA:317,1
DA:318,1
DA:319,2
DA:320,2
DA:321,1
DA:322,1
DA:323,1
DA:324,1
DA:325,1
DA:326,1
DA:327,1
DA:328,1
DA:329,1
DA:330,1
DA:331,1
DA:332,1
DA:333,1
DA:334,1
DA:335,1
DA:336,1
DA:337,1
DA:338,1
DA:339,1
DA:340,1
DA:341,1
DA:342,1
DA:343,1
DA:344,1
DA:345,1
DA:346,1
DA:347,1
DA:348,1
DA:349,1
DA:350,1
DA:351,1
DA:352,1
DA:353,1
DA:354,1
DA:355,1
DA:356,1
DA:357,1
DA:358,1
DA:359,1
DA:360,1
DA:361,1
DA:362,1
DA:363,1
DA:364,1
DA:365,1
DA:366,1
DA:367,1
LF:367
LH:334
BRDA:8,0,0,2
BRDA:10,1,0,1
BRDA:12,2,0,2
BRDA:13,3,0,1
BRDA:23,4,0,1
BRDA:27,5,0,2
BRDA:30,6,0,1
BRDA:31,7,0,1
BRDA:35,8,0,2
BRDA:37,9,0,1
BRDA:54,10,0,1
BRDA:60,11,0,1
BRDA:67,12,0,1
BRDA:74,13,0,2
BRDA:76,14,0,1
BRDA:84,15,0,7
BRDA:86,16,0,1
BRDA:86,17,0,6
BRDA:124,18,0,0
BRDA:124,19,0,0
BRDA:139,20,0,6
BRDA:143,21,0,1
BRDA:143,22,0,5
BRDA:147,23,0,7
BRDA:151,24,0,0
BRDA:156,25,0,14
BRDA:157,26,0,0
BRDA:160,27,0,5
BRDA:161,28,0,5
BRDA:195,29,0,14
BRDA:196,30,0,0
BRDA:201,31,0,1
BRDA:204,32,0,0
BRDA:205,33,0,0
BRDA:206,34,0,0
BRDA:208,35,0,0
BRDA:209,36,0,0
BRDA:211,37,0,0
BRDA:211,38,0,0
BRDA:212,39,0,0
BRDA:212,40,0,0
BRDA:213,41,0,0
BRDA:213,42,0,0
BRDA:224,43,0,1
BRDA:227,44,0,6
BRDA:228,45,0,0
BRDA:231,46,0,6
BRDA:235,47,0,1
BRDA:238,48,0,5
BRDA:245,49,0,0
BRDA:249,50,0,5
BRDA:269,51,0,2
BRDA:276,52,0,0
BRDA:279,53,0,3
BRDA:283,54,0,5
BRDA:287,55,0,2
BRDA:289,56,0,1
BRDA:300,57,0,0
BRDA:306,58,0,5
BRDA:89,59,0,12
BRDA:93,60,0,280
BRDA:95,61,0,0
BRDA:98,62,0,12
BRDA:98,63,0,12
BRDA:101,64,0,268
BRDA:106,65,0,24
BRDA:142,66,0,13
BRDA:188,67,0,6
BRDA:188,68,0,0
BRDA:318,69,0,2
BRDA:320,70,0,1
BRDA:344,71,0,0
BRDA:345,72,0,0
BRDA:350,73,0,0
BRDA:351,74,0,0
BRDA:352,75,0,0
BRDA:353,76,0,0
BRDA:354,77,0,0
BRDA:357,78,0,0
BRDA:358,79,0,0
BRF:80
BRH:49
end_of_record
TN:
SF:Infrastructure\Repositories\RoleRepository.js
FN:6,getAllRoles
FN:11,getRoleByName
FN:16,createRole
FN:21,updateRole
FN:30,deleteRole
FNF:5
FNH:5
FNDA:2,getAllRoles
FNDA:6,getRoleByName
FNDA:1,createRole
FNDA:2,updateRole
FNDA:2,deleteRole
DA:1,1
DA:2,1
DA:3,1
DA:4,1
DA:5,1
DA:6,1
DA:7,2
DA:8,2
DA:9,1
DA:10,1
DA:11,1
DA:12,6
DA:13,6
DA:14,1
DA:15,1
DA:16,1
DA:17,1
DA:18,1
DA:19,1
DA:20,1
DA:21,1
DA:22,2
DA:23,2
DA:24,1
DA:25,1
DA:26,1
DA:27,1
DA:28,1
DA:29,1
DA:30,1
DA:31,2
DA:32,2
DA:33,1
DA:34,1
DA:35,1
DA:36,1
DA:37,1
DA:38,1
DA:39,1
DA:40,1
LF:40
LH:40
BRDA:6,0,0,2
BRDA:11,1,0,6
BRDA:16,2,0,1
BRDA:21,3,0,2
BRDA:23,4,0,1
BRDA:30,5,0,2
BRDA:32,6,0,1
BRF:7
BRH:7
end_of_record
TN:
SF:Infrastructure\Repositories\UserRepository.js
FN:8,findById
FN:12,findUserInSafeWay
FN:18,findByEmail
FN:26,findAll
FN:31,create
FN:47,update
FN:60,delete
FN:69,updatePassword
FNF:8
FNH:7
FNDA:8,findById
FNDA:0,findUserInSafeWay
FNDA:1,findByEmail
FNDA:1,findAll
FNDA:1,create
FNDA:2,update
FNDA:2,delete
FNDA:2,updatePassword
DA:1,1
DA:2,1
DA:3,1
DA:4,1
DA:5,1
DA:6,1
DA:7,1
DA:8,1
DA:9,8
DA:10,8
DA:11,1
DA:12,1
DA:13,0
DA:14,0
DA:15,0
DA:16,0
DA:17,1
DA:18,1
DA:19,1
DA:20,1
DA:21,1
DA:22,1
DA:23,1
DA:24,1
DA:25,1
DA:26,1
DA:27,1
DA:28,1
DA:29,1
DA:30,1
DA:31,1
DA:32,1
DA:33,1
DA:34,0
DA:35,0
DA:36,1
DA:37,1
DA:38,1
DA:39,1
DA:40,1
DA:41,1
DA:42,0
DA:43,0
DA:44,1
DA:45,1
DA:46,1
DA:47,1
DA:48,2
DA:49,2
DA:50,1
DA:51,1
DA:52,1
DA:53,1
DA:54,2
DA:55,0
DA:56,0
DA:57,2
DA:58,1
DA:59,1
DA:60,1
DA:61,2
DA:62,2
DA:63,1
DA:64,1
DA:65,1
DA:66,1
DA:67,1
DA:68,1
DA:69,1
DA:70,2
DA:71,2
DA:72,1
DA:73,1
DA:74,1
DA:75,1
DA:76,1
DA:77,1
DA:78,1
DA:79,1
DA:80,1
LF:80
LH:70
BRDA:8,0,0,8
BRDA:18,1,0,1
BRDA:26,2,0,1
BRDA:31,3,0,1
BRDA:33,4,0,0
BRDA:41,5,0,0
BRDA:47,6,0,2
BRDA:49,7,0,1
BRDA:54,8,0,0
BRDA:60,9,0,2
BRDA:62,10,0,1
BRDA:69,11,0,2
BRDA:71,12,0,1
BRF:13
BRH:10
end_of_record
TN:
SF:Infrastructure\database\postgres.js
FN:6,DataManager
FN:44,connect
FN:54,loadModels
FN:73,sync
FN:84,connectAndSync
FN:105,getSequelize
FNF:6
FNH:2
FNDA:43,DataManager
FNDA:0,connect
FNDA:0,loadModels
FNDA:0,sync
FNDA:0,connectAndSync
FNDA:66,getSequelize
DA:1,1
DA:2,1
DA:3,1
DA:4,1
DA:5,1
DA:6,1
DA:7,43
DA:8,43
DA:9,43
DA:10,43
DA:11,43
DA:12,43
DA:13,43
DA:14,43
DA:15,43
DA:16,43
DA:17,43
DA:18,43
DA:19,43
DA:20,43
DA:21,43
DA:22,43
DA:23,43
DA:24,43
DA:25,43
DA:26,43
DA:27,43
DA:28,43
DA:29,43
DA:30,43
DA:31,43
DA:32,43
DA:33,0
DA:34,0
DA:35,0
DA:36,43
DA:37,43
DA:38,43
DA:39,43
DA:40,43
DA:41,43
DA:42,43
DA:43,1
DA:44,1
DA:45,0
DA:46,0
DA:47,0
DA:48,0
DA:49,0
DA:50,0
DA:51,0
DA:52,0
DA:53,1
DA:54,1
DA:55,0
DA:56,0
DA:57,0
DA:58,0
DA:59,0
DA:60,0
DA:61,0
DA:62,0
DA:63,0
DA:64,0
DA:65,0
DA:66,0
DA:67,0
DA:68,0
DA:69,0
DA:70,0
DA:71,0
DA:72,1
DA:73,1
DA:74,0
DA:75,0
DA:76,0
DA:77,0
DA:78,0
DA:79,0
DA:80,0
DA:81,0
DA:82,0
DA:83,1
DA:84,1
DA:85,0
DA:86,0
DA:87,0
DA:88,0
DA:89,0
DA:90,0
DA:91,0
DA:92,0
DA:93,0
DA:94,0
DA:95,0
DA:96,0
DA:97,0
DA:98,0
DA:99,0
DA:100,0
DA:101,0
DA:102,0
DA:103,0
DA:104,1
DA:105,1
DA:106,66
DA:107,66
DA:108,1
DA:109,1
DA:110,1
DA:111,1
DA:112,1
LF:112
LH:56
BRDA:6,0,0,43
BRDA:33,1,0,0
BRDA:105,2,0,66
BRF:3
BRH:2
end_of_record
TN:
SF:Infrastructure\external\AIClient.js
FN:18,AIClient
FN:32,validateStatus
FN:36,_request
FN:68,health
FN:71,generate_email_content
FN:76,suggest_marketing_campaign
FN:81,scoreLead
FN:101,estimateConversionProb
FN:105,predictConversion
FN:112,summarize
FN:115,generateEmail
FN:120,segmentCustomer
FN:127,predictCustomerChurn
FN:134,predictCustomerCLV
FNF:14
FNH:1
FNDA:2,AIClient
FNDA:0,validateStatus
FNDA:0,_request
FNDA:0,health
FNDA:0,generate_email_content
FNDA:0,suggest_marketing_campaign
FNDA:0,scoreLead
FNDA:0,estimateConversionProb
FNDA:0,predictConversion
FNDA:0,summarize
FNDA:0,generateEmail
FNDA:0,segmentCustomer
FNDA:0,predictCustomerChurn
FNDA:0,predictCustomerCLV
DA:1,1
DA:2,1
DA:3,1
DA:4,1
DA:5,1
DA:6,1
DA:7,1
DA:8,1
DA:9,1
DA:10,1
DA:11,1
DA:12,1
DA:13,1
DA:14,1
DA:15,1
DA:16,1
DA:17,1
DA:18,1
DA:19,2
DA:20,2
DA:21,2
DA:22,2
DA:23,2
DA:24,2
DA:25,2
DA:26,2
DA:27,2
DA:28,2
DA:29,2
DA:30,2
DA:31,2
DA:32,2
DA:33,2
DA:34,2
DA:35,1
DA:36,1
DA:37,0
DA:38,0
DA:39,0
DA:40,0
DA:41,0
DA:42,0
DA:43,0
DA:44,0
DA:45,0
DA:46,0
DA:47,0
DA:48,0
DA:49,0
DA:50,0
DA:51,0
DA:52,0
DA:53,0
DA:54,0
DA:55,0
DA:56,0
DA:57,0
DA:58,0
DA:59,0
DA:60,0
DA:61,0
DA:62,0
DA:63,0
DA:64,0
DA:65,0
DA:66,1
DA:67,1
DA:68,1
DA:69,0
DA:70,0
DA:71,1
DA:72,0
DA:73,0
DA:74,0
DA:75,0
DA:76,1
DA:77,0
DA:78,0
DA:79,0
DA:80,0
DA:81,1
DA:82,0
DA:83,0
DA:84,0
DA:85,0
DA:86,0
DA:87,0
DA:88,0
DA:89,0
DA:90,0
DA:91,0
DA:92,0
DA:93,0
DA:94,0
DA:95,0
DA:96,0
DA:97,0
DA:98,0
DA:99,0
DA:100,1
DA:101,1
DA:102,0
DA:103,0
DA:104,0
DA:105,1
DA:106,0
DA:107,0
DA:108,0
DA:109,0
DA:110,0
DA:111,0
DA:112,1
DA:113,0
DA:114,0
DA:115,1
DA:116,0
DA:117,0
DA:118,1
DA:119,1
DA:120,1
DA:121,0
DA:122,0
DA:123,0
DA:124,0
DA:125,1
DA:126,1
DA:127,1
DA:128,0
DA:129,0
DA:130,0
DA:131,0
DA:132,1
DA:133,1
DA:134,1
DA:135,0
DA:136,0
DA:137,0
DA:138,0
DA:139,1
DA:140,1
DA:141,1
DA:142,1
DA:143,1
LF:143
LH:61
BRDA:18,0,0,2
BRDA:19,1,0,1
BRDA:20,2,0,0
BRF:3
BRH:2
end_of_record
TN:
SF:Infrastructure\external\EmailService.js
FN:6,EmailService
FN:22,initTransporter
FN:52,send
FNF:3
FNH:2
FNDA:1,EmailService
FNDA:1,initTransporter
FNDA:0,send
DA:1,1
DA:2,1
DA:3,1
DA:4,1
DA:5,1
DA:6,1
DA:7,1
DA:8,1
DA:9,1
DA:10,1
DA:11,1
DA:12,1
DA:13,1
DA:14,1
DA:15,1
DA:16,1
DA:17,1
DA:18,1
DA:19,1
DA:20,1
DA:21,1
DA:22,1
DA:23,1
DA:24,1
DA:25,1
DA:26,1
DA:27,1
DA:28,1
DA:29,1
DA:30,1
DA:31,1
DA:32,0
DA:33,0
DA:34,1
DA:35,1
DA:36,1
DA:37,1
DA:38,1
DA:39,1
DA:40,1
DA:41,1
DA:42,1
DA:43,1
DA:44,1
DA:45,1
DA:46,1
DA:47,1
DA:48,1
DA:49,1
DA:50,1
DA:51,1
DA:52,1
DA:53,0
DA:54,0
DA:55,0
DA:56,0
DA:57,0
DA:58,0
DA:59,0
DA:60,0
DA:61,0
DA:62,0
DA:63,0
DA:64,0
DA:65,0
DA:66,0
DA:67,0
DA:68,0
DA:69,0
DA:70,0
DA:71,0
DA:72,0
DA:73,0
DA:74,0
DA:75,0
DA:76,0
DA:77,0
DA:78,0
DA:79,0
DA:80,0
DA:81,0
DA:82,0
DA:83,0
DA:84,0
DA:85,0
DA:86,0
DA:87,0
DA:88,0
DA:89,0
DA:90,0
DA:91,0
DA:92,0
DA:93,0
DA:94,0
DA:95,0
DA:96,0
DA:97,0
DA:98,0
DA:99,0
DA:100,0
DA:101,0
DA:102,0
DA:103,0
DA:104,0
DA:105,0
DA:106,0
DA:107,0
DA:108,0
DA:109,0
DA:110,0
DA:111,0
DA:112,0
DA:113,0
DA:114,0
DA:115,0
DA:116,1
DA:117,1
DA:118,1
LF:118
LH:53
BRDA:6,0,0,1
BRDA:7,1,0,0
BRDA:8,2,0,0
BRDA:10,3,0,0
BRDA:22,4,0,1
BRDA:31,5,0,0
BRDA:39,6,0,0
BRF:7
BRH:2
end_of_record
TN:
SF:Infrastructure\external\email_templates\TemplateRenderer.js
FN:5,renderTemplate
FNF:1
FNH:0
FNDA:0,renderTemplate
DA:1,1
DA:2,1
DA:3,1
DA:4,1
DA:5,0
DA:6,0
DA:7,0
DA:8,0
DA:9,0
DA:10,0
DA:11,0
DA:12,0
DA:13,0
DA:14,0
DA:15,0
DA:16,0
DA:17,0
DA:18,0
DA:19,0
DA:20,0
DA:21,0
DA:22,0
DA:23,0
DA:24,0
DA:25,0
DA:26,0
DA:27,0
DA:28,0
DA:29,0
DA:30,0
DA:31,0
DA:32,0
DA:33,0
DA:34,0
DA:35,0
DA:36,0
DA:37,0
DA:38,0
DA:39,0
DA:40,0
DA:41,0
DA:42,0
DA:43,0
DA:44,0
DA:45,0
DA:46,0
DA:47,0
DA:48,0
DA:49,0
DA:50,0
DA:51,0
DA:52,0
DA:53,0
DA:54,0
DA:55,0
DA:56,0
DA:57,0
DA:58,0
DA:59,0
DA:60,0
DA:61,0
DA:62,0
DA:63,0
DA:64,0
DA:65,0
DA:66,0
DA:67,0
DA:68,0
DA:69,0
DA:70,0
DA:71,0
DA:72,0
DA:73,0
DA:74,0
DA:75,0
DA:76,0
DA:77,0
DA:78,0
DA:79,0
DA:80,0
DA:81,0
DA:82,0
DA:83,0
DA:84,0
DA:85,0
DA:86,0
DA:87,0
DA:88,0
DA:89,0
DA:90,0
DA:91,0
DA:92,0
DA:93,0
DA:94,0
DA:95,1
DA:96,1
LF:96
LH:6
BRF:0
BRH:0
end_of_record
TN:
SF:Infrastructure\external\email_templates\templates.js
FN:1,esc
FN:9,money
FN:20,pickFirst
FN:25,resolveTheme
FN:36,ctxName
FN:45,ctaButton
FN:59,infoCard
FN:69,renderProducts
FN:89,wrapEmail
FN:97,order_receipt
FN:126,order_confirm
FN:171,birthday
FN:217,vip_deals
FN:253,welcome
FN:290,lead_welcome
FN:330,campaign_blast
FNF:16
FNH:0
FNDA:0,esc
FNDA:0,money
FNDA:0,pickFirst
FNDA:0,resolveTheme
FNDA:0,ctxName
FNDA:0,ctaButton
FNDA:0,infoCard
FNDA:0,renderProducts
FNDA:0,wrapEmail
FNDA:0,order_receipt
FNDA:0,order_confirm
FNDA:0,birthday
FNDA:0,vip_deals
FNDA:0,welcome
FNDA:0,lead_welcome
FNDA:0,campaign_blast
DA:1,0
DA:2,0
DA:3,0
DA:4,0
DA:5,0
DA:6,0
DA:7,0
DA:8,1
DA:9,0
DA:10,0
DA:11,0
DA:12,0
DA:13,0
DA:14,0
DA:15,0
DA:16,0
DA:17,1
DA:18,1
DA:19,1
DA:20,0
DA:21,0
DA:22,0
DA:23,0
DA:24,1
DA:25,0
DA:26,0
DA:27,0
DA:28,0
DA:29,0
DA:30,0
DA:31,0
DA:32,0
DA:33,0
DA:34,0
DA:35,1
DA:36,0
DA:37,0
DA:38,0
DA:39,0
DA:40,0
DA:41,0
DA:42,0
DA:43,0
DA:44,1
DA:45,0
DA:46,0
DA:47,0
DA:48,0
DA:49,0
DA:50,0
DA:51,0
DA:52,0
DA:53,0
DA:54,0
DA:55,0
DA:56,0
DA:57,0
DA:58,1
DA:59,0
DA:60,0
DA:61,0
DA:62,0
DA:63,0
DA:64,0
DA:65,0
DA:66,0
DA:67,0
DA:68,1
DA:69,0
DA:70,0
DA:71,0
DA:72,0
DA:73,0
DA:74,0
DA:75,0
DA:76,0
DA:77,0
DA:78,0
DA:79,0
DA:80,0
DA:81,0
DA:82,0
DA:83,0
DA:84,0
DA:85,0
DA:86,0
DA:87,0
DA:88,1
DA:89,0
DA:90,0
DA:91,0
DA:92,0
DA:93,0
DA:94,1
DA:95,1
DA:96,1
DA:97,1
DA:98,0
DA:99,0
DA:100,0
DA:101,0
DA:102,0
DA:103,0
DA:104,0
DA:105,0
DA:106,0
DA:107,0
DA:108,0
DA:109,0
DA:110,0
DA:111,0
DA:112,0
DA:113,0
DA:114,0
DA:115,0
DA:116,0
DA:117,0
DA:118,0
DA:119,0
DA:120,0
DA:121,0
DA:122,0
DA:123,0
DA:124,1
DA:125,1
DA:126,1
DA:127,0
DA:128,0
DA:129,0
DA:130,0
DA:131,0
DA:132,0
DA:133,0
DA:134,0
DA:135,0
DA:136,0
DA:137,0
DA:138,0
DA:139,0
DA:140,0
DA:141,0
DA:142,0
DA:143,0
DA:144,0
DA:145,0
DA:146,0
DA:147,0
DA:148,0
DA:149,0
DA:150,0
DA:151,0
DA:152,0
DA:153,0
DA:154,0
DA:155,0
DA:156,0
DA:157,0
DA:158,0
DA:159,0
DA:160,0
DA:161,0
DA:162,0
DA:163,0
DA:164,0
DA:165,0
DA:166,0
DA:167,0
DA:168,1
DA:169,1
DA:170,1
DA:171,1
DA:172,0
DA:173,0
DA:174,0
DA:175,0
DA:176,0
DA:177,0
DA:178,0
DA:179,0
DA:180,0
DA:181,0
DA:182,0
DA:183,0
DA:184,0
DA:185,0
DA:186,0
DA:187,0
DA:188,0
DA:189,0
DA:190,0
DA:191,0
DA:192,0
DA:193,0
DA:194,0
DA:195,0
DA:196,0
DA:197,0
DA:198,0
DA:199,0
DA:200,0
DA:201,0
DA:202,0
DA:203,0
DA:204,0
DA:205,0
DA:206,0
DA:207,0
DA:208,0
DA:209,0
DA:210,0
DA:211,0
DA:212,0
DA:213,0
DA:214,0
DA:215,1
DA:216,1
DA:217,1
DA:218,0
DA:219,0
DA:220,0
DA:221,0
DA:222,0
DA:223,0
DA:224,0
DA:225,0
DA:226,0
DA:227,0
DA:228,0
DA:229,0
DA:230,0
DA:231,0
DA:232,0
DA:233,0
DA:234,0
DA:235,0
DA:236,0
DA:237,0
DA:238,0
DA:239,0
DA:240,0
DA:241,0
DA:242,0
DA:243,0
DA:244,0
DA:245,0
DA:246,0
DA:247,0
DA:248,0
DA:249,0
DA:250,1
DA:251,1
DA:252,1
DA:253,1
DA:254,0
DA:255,0
DA:256,0
DA:257,0
DA:258,0
DA:259,0
DA:260,0
DA:261,0
DA:262,0
DA:263,0
DA:264,0
DA:265,0
DA:266,0
DA:267,0
DA:268,0
DA:269,0
DA:270,0
DA:271,0
DA:272,0
DA:273,0
DA:274,0
DA:275,0
DA:276,0
DA:277,0
DA:278,0
DA:279,0
DA:280,0
DA:281,0
DA:282,0
DA:283,0
DA:284,0
DA:285,0
DA:286,0
DA:287,1
DA:288,1
DA:289,1
DA:290,1
DA:291,0
DA:292,0
DA:293,0
DA:294,0
DA:295,0
DA:296,0
DA:297,0
DA:298,0
DA:299,0
DA:300,0
DA:301,0
DA:302,0
DA:303,0
DA:304,0
DA:305,0
DA:306,0
DA:307,0
DA:308,0
DA:309,0
DA:310,0
DA:311,0
DA:312,0
DA:313,0
DA:314,0
DA:315,0
DA:316,0
DA:317,0
DA:318,0
DA:319,0
DA:320,0
DA:321,0
DA:322,0
DA:323,0
DA:324,0
DA:325,0
DA:326,0
DA:327,1
DA:328,1
DA:329,1
DA:330,1
DA:331,0
DA:332,0
DA:333,0
DA:334,0
DA:335,0
DA:336,0
DA:337,0
DA:338,0
DA:339,0
DA:340,0
DA:341,0
DA:342,0
DA:343,0
DA:344,0
DA:345,0
DA:346,0
DA:347,0
DA:348,0
DA:349,0
DA:350,0
DA:351,0
DA:352,0
DA:353,0
DA:354,0
DA:355,0
DA:356,0
DA:357,0
DA:358,0
DA:359,0
DA:360,0
DA:361,0
DA:362,0
DA:363,0
DA:364,0
DA:365,0
DA:366,0
DA:367,0
DA:368,0
DA:369,0
DA:370,0
DA:371,1
LF:371
LH:37
BRF:0
BRH:0
end_of_record
TN:
SF:Infrastructure\scheduler\automationCron.js
FN:5,parseDelayToMs
FN:21,enqueueIn
FNF:2
FNH:0
FNDA:0,parseDelayToMs
FNDA:0,enqueueIn
DA:1,1
DA:2,1
DA:3,1
DA:4,1
DA:5,0
DA:6,0
DA:7,0
DA:8,0
DA:9,0
DA:10,0
DA:11,0
DA:12,0
DA:13,0
DA:14,0
DA:15,0
DA:16,0
DA:17,0
DA:18,0
DA:19,0
DA:20,1
DA:21,0
DA:22,0
DA:23,0
DA:24,0
DA:25,0
DA:26,0
DA:27,0
DA:28,0
DA:29,0
DA:30,0
DA:31,0
DA:32,0
DA:33,0
DA:34,0
DA:35,0
DA:36,1
DA:37,1
LF:37
LH:7
BRF:0
BRH:0
end_of_record
TN:
SF:Infrastructure\utils\paymentLink.js
FN:3,signPaymentLink
FN:8,buildPaymentUrl
FN:16,createPaymentLink
FN:27,verifyPaymentLink
FNF:4
FNH:3
FNDA:1,signPaymentLink
FNDA:1,buildPaymentUrl
FNDA:1,createPaymentLink
FNDA:0,verifyPaymentLink
DA:1,1
DA:2,1
DA:3,1
DA:4,1
DA:5,1
DA:6,1
DA:7,1
DA:8,1
DA:9,1
DA:10,1
DA:11,1
DA:12,1
DA:13,1
DA:14,1
DA:15,1
DA:16,1
DA:17,1
DA:18,1
DA:19,1
DA:20,1
DA:21,1
DA:22,1
DA:23,1
DA:24,1
DA:25,1
DA:26,1
DA:27,0
DA:28,0
DA:29,0
DA:30,0
DA:31,0
DA:32,0
DA:33,0
DA:34,0
DA:35,0
DA:36,0
DA:37,0
DA:38,0
DA:39,1
DA:40,1
LF:40
LH:28
BRDA:3,0,0,1
BRDA:8,1,0,1
BRDA:16,2,0,1
BRDA:17,3,0,0
BRDA:18,4,0,0
BRF:5
BRH:3
end_of_record
